2024/03/10 11:25:56.890  [I] [parser.go:85]  /Users/bedeabbe/Desktop/projects/golang/ecommerce_item_processor/controllers no changed
2024/03/10 11:25:56.891  [I] [server.go:241]  http server Running on http://:8082
2024/03/10 11:26:45.924  [I] [parser.go:85]  /Users/bedeabbe/Desktop/projects/golang/ecommerce_item_processor/controllers no changed
2024/03/10 11:26:45.925  [I] [server.go:241]  http server Running on http://:8082
2024/03/10 11:27:53.495  [I] [parser.go:413]  generate router from comments
2024/03/10 11:27:53.497  [I] [server.go:241]  http server Running on http://:8082
2024/03/10 11:42:08.796  [I] [parser.go:85]  /Users/bedeabbe/Desktop/projects/golang/ecommerce_item_processor/controllers no changed
2024/03/10 11:42:08.796  [I] [server.go:241]  http server Running on http://:8082
2024/03/10 11:43:33.691  [I] [parser.go:85]  /Users/bedeabbe/Desktop/projects/golang/ecommerce_item_processor/controllers no changed
2024/03/10 11:43:33.691  [I] [server.go:241]  http server Running on http://:8082
2024/03/10 11:48:40.579  [I] [parser.go:413]  generate router from comments
2024/03/10 11:48:40.582  [I] [server.go:241]  http server Running on http://:8082
2024/03/10 11:52:14.787  [I] [parser.go:413]  generate router from comments
2024/03/10 11:52:14.789  [I] [server.go:241]  http server Running on http://:8082
2024/03/10 11:53:07.941  [I] [parser.go:85]  /Users/bedeabbe/Desktop/projects/golang/ecommerce_item_processor/controllers no changed
2024/03/10 11:53:07.942  [I] [server.go:241]  http server Running on http://:8082
2024/03/10 11:53:57.707  [I] [parser.go:85]  /Users/bedeabbe/Desktop/projects/golang/ecommerce_item_processor/controllers no changed
2024/03/10 11:53:57.708  [I] [server.go:241]  http server Running on http://:8082
2024/03/10 11:54:51.579  [I] [parser.go:413]  generate router from comments
2024/03/10 11:54:51.581  [I] [server.go:241]  http server Running on http://:8082
2024/03/10 11:55:32.810  [I] [parser.go:413]  generate router from comments
2024/03/10 11:55:32.813  [I] [server.go:241]  http server Running on http://:8082
2024/03/10 11:55:37.439  [I] [parser.go:413]  generate router from comments
2024/03/10 11:55:37.440  [I] [server.go:241]  http server Running on http://:8082
2024/03/10 11:56:29.240  [I] [parser.go:85]  /Users/bedeabbe/Desktop/projects/golang/ecommerce_item_processor/controllers no changed
2024/03/10 11:56:29.241  [I] [server.go:241]  http server Running on http://:8082
2024/03/10 11:58:13.929  [I] [parser.go:413]  generate router from comments
2024/03/10 11:58:13.931  [I] [server.go:241]  http server Running on http://:8082
2024/03/10 12:15:53.803  [I] [parser.go:413]  generate router from comments
2024/03/10 12:15:53.808  [I] [server.go:241]  http server Running on http://:8082
2024/03/10 12:19:01.282  [I] [parser.go:85]  /Users/bedeabbe/Desktop/projects/golang/ecommerce_item_processor/controllers no changed
2024/03/10 12:19:01.282  [I] [server.go:241]  http server Running on http://:8082
2024/03/10 12:19:35.642  [D] [router.go:955]  |            ::1|[90;47m 302 [0m|   7.021042ms|   match|[97;44m GET     [0m /swagger
2024/03/10 12:19:35.661  [D] [router.go:955]  |            ::1|[97;42m 200 [0m|   3.977459ms|   match|[97;44m GET     [0m /swagger/
2024/03/10 12:19:35.686  [D] [router.go:955]  |            ::1|[97;42m 200 [0m|   1.004583ms|   match|[97;44m GET     [0m /swagger/swagger-ui.css
2024/03/10 12:19:35.692  [D] [router.go:955]  |            ::1|[97;42m 200 [0m|   1.241792ms|   match|[97;44m GET     [0m /swagger/swagger-ui-standalone-preset.js
2024/03/10 12:19:35.693  [D] [router.go:955]  |            ::1|[97;42m 200 [0m|   2.127375ms|   match|[97;44m GET     [0m /swagger/swagger-ui-bundle.js
2024/03/10 12:19:35.899  [D] [router.go:955]  |            ::1|[97;42m 200 [0m|    686.834µs|   match|[97;44m GET     [0m /swagger/favicon-32x32.png
2024/03/10 12:19:35.902  [D] [router.go:955]  |            ::1|[97;42m 200 [0m|    771.625µs|   match|[97;44m GET     [0m /swagger/favicon-16x16.png
2024/03/10 12:20:24.177  [D] [router.go:955]  |            ::1|[97;42m 200 [0m|  14.519875ms|   match|[97;44m GET     [0m /swagger/swagger.yml
2024/03/10 12:20:38.048  [I] [parser.go:85]  /Users/bedeabbe/Desktop/projects/golang/ecommerce_item_processor/controllers no changed
2024/03/10 12:20:38.048  [I] [server.go:241]  http server Running on http://:8082
2024/03/10 12:20:43.223  [D] [router.go:955]  |            ::1|[97;42m 200 [0m|     882.25µs|   match|[97;44m GET     [0m /swagger/
2024/03/10 12:20:43.363  [D] [router.go:955]  |            ::1|[97;42m 200 [0m|    364.958µs|   match|[97;44m GET     [0m /swagger/swagger.yml
2024/03/10 12:21:15.407  [D] [router.go:955]  |            ::1|[97;42m 200 [0m| 154.924208ms|   match|[97;44m GET     [0m /v1/items/   r:/v1/items/
2024/03/10 12:21:28.687  [D] [router.go:955]  |            ::1|[97;42m 200 [0m|  35.749709ms|   match|[97;44m GET     [0m /v1/item-purposes/   r:/v1/item-purposes/
2024/03/10 12:21:49.838  [D] [router.go:955]  |            ::1|[97;42m 200 [0m|   38.05875ms|   match|[97;44m GET     [0m /v1/purposes/   r:/v1/purposes/
2024/03/10 12:22:14.869  [D] [router.go:955]  |            ::1|[97;42m 200 [0m| 105.081042ms|   match|[97;46m POST    [0m /v1/item-purposes/   r:/v1/item-purposes/
2024/03/10 12:22:46.516  [D] [router.go:955]  |            ::1|[97;42m 200 [0m|  27.190667ms|   match|[97;44m GET     [0m /v1/features/   r:/v1/features/
