0001/01/01 00:00:00.000  [M] [log.go:268]  [HTTP] http: superfluous response.WriteHeader call from github.com/beego/beego/v2/server/web/context.(*Response).WriteHeader (context.go:230)
2024/03/11 04:43:02.162  [D] [router.go:955]  |            ::1|[97;42m 200 [0m|  77.650667ms|   match|[97;44m GET     [0m /v1/categories   r:/v1/categories/
2024/03/11 04:43:02.170  [D] [router.go:955]  |            ::1|[97;42m 200 [0m|  83.812291ms|   match|[97;44m GET     [0m /v1/items/29   r:/v1/items/:id
2024/03/11 04:43:02.192  [D] [router.go:955]  |            ::1|[97;42m 200 [0m| 103.728625ms|   match|[97;44m GET     [0m /v1/item-images/29   r:/v1/item-images/:id
2024/03/11 04:43:02.198  [D] [router.go:955]  |            ::1|[97;42m 200 [0m| 109.063083ms|   match|[97;44m GET     [0m /v1/items/purposes/29   r:/v1/items/purposes/:id
2024/03/11 04:59:16.522  [I] [parser.go:413]  generate router from comments
2024/03/11 04:59:16.523  [I] [server.go:241]  http server Running on http://:8082
2024/03/11 04:59:36.249  [D] [router.go:955]  |            ::1|[97;42m 200 [0m|  30.563209ms|   match|[97;44m GET     [0m /v1/categories   r:/v1/categories/
2024/03/11 04:59:36.278  [D] [router.go:955]  |            ::1|[97;42m 200 [0m|  10.070125ms|   match|[97;44m GET     [0m /v1/features   r:/v1/features/
2024/03/11 04:59:36.282  [D] [router.go:955]  |            ::1|[97;42m 200 [0m|   2.622125ms|   match|[97;44m GET     [0m /v1/purposes   r:/v1/purposes/
2024/03/11 04:59:36.296  [D] [router.go:955]  |            ::1|[97;42m 200 [0m|  12.315084ms|   match|[97;44m GET     [0m /v1/items   r:/v1/items/
2024/03/11 04:59:36.584  [D] [router.go:955]  |            ::1|[97;42m 200 [0m|   1.416208ms|   match|[97;44m GET     [0m /v1/categories   r:/v1/categories/
2024/03/11 04:59:36.600  [D] [router.go:955]  |            ::1|[97;42m 200 [0m|  14.604542ms|   match|[97;44m GET     [0m /v1/items/purposes/29   r:/v1/items/purposes/:id
2024/03/11 04:59:36.627  [D] [router.go:955]  |            ::1|[97;42m 200 [0m|  43.813958ms|   match|[97;44m GET     [0m /v1/item-images/29   r:/v1/item-images/:id
2024/03/11 04:59:36.631  [D] [router.go:955]  |            ::1|[97;42m 200 [0m|   47.81425ms|   match|[97;44m GET     [0m /v1/items/29   r:/v1/items/:id
2024/03/11 04:59:36.634  [D] [router.go:955]  |            ::1|[97;42m 200 [0m|  49.457333ms|   match|[97;44m GET     [0m /v1/items/features/29   r:/v1/items/features/:id
2024/03/11 05:01:12.400  [D] [router.go:955]  |            ::1|[97;42m 200 [0m|  70.872125ms|   match|[97;44m GET     [0m /v1/categories   r:/v1/categories/
2024/03/11 05:01:12.433  [D] [router.go:955]  |            ::1|[97;42m 200 [0m|   8.236167ms|   match|[97;44m GET     [0m /v1/features   r:/v1/features/
2024/03/11 05:01:12.443  [D] [router.go:955]  |            ::1|[97;42m 200 [0m|    7.01075ms|   match|[97;44m GET     [0m /v1/purposes   r:/v1/purposes/
2024/03/11 05:01:12.477  [D] [router.go:955]  |            ::1|[97;42m 200 [0m|  30.725792ms|   match|[97;44m GET     [0m /v1/items   r:/v1/items/
2024/03/11 05:01:12.863  [D] [router.go:955]  |            ::1|[97;42m 200 [0m|  40.073625ms|   match|[97;44m GET     [0m /v1/categories   r:/v1/categories/
2024/03/11 05:01:12.887  [D] [router.go:955]  |            ::1|[97;42m 200 [0m|   62.45975ms|   match|[97;44m GET     [0m /v1/items/29   r:/v1/items/:id
2024/03/11 05:01:12.960  [D] [router.go:955]  |            ::1|[97;42m 200 [0m| 110.392708ms|   match|[97;44m GET     [0m /v1/item-images/29   r:/v1/item-images/:id
2024/03/11 05:01:12.961  [D] [router.go:955]  |            ::1|[97;42m 200 [0m| 105.526083ms|   match|[97;44m GET     [0m /v1/items/features/29   r:/v1/items/features/:id
2024/03/11 05:01:12.967  [D] [router.go:955]  |            ::1|[97;42m 200 [0m| 109.568792ms|   match|[97;44m GET     [0m /v1/items/purposes/29   r:/v1/items/purposes/:id
2024/03/11 05:04:54.079  [I] [parser.go:85]  /Users/bedeabbe/Desktop/projects/golang/ecommerce_item_processor/controllers no changed
2024/03/11 05:04:54.079  [I] [server.go:241]  http server Running on http://:8082
2024/03/11 05:04:58.242  [D] [router.go:955]  |            ::1|[97;42m 200 [0m|  10.734125ms|   match|[97;44m GET     [0m /v1/categories   r:/v1/categories/
2024/03/11 05:04:58.254  [D] [router.go:955]  |            ::1|[97;42m 200 [0m|   3.455292ms|   match|[97;44m GET     [0m /v1/features   r:/v1/features/
2024/03/11 05:04:58.264  [D] [router.go:955]  |            ::1|[97;42m 200 [0m|   8.170834ms|   match|[97;44m GET     [0m /v1/purposes   r:/v1/purposes/
2024/03/11 05:04:58.284  [D] [router.go:955]  |            ::1|[97;42m 200 [0m|  15.815458ms|   match|[97;44m GET     [0m /v1/items   r:/v1/items/
2024/03/11 05:04:58.494  [D] [router.go:955]  |            ::1|[97;42m 200 [0m|   2.039959ms|   match|[97;44m GET     [0m /v1/categories   r:/v1/categories/
2024/03/11 05:04:58.494  [C] [config.go:190]  the request url is  /v1/items/features/29
2024/03/11 05:04:58.494  [C] [config.go:191]  Handler crashed with error unknown field/column name `ItemIdYou`
2024/03/11 05:04:58.495  [C] [config.go:197]  /usr/local/go/src/runtime/panic.go:770
2024/03/11 05:04:58.495  [C] [config.go:197]  /Users/bedeabbe/go/pkg/mod/github.com/beego/beego/v2@v2.0.1/client/orm/db_tables.go:368
2024/03/11 05:04:58.495  [C] [config.go:197]  /Users/bedeabbe/go/pkg/mod/github.com/beego/beego/v2@v2.0.1/client/orm/db.go:1024
2024/03/11 05:04:58.495  [C] [config.go:197]  /Users/bedeabbe/go/pkg/mod/github.com/beego/beego/v2@v2.0.1/client/orm/orm_queryset.go:244
2024/03/11 05:04:58.495  [C] [config.go:197]  /Users/bedeabbe/Desktop/projects/golang/ecommerce_item_processor/models/item_features.go:52
2024/03/11 05:04:58.495  [C] [config.go:197]  /Users/bedeabbe/Desktop/projects/golang/ecommerce_item_processor/controllers/items.go:161
2024/03/11 05:04:58.495  [C] [config.go:197]  /Users/bedeabbe/go/pkg/mod/github.com/beego/beego/v2@v2.0.1/server/web/controller.go:220
2024/03/11 05:04:58.496  [C] [config.go:197]  /Users/bedeabbe/go/pkg/mod/github.com/beego/beego/v2@v2.0.1/server/web/router.go:879
2024/03/11 05:04:58.496  [C] [config.go:197]  /Users/bedeabbe/go/pkg/mod/github.com/beego/beego/v2@v2.0.1/server/web/filter.go:81
2024/03/11 05:04:58.496  [C] [config.go:197]  /Users/bedeabbe/go/pkg/mod/github.com/beego/beego/v2@v2.0.1/server/web/router.go:664
2024/03/11 05:04:58.496  [C] [config.go:197]  /usr/local/go/src/net/http/server.go:3137
2024/03/11 05:04:58.496  [C] [config.go:197]  /usr/local/go/src/net/http/server.go:2039
2024/03/11 05:04:58.496  [C] [config.go:197]  /usr/local/go/src/runtime/asm_arm64.s:1222
