0001/01/01 00:00:00.000  [M] [log.go:268]  [HTTP] http: superfluous response.WriteHeader call from github.com/beego/beego/v2/server/web/context.(*Response).WriteHeader (context.go:230)
2024/03/11 04:39:37.144  [D] [router.go:955]  |            ::1|[97;42m 200 [0m|  39.129083ms|   match|[97;44m GET     [0m /v1/items/purposes/29   r:/v1/items/purposes/:id
2024/03/11 04:39:37.144  [D] [router.go:955]  |            ::1|[97;42m 200 [0m|     40.687ms|   match|[97;44m GET     [0m /v1/item-images/29   r:/v1/item-images/:id
2024/03/11 04:39:37.153  [D] [router.go:955]  |            ::1|[97;42m 200 [0m|  50.613583ms|   match|[97;44m GET     [0m /v1/items/29   r:/v1/items/:id
2024/03/11 04:40:39.442  [I] [parser.go:85]  /Users/bedeabbe/Desktop/projects/golang/ecommerce_item_processor/controllers no changed
2024/03/11 04:40:39.442  [I] [server.go:241]  http server Running on http://:8082
2024/03/11 04:41:00.287  [I] [parser.go:413]  generate router from comments
2024/03/11 04:41:00.289  [I] [server.go:241]  http server Running on http://:8082
2024/03/11 04:41:03.330  [D] [router.go:955]  |            ::1|[97;42m 200 [0m|  16.514541ms|   match|[97;44m GET     [0m /v1/categories   r:/v1/categories/
2024/03/11 04:41:03.340  [D] [router.go:955]  |            ::1|[97;42m 200 [0m|   3.179666ms|   match|[97;44m GET     [0m /v1/features   r:/v1/features/
2024/03/11 04:41:03.344  [D] [router.go:955]  |            ::1|[97;42m 200 [0m|     2.3305ms|   match|[97;44m GET     [0m /v1/purposes   r:/v1/purposes/
2024/03/11 04:41:03.353  [D] [router.go:955]  |            ::1|[97;42m 200 [0m|   8.484709ms|   match|[97;44m GET     [0m /v1/items   r:/v1/items/
2024/03/11 04:41:03.554  [C] [config.go:190]  the request url is  /v1/items/features/29
2024/03/11 04:41:03.554  [C] [config.go:191]  Handler crashed with error wrong object type `*[]models.Item_features2` for rows scan, need *[]*item_processor/models.Item_features or *[]item_processor/models.Item_features
2024/03/11 04:41:03.554  [C] [config.go:197]  /usr/local/go/src/runtime/panic.go:770
2024/03/11 04:41:03.554  [C] [config.go:197]  /Users/bedeabbe/go/pkg/mod/github.com/beego/beego/v2@v2.0.1/client/orm/db.go:977
2024/03/11 04:41:03.555  [C] [config.go:197]  /Users/bedeabbe/go/pkg/mod/github.com/beego/beego/v2@v2.0.1/client/orm/orm_queryset.go:244
2024/03/11 04:41:03.555  [C] [config.go:197]  /Users/bedeabbe/Desktop/projects/golang/ecommerce_item_processor/models/item_features.go:52
2024/03/11 04:41:03.555  [C] [config.go:197]  /Users/bedeabbe/Desktop/projects/golang/ecommerce_item_processor/controllers/items.go:161
2024/03/11 04:41:03.555  [C] [config.go:197]  /Users/bedeabbe/go/pkg/mod/github.com/beego/beego/v2@v2.0.1/server/web/controller.go:220
2024/03/11 04:41:03.555  [C] [config.go:197]  /Users/bedeabbe/go/pkg/mod/github.com/beego/beego/v2@v2.0.1/server/web/router.go:879
2024/03/11 04:41:03.555  [C] [config.go:197]  /Users/bedeabbe/go/pkg/mod/github.com/beego/beego/v2@v2.0.1/server/web/filter.go:81
2024/03/11 04:41:03.555  [C] [config.go:197]  /Users/bedeabbe/go/pkg/mod/github.com/beego/beego/v2@v2.0.1/server/web/router.go:664
2024/03/11 04:41:03.555  [C] [config.go:197]  /usr/local/go/src/net/http/server.go:3137
2024/03/11 04:41:03.555  [C] [config.go:197]  /usr/local/go/src/net/http/server.go:2039
2024/03/11 04:41:03.555  [C] [config.go:197]  /usr/local/go/src/runtime/asm_arm64.s:1222
