2024/03/03 17:24:03.500  [D] [router.go:955]  |            ::1|[97;42m 200 [0m|     96.744ms|   match|[97;44m GET     [0m /v1/categories   r:/v1/categories/
2024/03/03 17:24:03.713  [D] [router.go:955]  |            ::1|[90;47m 304 [0m|   2.585833ms|   match|[97;44m GET     [0m /uploads/circle.jpeg
2024/03/03 17:24:03.713  [D] [router.go:955]  |            ::1|[90;47m 304 [0m|     18.584µs|   match|[97;44m GET     [0m /uploads/circle3.png
2024/03/03 17:24:03.713  [D] [router.go:955]  |            ::1|[90;47m 304 [0m|     34.041µs|   match|[97;44m GET     [0m /uploads/circle2.jpeg
2024/03/03 17:24:06.295  [D] [router.go:955]  |            ::1|[97;42m 200 [0m|  10.183291ms|   match|[97;44m GET     [0m /v1/features   r:/v1/features/
2024/03/03 17:24:06.302  [D] [router.go:955]  |            ::1|[97;42m 200 [0m|   3.680959ms|   match|[97;44m GET     [0m /v1/purposes   r:/v1/purposes/
2024/03/03 17:24:06.363  [D] [router.go:955]  |            ::1|[90;47m 304 [0m|    181.333µs|   match|[97;44m GET     [0m /uploads/brain.jpg
2024/03/03 17:24:06.363  [D] [router.go:955]  |            ::1|[90;47m 304 [0m|   1.338208ms|   match|[97;44m GET     [0m /uploads/1.jpg
2024/03/03 17:25:21.691  [D] [router.go:955]  |            ::1|[97;42m 200 [0m|  24.003625ms|   match|[97;44m GET     [0m /v1/features   r:/v1/features/
2024/03/03 17:25:21.701  [D] [router.go:955]  |            ::1|[97;42m 200 [0m|   4.343334ms|   match|[97;44m GET     [0m /v1/purposes   r:/v1/purposes/
2024/03/03 17:26:33.762  [D] [router.go:955]  |            ::1|[97;42m 200 [0m|  38.715833ms|   match|[97;44m GET     [0m /v1/features   r:/v1/features/
2024/03/03 17:26:33.770  [D] [router.go:955]  |            ::1|[97;42m 200 [0m|   3.465333ms|   match|[97;44m GET     [0m /v1/purposes   r:/v1/purposes/
2024/03/03 17:27:52.661  [D] [router.go:955]  |            ::1|[97;42m 200 [0m|  24.909209ms|   match|[97;44m GET     [0m /v1/features   r:/v1/features/
2024/03/03 17:27:52.674  [D] [router.go:955]  |            ::1|[97;42m 200 [0m|   3.536792ms|   match|[97;44m GET     [0m /v1/purposes   r:/v1/purposes/
2024/03/03 17:33:20.653  [D] [router.go:955]  |            ::1|[97;42m 200 [0m|     23.505ms|   match|[97;44m GET     [0m /v1/features   r:/v1/features/
2024/03/03 17:33:20.661  [D] [router.go:955]  |            ::1|[97;42m 200 [0m|   3.171625ms|   match|[97;44m GET     [0m /v1/purposes   r:/v1/purposes/
2024/03/03 17:45:23.849  [D] [router.go:955]  |            ::1|[97;42m 200 [0m|  79.261208ms|   match|[97;44m GET     [0m /v1/features   r:/v1/features/
2024/03/03 17:45:23.857  [D] [router.go:955]  |            ::1|[97;42m 200 [0m|   1.868792ms|   match|[97;44m GET     [0m /v1/purposes   r:/v1/purposes/
2024/03/03 17:45:44.082  [D] [router.go:955]  |            ::1|[97;42m 200 [0m|  30.778625ms|   match|[97;44m GET     [0m /v1/features   r:/v1/features/
2024/03/03 17:45:44.095  [D] [router.go:955]  |            ::1|[97;42m 200 [0m|   3.339917ms|   match|[97;44m GET     [0m /v1/purposes   r:/v1/purposes/
2024/03/03 18:46:20.412  [D] [router.go:955]  |            ::1|[97;42m 200 [0m|  100.51325ms|   match|[97;44m GET     [0m /v1/features   r:/v1/features/
2024/03/03 18:46:20.432  [D] [router.go:955]  |            ::1|[97;42m 200 [0m|   4.724875ms|   match|[97;44m GET     [0m /v1/purposes   r:/v1/purposes/
2024/03/03 18:46:41.814  [I] [features.go:38]  Data received is  Yellow
2024/03/03 18:46:41.819  [I] [features.go:45]  Failed to get the file  http: no such file
2024/03/03 18:46:41.820  [D] [router.go:955]  |            ::1|[97;42m 200 [0m|  11.225083ms|   match|[97;46m POST    [0m /v1/features   r:/v1/features/
2024/03/03 18:49:51.615  [D] [router.go:955]  |            ::1|[97;42m 200 [0m|    61.8425ms|   match|[97;44m GET     [0m /v1/features   r:/v1/features/
2024/03/03 18:49:51.635  [D] [router.go:955]  |            ::1|[97;42m 200 [0m|   6.703583ms|   match|[97;44m GET     [0m /v1/purposes   r:/v1/purposes/
2024/03/03 18:50:05.592  [I] [features.go:38]  Data received is  Yellow
2024/03/03 18:50:05.596  [I] [features.go:45]  Failed to get the file  http: no such file
2024/03/03 18:50:05.597  [D] [router.go:955]  |            ::1|[97;42m 200 [0m|  14.194333ms|   match|[97;46m POST    [0m /v1/features   r:/v1/features/
2024/03/03 18:51:37.641  [D] [router.go:955]  |            ::1|[97;42m 200 [0m|   19.74825ms|   match|[97;44m GET     [0m /v1/features   r:/v1/features/
2024/03/03 18:51:37.654  [D] [router.go:955]  |            ::1|[97;42m 200 [0m|   4.056458ms|   match|[97;44m GET     [0m /v1/purposes   r:/v1/purposes/
2024/03/03 18:52:07.451  [D] [router.go:955]  |            ::1|[97;42m 200 [0m|   6.888083ms|   match|[97;44m GET     [0m /v1/features   r:/v1/features/
2024/03/03 18:52:07.463  [D] [router.go:955]  |            ::1|[97;42m 200 [0m|   2.867042ms|   match|[97;44m GET     [0m /v1/purposes   r:/v1/purposes/
2024/03/03 18:52:17.221  [I] [features.go:38]  Data received is  Yellow
2024/03/03 18:52:17.356  [D] [router.go:955]  |            ::1|[97;42m 201 [0m| 137.553375ms|   match|[97;46m POST    [0m /v1/features   r:/v1/features/
2024/03/03 18:57:12.106  [I] [parser.go:85]  /Users/bedeabbe/Desktop/projects/golang/ecommerce_item_processor/controllers no changed
2024/03/03 18:57:12.122  [I] [server.go:241]  http server Running on http://:8081
2024/03/03 18:57:26.633  [I] [parser.go:85]  /Users/bedeabbe/Desktop/projects/golang/ecommerce_item_processor/controllers no changed
2024/03/03 18:57:26.633  [I] [server.go:241]  http server Running on http://:8081
2024/03/03 18:57:56.194  [I] [parser.go:85]  /Users/bedeabbe/Desktop/projects/golang/ecommerce_item_processor/controllers no changed
2024/03/03 18:57:56.194  [I] [server.go:241]  http server Running on http://:8081
2024/03/03 19:35:18.346  [D] [router.go:955]  |            ::1|[97;42m 200 [0m|   150.1225ms|   match|[97;44m GET     [0m /v1/features   r:/v1/features/
2024/03/03 19:35:18.519  [D] [router.go:955]  |            ::1|[97;42m 200 [0m|   8.798583ms|   match|[97;44m GET     [0m /v1/purposes   r:/v1/purposes/
2024/03/03 20:02:36.374  [D] [router.go:955]  |            ::1|[97;42m 200 [0m|  46.615583ms|   match|[97;44m GET     [0m /v1/features   r:/v1/features/
2024/03/03 20:02:36.393  [D] [router.go:955]  |            ::1|[97;42m 200 [0m|   6.423917ms|   match|[97;44m GET     [0m /v1/purposes   r:/v1/purposes/
2024/03/03 20:03:42.423  [D] [router.go:955]  |            ::1|[97;42m 200 [0m|  28.964041ms|   match|[97;44m GET     [0m /v1/features   r:/v1/features/
2024/03/03 20:03:42.432  [D] [router.go:955]  |            ::1|[97;42m 200 [0m|   1.408292ms|   match|[97;44m GET     [0m /v1/purposes   r:/v1/purposes/
2024/03/03 20:03:52.952  [D] [router.go:955]  |            ::1|[97;42m 200 [0m|  19.304833ms|   match|[97;44m GET     [0m /v1/features   r:/v1/features/
2024/03/03 20:03:52.977  [D] [router.go:955]  |            ::1|[97;42m 200 [0m|   3.737834ms|   match|[97;44m GET     [0m /v1/purposes   r:/v1/purposes/
2024/03/03 20:11:01.009  [D] [router.go:955]  |            ::1|[97;42m 200 [0m|   49.04325ms|   match|[97;44m GET     [0m /v1/features   r:/v1/features/
2024/03/03 20:11:01.024  [D] [router.go:955]  |            ::1|[97;42m 200 [0m|   3.214958ms|   match|[97;44m GET     [0m /v1/purposes   r:/v1/purposes/
