0001/01/01 00:00:00.000  [M] [log.go:268]  [HTTP] http: superfluous response.WriteHeader call from github.com/beego/beego/v2/server/web/context.(*Response).WriteHeader (context.go:230)
2024/03/11 04:37:54.894  [D] [router.go:955]  |            ::1|[97;42m 200 [0m|  33.640042ms|   match|[97;44m GET     [0m /v1/items/29   r:/v1/items/:id
2024/03/11 04:37:54.895  [D] [router.go:955]  |            ::1|[97;42m 200 [0m|     5.1355ms|   match|[97;44m GET     [0m /v1/item-images/29   r:/v1/item-images/:id
2024/03/11 04:37:54.910  [D] [router.go:955]  |            ::1|[97;42m 200 [0m|  20.755834ms|   match|[97;44m GET     [0m /v1/items/purposes/29   r:/v1/items/purposes/:id
2024/03/11 04:39:33.705  [I] [parser.go:85]  /Users/bedeabbe/Desktop/projects/golang/ecommerce_item_processor/controllers no changed
2024/03/11 04:39:33.706  [I] [server.go:241]  http server Running on http://:8082
2024/03/11 04:39:36.813  [D] [router.go:955]  |            ::1|[97;42m 200 [0m|  18.708792ms|   match|[97;44m GET     [0m /v1/categories   r:/v1/categories/
2024/03/11 04:39:36.824  [D] [router.go:955]  |            ::1|[97;42m 200 [0m|   3.278959ms|   match|[97;44m GET     [0m /v1/features   r:/v1/features/
2024/03/11 04:39:36.827  [D] [router.go:955]  |            ::1|[97;42m 200 [0m|    1.21725ms|   match|[97;44m GET     [0m /v1/purposes   r:/v1/purposes/
2024/03/11 04:39:36.839  [D] [router.go:955]  |            ::1|[97;42m 200 [0m|  11.839208ms|   match|[97;44m GET     [0m /v1/items   r:/v1/items/
2024/03/11 04:39:37.105  [C] [config.go:190]  the request url is  /v1/items/features/29
2024/03/11 04:39:37.105  [C] [config.go:191]  Handler crashed with error wrong object type `*[]models.Item_features2` for rows scan, need *[]*item_processor/models.Item_features or *[]item_processor/models.Item_features
2024/03/11 04:39:37.106  [C] [config.go:197]  /usr/local/go/src/runtime/panic.go:770
2024/03/11 04:39:37.107  [C] [config.go:197]  /Users/bedeabbe/go/pkg/mod/github.com/beego/beego/v2@v2.0.1/client/orm/db.go:977
2024/03/11 04:39:37.107  [C] [config.go:197]  /Users/bedeabbe/go/pkg/mod/github.com/beego/beego/v2@v2.0.1/client/orm/orm_queryset.go:244
2024/03/11 04:39:37.107  [C] [config.go:197]  /Users/bedeabbe/Desktop/projects/golang/ecommerce_item_processor/models/item_features.go:53
2024/03/11 04:39:37.107  [D] [router.go:955]  |            ::1|[97;42m 200 [0m|   4.354083ms|   match|[97;44m GET     [0m /v1/categories   r:/v1/categories/
2024/03/11 04:39:37.107  [C] [config.go:197]  /Users/bedeabbe/Desktop/projects/golang/ecommerce_item_processor/controllers/items.go:161
2024/03/11 04:39:37.107  [C] [config.go:197]  /Users/bedeabbe/go/pkg/mod/github.com/beego/beego/v2@v2.0.1/server/web/controller.go:220
2024/03/11 04:39:37.107  [C] [config.go:197]  /Users/bedeabbe/go/pkg/mod/github.com/beego/beego/v2@v2.0.1/server/web/router.go:879
2024/03/11 04:39:37.107  [C] [config.go:197]  /Users/bedeabbe/go/pkg/mod/github.com/beego/beego/v2@v2.0.1/server/web/filter.go:81
2024/03/11 04:39:37.107  [C] [config.go:197]  /Users/bedeabbe/go/pkg/mod/github.com/beego/beego/v2@v2.0.1/server/web/router.go:664
2024/03/11 04:39:37.107  [C] [config.go:197]  /usr/local/go/src/net/http/server.go:3137
2024/03/11 04:39:37.107  [C] [config.go:197]  /usr/local/go/src/net/http/server.go:2039
2024/03/11 04:39:37.107  [C] [config.go:197]  /usr/local/go/src/runtime/asm_arm64.s:1222
