0001/01/01 00:00:00.000  [M] [log.go:268]  [HTTP] http: superfluous response.WriteHeader call from github.com/beego/beego/v2/server/web/context.(*Response).WriteHeader (context.go:230)
2024/03/04 06:57:37.804  [I] [parser.go:413]  generate router from comments
2024/03/04 06:57:37.805  [I] [server.go:241]  http server Running on http://:8081
2024/03/04 06:57:58.916  [D] [router.go:955]  |            ::1|[97;42m 200 [0m|  15.502459ms|   match|[97;44m GET     [0m /v1/items   r:/v1/items/
2024/03/04 06:58:13.051  [D] [router.go:955]  |            ::1|[97;42m 200 [0m|  26.472666ms|   match|[97;44m GET     [0m /v1/items   r:/v1/items/
2024/03/04 09:46:38.376  [D] [router.go:955]  |            ::1|[97;42m 200 [0m|  141.34825ms|   match|[97;44m GET     [0m /v1/items   r:/v1/items/
2024/03/04 11:41:01.892  [D] [router.go:955]  |            ::1|[97;42m 200 [0m|   90.29525ms|   match|[97;44m GET     [0m /v1/items   r:/v1/items/
2024/03/04 11:41:46.443  [D] [router.go:955]  |            ::1|[97;42m 200 [0m|  18.104333ms|   match|[97;44m GET     [0m /v1/items   r:/v1/items/
2024/03/04 11:42:00.517  [D] [router.go:955]  |            ::1|[97;42m 200 [0m|   6.140833ms|   match|[97;44m GET     [0m /v1/items   r:/v1/items/
2024/03/04 11:42:15.600  [D] [router.go:955]  |            ::1|[97;42m 200 [0m|  10.071625ms|   match|[97;44m GET     [0m /v1/items   r:/v1/items/
2024/03/04 11:43:50.676  [D] [router.go:955]  |            ::1|[97;42m 200 [0m|  23.845958ms|   match|[97;44m GET     [0m /v1/items   r:/v1/items/
2024/03/04 11:44:13.562  [D] [router.go:955]  |            ::1|[97;42m 200 [0m|  22.903292ms|   match|[97;44m GET     [0m /v1/items   r:/v1/items/
2024/03/04 11:44:44.558  [D] [router.go:955]  |            ::1|[97;42m 200 [0m|   6.250125ms|   match|[97;44m GET     [0m /v1/items   r:/v1/items/
2024/03/04 11:47:07.631  [D] [router.go:955]  |            ::1|[97;42m 200 [0m|   12.74175ms|   match|[97;44m GET     [0m /v1/items   r:/v1/items/
2024/03/04 11:47:49.323  [D] [router.go:955]  |            ::1|[97;42m 200 [0m|  11.259666ms|   match|[97;44m GET     [0m /v1/items   r:/v1/items/
2024/03/04 11:48:00.504  [D] [router.go:955]  |            ::1|[97;42m 200 [0m|   5.667833ms|   match|[97;44m GET     [0m /v1/items   r:/v1/items/
2024/03/04 11:48:21.525  [D] [router.go:955]  |            ::1|[97;42m 200 [0m|   7.425375ms|   match|[97;44m GET     [0m /v1/items   r:/v1/items/
2024/03/04 11:48:42.594  [D] [router.go:955]  |            ::1|[97;42m 200 [0m|  22.654875ms|   match|[97;44m GET     [0m /v1/items   r:/v1/items/
2024/03/04 11:50:01.650  [D] [router.go:955]  |            ::1|[97;42m 200 [0m|  27.665083ms|   match|[97;44m GET     [0m /v1/items   r:/v1/items/
2024/03/04 11:56:13.519  [I] [parser.go:413]  generate router from comments
2024/03/04 11:56:13.522  [I] [server.go:241]  http server Running on http://:8081
2024/03/04 13:25:58.072  [I] [parser.go:413]  generate router from comments
2024/03/04 13:25:58.075  [I] [server.go:241]  http server Running on http://:8081
2024/03/04 13:30:06.946  [I] [parser.go:413]  generate router from comments
2024/03/04 13:30:06.949  [I] [server.go:241]  http server Running on http://:8081
2024/03/04 13:34:03.443  [D] [router.go:955]  |            ::1|[97;42m 200 [0m| 180.494209ms|   match|[97;44m GET     [0m /v1/items   r:/v1/items/
2024/03/04 13:55:49.646  [I] [parser.go:413]  generate router from comments
2024/03/04 13:55:49.648  [I] [server.go:241]  http server Running on http://:8081
2024/03/04 13:57:02.705  [I] [items.go:39]  Received  {  0 [] [] 0 0 0}
2024/03/04 13:57:02.743  [E] [items.go:97]  <QuerySeter> no row found
2024/03/04 13:57:02.745  [D] [router.go:955]  |            ::1|[97;42m 200 [0m|  44.600542ms|   match|[97;46m POST    [0m /v1/items   r:/v1/items/
2024/03/04 14:00:51.645  [D] [router.go:955]  |            ::1|[97;42m 200 [0m|  99.940583ms|   match|[97;44m GET     [0m /v1/items   r:/v1/items/
2024/03/04 14:01:16.126  [D] [router.go:955]  |            ::1|[97;42m 200 [0m|  13.365917ms|   match|[97;44m GET     [0m /v1/items   r:/v1/items/
2024/03/04 14:01:50.822  [I] [items.go:39]  Received  {  0 [] [] 0 0 0}
2024/03/04 14:01:50.839  [E] [items.go:97]  <QuerySeter> no row found
2024/03/04 14:01:50.839  [D] [router.go:955]  |            ::1|[97;42m 200 [0m|  29.572375ms|   match|[97;46m POST    [0m /v1/items   r:/v1/items/
2024/03/04 14:06:45.300  [D] [router.go:955]  |            ::1|[97;42m 200 [0m|  42.213875ms|   match|[97;44m GET     [0m /v1/categories   r:/v1/categories/
2024/03/04 14:06:45.325  [D] [router.go:955]  |            ::1|[97;42m 200 [0m|  14.338542ms|   match|[97;44m GET     [0m /v1/items   r:/v1/items/
2024/03/04 14:07:51.262  [D] [router.go:955]  |            ::1|[97;42m 200 [0m|  25.234833ms|   match|[97;44m GET     [0m /v1/categories   r:/v1/categories/
2024/03/04 14:07:51.274  [D] [router.go:955]  |            ::1|[97;42m 200 [0m|   5.939917ms|   match|[97;44m GET     [0m /v1/items   r:/v1/items/
2024/03/04 14:10:09.278  [D] [router.go:955]  |            ::1|[97;42m 200 [0m|  37.671583ms|   match|[97;44m GET     [0m /v1/categories   r:/v1/categories/
2024/03/04 14:10:09.288  [D] [router.go:955]  |            ::1|[97;42m 200 [0m|   6.240459ms|   match|[97;44m GET     [0m /v1/items   r:/v1/items/
2024/03/04 14:11:13.156  [D] [router.go:955]  |            ::1|[97;42m 200 [0m|  20.727875ms|   match|[97;44m GET     [0m /v1/categories   r:/v1/categories/
2024/03/04 14:11:13.167  [D] [router.go:955]  |            ::1|[97;42m 200 [0m|   5.979291ms|   match|[97;44m GET     [0m /v1/items   r:/v1/items/
2024/03/04 14:12:34.208  [D] [router.go:955]  |            ::1|[97;42m 200 [0m|  19.810875ms|   match|[97;44m GET     [0m /v1/categories   r:/v1/categories/
2024/03/04 14:12:34.218  [D] [router.go:955]  |            ::1|[97;42m 200 [0m|   5.385291ms|   match|[97;44m GET     [0m /v1/items   r:/v1/items/
2024/03/04 14:13:53.831  [I] [items.go:39]  Received  {  0 [] [] 0 0 0}
2024/03/04 14:13:53.854  [E] [items.go:97]  <QuerySeter> no row found
2024/03/04 14:13:53.854  [D] [router.go:955]  |            ::1|[97;42m 200 [0m|  33.560291ms|   match|[97;46m POST    [0m /v1/items   r:/v1/items/
2024/03/04 14:23:37.473  [D] [router.go:955]  |            ::1|[97;42m 200 [0m| 102.753417ms|   match|[97;44m GET     [0m /v1/categories   r:/v1/categories/
2024/03/04 14:23:37.525  [D] [router.go:955]  |            ::1|[97;42m 200 [0m|  15.670333ms|   match|[97;44m GET     [0m /v1/items   r:/v1/items/
2024/03/04 14:24:04.018  [D] [router.go:955]  |            ::1|[97;42m 200 [0m|    4.22125ms| nomatch|[90;47m OPTIONS [0m /v1/items
2024/03/04 14:24:48.253  [D] [router.go:955]  |            ::1|[97;42m 200 [0m|   40.24325ms|   match|[97;44m GET     [0m /v1/categories   r:/v1/categories/
2024/03/04 14:24:48.268  [D] [router.go:955]  |            ::1|[97;42m 200 [0m|   6.244625ms|   match|[97;44m GET     [0m /v1/items   r:/v1/items/
2024/03/04 14:25:09.594  [D] [router.go:955]  |            ::1|[97;42m 200 [0m|   1.934292ms| nomatch|[90;47m OPTIONS [0m /v1/items
2024/03/04 14:32:56.617  [D] [router.go:955]  |            ::1|[97;42m 200 [0m|  50.295625ms|   match|[97;44m GET     [0m /v1/categories   r:/v1/categories/
2024/03/04 14:32:56.639  [D] [router.go:955]  |            ::1|[97;42m 200 [0m|     16.101ms|   match|[97;44m GET     [0m /v1/items   r:/v1/items/
2024/03/04 14:33:15.394  [D] [router.go:955]  |            ::1|[97;42m 200 [0m|   2.408083ms| nomatch|[90;47m OPTIONS [0m /v1/items
2024/03/04 14:34:31.275  [D] [router.go:955]  |            ::1|[97;42m 200 [0m| 108.299584ms|   match|[97;44m GET     [0m /v1/categories   r:/v1/categories/
2024/03/04 14:34:31.300  [D] [router.go:955]  |            ::1|[97;42m 200 [0m|   12.93025ms|   match|[97;44m GET     [0m /v1/items   r:/v1/items/
2024/03/04 14:35:10.674  [D] [router.go:955]  |            ::1|[97;42m 200 [0m|    2.30275ms| nomatch|[90;47m OPTIONS [0m /v1/items
2024/03/04 14:36:57.186  [D] [router.go:955]  |            ::1|[97;42m 200 [0m|  34.207042ms|   match|[97;44m GET     [0m /v1/categories   r:/v1/categories/
2024/03/04 14:36:57.197  [D] [router.go:955]  |            ::1|[97;42m 200 [0m|   5.164083ms|   match|[97;44m GET     [0m /v1/items   r:/v1/items/
2024/03/04 14:38:25.652  [I] [parser.go:85]  /Users/bedeabbe/Desktop/projects/golang/ecommerce_item_processor/controllers no changed
2024/03/04 14:38:25.654  [I] [server.go:241]  http server Running on http://:8081
2024/03/04 14:38:41.516  [D] [router.go:955]  |            ::1|[97;42m 200 [0m|    193.292µs| nomatch|[90;47m OPTIONS [0m /v1/items
2024/03/04 14:42:01.271  [I] [parser.go:85]  /Users/bedeabbe/Desktop/projects/golang/ecommerce_item_processor/controllers no changed
2024/03/04 14:42:01.271  [I] [server.go:241]  http server Running on http://:8081
2024/03/04 14:42:38.754  [I] [parser.go:85]  /Users/bedeabbe/Desktop/projects/golang/ecommerce_item_processor/controllers no changed
2024/03/04 14:42:38.754  [I] [server.go:241]  http server Running on http://:8081
2024/03/04 14:42:51.178  [I] [parser.go:85]  /Users/bedeabbe/Desktop/projects/golang/ecommerce_item_processor/controllers no changed
2024/03/04 14:42:51.178  [I] [server.go:241]  http server Running on http://:8081
2024/03/04 14:42:55.828  [D] [router.go:955]  |            ::1|[97;42m 200 [0m|    181.334µs| nomatch|[90;47m OPTIONS [0m /v1/items
2024/03/04 14:43:05.467  [D] [router.go:955]  |            ::1|[97;42m 200 [0m| 149.241875ms|   match|[97;44m GET     [0m /v1/categories   r:/v1/categories/
2024/03/04 14:43:05.490  [D] [router.go:955]  |            ::1|[97;42m 200 [0m|  13.974458ms|   match|[97;44m GET     [0m /v1/items   r:/v1/items/
2024/03/04 14:43:25.500  [D] [router.go:955]  |            ::1|[97;42m 200 [0m|     554.75µs| nomatch|[90;47m OPTIONS [0m /v1/items
2024/03/04 14:43:25.512  [I] [items.go:39]  Received  {Peakaboo test 0 [12 14 15] [brown yellow] 0 0 0}
2024/03/04 14:43:25.543  [E] [items.go:97]  <QuerySeter> no row found
2024/03/04 14:43:25.545  [D] [router.go:955]  |            ::1|[97;42m 200 [0m|   41.20625ms|   match|[97;46m POST    [0m /v1/items   r:/v1/items/
2024/03/04 14:46:28.560  [D] [router.go:955]  |            ::1|[97;42m 200 [0m|  64.758375ms|   match|[97;44m GET     [0m /v1/categories   r:/v1/categories/
2024/03/04 14:46:28.571  [D] [router.go:955]  |            ::1|[97;42m 200 [0m|   5.993709ms|   match|[97;44m GET     [0m /v1/items   r:/v1/items/
2024/03/04 14:46:57.459  [D] [router.go:955]  |            ::1|[97;42m 200 [0m|   1.734625ms| nomatch|[90;47m OPTIONS [0m /v1/items
2024/03/04 14:46:57.467  [I] [items.go:39]  Received  {Peakaboo test 0 [12 14 15] [brown yellow] 0 0 0}
2024/03/04 14:46:57.488  [E] [items.go:97]  <QuerySeter> no row found
2024/03/04 14:46:57.488  [D] [router.go:955]  |            ::1|[97;42m 200 [0m|  23.950292ms|   match|[97;46m POST    [0m /v1/items   r:/v1/items/
2024/03/04 14:49:06.369  [D] [router.go:955]  |            ::1|[97;42m 200 [0m|  54.876625ms|   match|[97;44m GET     [0m /v1/categories   r:/v1/categories/
2024/03/04 14:49:06.390  [D] [router.go:955]  |            ::1|[97;42m 200 [0m|  12.163833ms|   match|[97;44m GET     [0m /v1/items   r:/v1/items/
2024/03/04 14:49:30.239  [D] [router.go:955]  |            ::1|[97;42m 200 [0m|     20.593ms|   match|[97;44m GET     [0m /v1/categories   r:/v1/categories/
2024/03/04 14:49:30.250  [D] [router.go:955]  |            ::1|[97;42m 200 [0m|   3.725916ms|   match|[97;44m GET     [0m /v1/items   r:/v1/items/
2024/03/04 14:49:48.363  [D] [router.go:955]  |            ::1|[97;42m 200 [0m|   1.951708ms| nomatch|[90;47m OPTIONS [0m /v1/items
2024/03/04 14:49:48.382  [I] [items.go:39]  Received  {Peakaboo test 16 [12 14 15] [brown yellow] 10 54 1}
2024/03/04 14:49:48.416  [I] [currencies.go:43]  Currency returned is  &{1 ₵ Cedi 1 0001-01-01 00:00:00 +0000 UTC 2023-10-30 11:00:31 +0000 GMT 1 0}
2024/03/04 14:49:48.416  [I] [items.go:59]  Adding price to item to create at a go
2024/03/04 14:49:48.465  [D] [router.go:955]  |            ::1|[97;42m 201 [0m|  94.505542ms|   match|[97;46m POST    [0m /v1/items   r:/v1/items/
2024/03/04 14:49:48.511  [D] [router.go:955]  |            ::1|[97;42m 200 [0m|   3.261084ms|   match|[97;44m GET     [0m /v1/categories   r:/v1/categories/
2024/03/04 14:49:48.517  [D] [router.go:955]  |            ::1|[97;42m 200 [0m|     2.0465ms|   match|[97;44m GET     [0m /v1/items   r:/v1/items/
2024/03/04 14:51:11.404  [D] [router.go:955]  |            ::1|[97;42m 200 [0m|  34.442708ms|   match|[97;44m GET     [0m /v1/categories   r:/v1/categories/
2024/03/04 14:51:11.412  [D] [router.go:955]  |            ::1|[97;42m 200 [0m|   3.993417ms|   match|[97;44m GET     [0m /v1/items   r:/v1/items/
2024/03/04 14:51:28.429  [D] [router.go:955]  |            ::1|[97;42m 200 [0m|   4.575459ms| nomatch|[90;47m OPTIONS [0m /v1/items
2024/03/04 14:51:28.442  [I] [items.go:39]  Received  {Peakaboo test 16 [12 14 15] [brown yellow] 10 54 1}
2024/03/04 14:51:28.477  [I] [currencies.go:43]  Currency returned is  &{1 ₵ Cedi 1 0001-01-01 00:00:00 +0000 UTC 2023-10-30 11:00:31 +0000 GMT 1 0}
2024/03/04 14:51:28.477  [I] [items.go:59]  Adding price to item to create at a go
2024/03/04 14:51:28.504  [D] [router.go:955]  |            ::1|[97;42m 201 [0m|  66.399833ms|   match|[97;46m POST    [0m /v1/items   r:/v1/items/
2024/03/04 14:53:46.454  [D] [router.go:955]  |            ::1|[97;42m 200 [0m|  51.496542ms|   match|[97;44m GET     [0m /v1/categories   r:/v1/categories/
2024/03/04 14:53:46.478  [D] [router.go:955]  |            ::1|[97;42m 200 [0m|  12.153209ms|   match|[97;44m GET     [0m /v1/items   r:/v1/items/
2024/03/04 14:56:11.452  [D] [router.go:955]  |            ::1|[97;42m 200 [0m|  68.805625ms|   match|[97;44m GET     [0m /v1/categories   r:/v1/categories/
2024/03/04 14:56:11.471  [D] [router.go:955]  |            ::1|[97;42m 200 [0m|  11.929875ms|   match|[97;44m GET     [0m /v1/items   r:/v1/items/
2024/03/04 14:56:21.117  [D] [router.go:955]  |            ::1|[97;42m 200 [0m|   4.251375ms|   match|[97;44m GET     [0m /v1/categories   r:/v1/categories/
2024/03/04 14:56:21.216  [D] [router.go:955]  |            ::1|[97;42m 200 [0m|   4.004708ms|   match|[97;44m GET     [0m /v1/items   r:/v1/items/
2024/03/04 14:56:28.087  [D] [router.go:955]  |            ::1|[97;42m 200 [0m|  15.361708ms|   match|[97;44m GET     [0m /v1/categories   r:/v1/categories/
2024/03/04 14:56:28.092  [D] [router.go:955]  |            ::1|[97;42m 200 [0m|   3.194334ms|   match|[97;44m GET     [0m /v1/items   r:/v1/items/
2024/03/04 14:56:46.057  [D] [router.go:955]  |            ::1|[97;42m 200 [0m|      5.559ms| nomatch|[90;47m OPTIONS [0m /v1/items
2024/03/04 14:56:46.071  [I] [items.go:39]  Received  {Peakaboo test 16 [12 14 15] [brown yellow] 10 54 1}
2024/03/04 14:56:46.102  [I] [currencies.go:43]  Currency returned is  &{1 ₵ Cedi 1 0001-01-01 00:00:00 +0000 UTC 2023-10-30 11:00:31 +0000 GMT 1 0}
2024/03/04 14:56:46.102  [I] [items.go:59]  Adding price to item to create at a go
2024/03/04 14:56:46.134  [D] [router.go:955]  |            ::1|[97;42m 201 [0m|  64.517167ms|   match|[97;46m POST    [0m /v1/items   r:/v1/items/
2024/03/04 14:58:14.277  [D] [router.go:955]  |            ::1|[97;42m 200 [0m|     29.479ms|   match|[97;44m GET     [0m /v1/categories   r:/v1/categories/
2024/03/04 14:58:14.293  [D] [router.go:955]  |            ::1|[97;42m 200 [0m|   7.857333ms|   match|[97;44m GET     [0m /v1/items   r:/v1/items/
2024/03/04 14:58:48.322  [D] [router.go:955]  |            ::1|[97;42m 200 [0m|   5.769709ms| nomatch|[90;47m OPTIONS [0m /v1/items
2024/03/04 14:58:48.332  [I] [items.go:39]  Received  {Peakaboo test 17 [12 14 15] [brown yellow] 10 54 1}
2024/03/04 14:58:48.364  [I] [currencies.go:43]  Currency returned is  &{1 ₵ Cedi 1 0001-01-01 00:00:00 +0000 UTC 2023-10-30 11:00:31 +0000 GMT 1 0}
2024/03/04 14:58:48.364  [I] [items.go:59]  Adding price to item to create at a go
2024/03/04 14:58:48.385  [D] [router.go:955]  |            ::1|[97;42m 201 [0m|  56.334792ms|   match|[97;46m POST    [0m /v1/items   r:/v1/items/
2024/03/04 14:58:48.396  [I] [item_images.go:40]  Data received is  
2024/03/04 14:58:48.396  [E] [item_images.go:60]  Error saving file http: no such file
2024/03/04 14:58:48.397  [D] [router.go:955]  |            ::1|[97;41m 500 [0m|   1.514542ms|   match|[97;46m POST    [0m /v1/item-images   r:/v1/item-images/
2024/03/04 15:01:04.559  [D] [router.go:955]  |            ::1|[97;42m 200 [0m| 104.144583ms|   match|[97;44m GET     [0m /v1/categories   r:/v1/categories/
2024/03/04 15:01:04.601  [D] [router.go:955]  |            ::1|[97;42m 200 [0m|  33.653458ms|   match|[97;44m GET     [0m /v1/items   r:/v1/items/
2024/03/04 15:22:00.728  [D] [router.go:955]  |            ::1|[97;42m 200 [0m|  138.98175ms|   match|[97;44m GET     [0m /v1/categories   r:/v1/categories/
2024/03/04 15:22:00.804  [D] [router.go:955]  |            ::1|[97;42m 200 [0m|  42.912042ms|   match|[97;44m GET     [0m /v1/items   r:/v1/items/
2024/03/04 15:22:34.765  [D] [router.go:955]  |            ::1|[97;42m 200 [0m|   1.688291ms| nomatch|[90;47m OPTIONS [0m /v1/items
2024/03/04 15:22:34.776  [I] [items.go:39]  Received  {Gensen spicy 17 [12 14 15] [brown yellow] 4 12 1}
2024/03/04 15:22:34.808  [I] [currencies.go:43]  Currency returned is  &{1 ₵ Cedi 1 0001-01-01 00:00:00 +0000 UTC 2023-10-30 11:00:31 +0000 GMT 1 0}
2024/03/04 15:22:34.808  [I] [items.go:59]  Adding price to item to create at a go
2024/03/04 15:22:34.850  [D] [router.go:955]  |            ::1|[97;42m 201 [0m|  76.042459ms|   match|[97;46m POST    [0m /v1/items   r:/v1/items/
2024/03/04 15:22:34.859  [I] [item_images.go:40]  Data received is  
2024/03/04 15:22:34.859  [E] [item_images.go:47]  Failed to get the file  http: no such file
2024/03/04 15:22:34.859  [D] [router.go:955]  |            ::1|[97;42m 200 [0m|   1.268084ms|   match|[97;46m POST    [0m /v1/item-images   r:/v1/item-images/
2024/03/04 15:23:44.477  [I] [parser.go:413]  generate router from comments
2024/03/04 15:23:44.479  [I] [server.go:241]  http server Running on http://:8081
2024/03/04 15:24:13.546  [I] [parser.go:413]  generate router from comments
2024/03/04 15:24:13.546  [I] [server.go:241]  http server Running on http://:8081
2024/03/04 15:24:26.065  [I] [parser.go:413]  generate router from comments
2024/03/04 15:24:26.067  [I] [server.go:241]  http server Running on http://:8081
2024/03/04 15:24:29.183  [D] [router.go:955]  |            ::1|[97;42m 200 [0m|    387.667µs| nomatch|[90;47m OPTIONS [0m /v1/items
2024/03/04 15:24:29.189  [I] [items.go:39]  Received  {Gensen spicy 17 [12 14 15] [brown yellow] 4 12 1}
2024/03/04 15:24:29.217  [I] [currencies.go:43]  Currency returned is  &{1 ₵ Cedi 1 0001-01-01 00:00:00 +0000 UTC 2023-10-30 11:00:31 +0000 GMT 1 0}
2024/03/04 15:24:29.217  [I] [items.go:59]  Adding price to item to create at a go
2024/03/04 15:24:29.247  [D] [router.go:955]  |            ::1|[97;42m 201 [0m|  58.762125ms|   match|[97;46m POST    [0m /v1/items   r:/v1/items/
2024/03/04 15:24:29.261  [I] [item_images.go:40]  Data received is  16
2024/03/04 15:24:29.261  [I] [item_images.go:43]  Data received is  []
2024/03/04 15:24:29.261  [E] [item_images.go:48]  Failed to get the file  http: no such file
2024/03/04 15:24:29.261  [D] [router.go:955]  |            ::1|[97;42m 200 [0m|    581.333µs|   match|[97;46m POST    [0m /v1/item-images   r:/v1/item-images/
2024/03/04 15:28:30.760  [D] [router.go:955]  |            ::1|[97;42m 200 [0m|  89.922333ms|   match|[97;44m GET     [0m /v1/categories   r:/v1/categories/
2024/03/04 15:28:30.818  [D] [router.go:955]  |            ::1|[97;42m 200 [0m|  29.697625ms|   match|[97;44m GET     [0m /v1/items   r:/v1/items/
2024/03/04 15:28:57.905  [D] [router.go:955]  |            ::1|[97;42m 200 [0m|   1.240375ms| nomatch|[90;47m OPTIONS [0m /v1/items
2024/03/04 15:28:57.912  [I] [items.go:39]  Received  {Gensen test 18 [12 14 15] [brown yellow] 10 12 1}
2024/03/04 15:28:57.940  [I] [currencies.go:43]  Currency returned is  &{1 ₵ Cedi 1 0001-01-01 00:00:00 +0000 UTC 2023-10-30 11:00:31 +0000 GMT 1 0}
2024/03/04 15:28:57.940  [I] [items.go:59]  Adding price to item to create at a go
2024/03/04 15:28:57.964  [D] [router.go:955]  |            ::1|[97;42m 201 [0m|     53.844ms|   match|[97;46m POST    [0m /v1/items   r:/v1/items/
2024/03/04 15:28:57.969  [I] [item_images.go:40]  Data received is  17
2024/03/04 15:28:57.969  [I] [item_images.go:43]  Data received is  []
2024/03/04 15:28:57.969  [E] [item_images.go:48]  Failed to get the file  http: no such file
2024/03/04 15:28:57.969  [D] [router.go:955]  |            ::1|[97;42m 200 [0m|    187.959µs|   match|[97;46m POST    [0m /v1/item-images   r:/v1/item-images/
2024/03/04 16:31:01.095  [I] [parser.go:413]  generate router from comments
2024/03/04 16:31:01.097  [I] [server.go:241]  http server Running on http://:8081
2024/03/04 16:40:35.056  [I] [parser.go:413]  generate router from comments
2024/03/04 16:40:35.059  [I] [server.go:241]  http server Running on http://:8081
2024/03/04 16:55:42.708  [D] [router.go:955]  |            ::1|[97;42m 200 [0m|  64.757875ms|   match|[97;44m GET     [0m /v1/categories   r:/v1/categories/
2024/03/04 16:55:42.757  [D] [router.go:955]  |            ::1|[97;42m 200 [0m|  38.050208ms|   match|[97;44m GET     [0m /v1/items   r:/v1/items/
2024/03/04 16:56:55.250  [D] [router.go:955]  |            ::1|[97;42m 200 [0m|   2.221417ms| nomatch|[90;47m OPTIONS [0m /v1/items
2024/03/04 16:56:55.266  [I] [items.go:39]  Received  {Reward Spice mix 17 [12 14 15] [brown yellow] 150 40 1}
2024/03/04 16:56:55.295  [I] [currencies.go:43]  Currency returned is  &{1 ₵ Cedi 1 0001-01-01 00:00:00 +0000 UTC 2023-10-30 11:00:31 +0000 GMT 1 0}
2024/03/04 16:56:55.295  [I] [items.go:59]  Adding price to item to create at a go
2024/03/04 16:56:55.345  [D] [router.go:955]  |            ::1|[97;42m 201 [0m|  85.353292ms|   match|[97;46m POST    [0m /v1/items   r:/v1/items/
2024/03/04 16:56:55.355  [I] [item_images.go:40]  Data received is  18
2024/03/04 16:56:55.355  [I] [item_images.go:43]  Data received is  {0x140000daba0 <nil>}
2024/03/04 16:56:55.356  [I] [item_images.go:40]  Data received is  18
2024/03/04 16:56:55.356  [I] [item_images.go:43]  Data received is  {0x140003012f0 <nil>}
2024/03/04 16:56:55.358  [C] [config.go:190]  the request url is  /v1/item-images
2024/03/04 16:56:55.358  [C] [config.go:191]  Handler crashed with error strconv.ParseInt: parsing "": invalid syntax
2024/03/04 16:56:55.358  [C] [config.go:190]  the request url is  /v1/item-images
2024/03/04 16:56:55.358  [C] [config.go:191]  Handler crashed with error strconv.ParseInt: parsing "": invalid syntax
2024/03/04 16:56:55.358  [C] [config.go:197]  /usr/local/go/src/runtime/panic.go:770
2024/03/04 16:56:55.358  [C] [config.go:197]  /usr/local/go/src/runtime/panic.go:770
2024/03/04 16:56:55.358  [C] [config.go:197]  /Users/bedeabbe/Desktop/projects/golang/ecommerce_item_processor/controllers/item_images.go:73
2024/03/04 16:56:55.358  [C] [config.go:197]  /Users/bedeabbe/go/pkg/mod/github.com/beego/beego/v2@v2.0.1/server/web/controller.go:220
2024/03/04 16:56:55.358  [C] [config.go:197]  /Users/bedeabbe/Desktop/projects/golang/ecommerce_item_processor/controllers/item_images.go:73
2024/03/04 16:56:55.358  [C] [config.go:197]  /Users/bedeabbe/go/pkg/mod/github.com/beego/beego/v2@v2.0.1/server/web/router.go:879
2024/03/04 16:56:55.359  [C] [config.go:197]  /Users/bedeabbe/go/pkg/mod/github.com/beego/beego/v2@v2.0.1/server/web/filter.go:81
2024/03/04 16:56:55.359  [C] [config.go:197]  /Users/bedeabbe/go/pkg/mod/github.com/beego/beego/v2@v2.0.1/server/web/router.go:664
2024/03/04 16:56:55.359  [C] [config.go:197]  /usr/local/go/src/net/http/server.go:3137
2024/03/04 16:56:55.359  [C] [config.go:197]  /usr/local/go/src/net/http/server.go:2039
2024/03/04 16:56:55.359  [C] [config.go:197]  /Users/bedeabbe/go/pkg/mod/github.com/beego/beego/v2@v2.0.1/server/web/controller.go:220
2024/03/04 16:56:55.359  [C] [config.go:197]  /Users/bedeabbe/go/pkg/mod/github.com/beego/beego/v2@v2.0.1/server/web/router.go:879
2024/03/04 16:56:55.359  [C] [config.go:197]  /Users/bedeabbe/go/pkg/mod/github.com/beego/beego/v2@v2.0.1/server/web/filter.go:81
2024/03/04 16:56:55.359  [C] [config.go:197]  /usr/local/go/src/runtime/asm_arm64.s:1222
2024/03/04 16:56:55.359  [C] [config.go:197]  /Users/bedeabbe/go/pkg/mod/github.com/beego/beego/v2@v2.0.1/server/web/router.go:664
2024/03/04 16:56:55.360  [C] [config.go:197]  /usr/local/go/src/net/http/server.go:3137
2024/03/04 16:56:55.360  [C] [config.go:197]  /usr/local/go/src/net/http/server.go:2039
2024/03/04 16:56:55.360  [C] [config.go:197]  /usr/local/go/src/runtime/asm_arm64.s:1222
