0001/01/01 00:00:00.000  [M] [log.go:268]  [HTTP] http: superfluous response.WriteHeader call from github.com/beego/beego/v2/server/web/context.(*Response).WriteHeader (context.go:230)
2024/03/07 10:30:40.617  [I] [parser.go:413]  generate router from comments
2024/03/07 10:30:40.619  [I] [server.go:241]  http server Running on http://:8081
2024/03/07 10:30:53.339  [D] [router.go:955]  |            ::1|[97;42m 200 [0m|  74.496292ms|   match|[97;44m GET     [0m /v1/items/quantity/29   r:/v1/items/quantity/:id
2024/03/07 10:31:26.833  [D] [router.go:955]  |            ::1|[97;42m 200 [0m|   2.579667ms| nomatch|[90;47m OPTIONS [0m /v1/item-images/28
2024/03/07 10:31:26.833  [D] [router.go:955]  |            ::1|[97;42m 200 [0m|   3.036625ms| nomatch|[90;47m OPTIONS [0m /v1/items/28
2024/03/07 10:31:26.833  [D] [router.go:955]  |            ::1|[97;42m 200 [0m|   2.550125ms| nomatch|[90;47m OPTIONS [0m /v1/items/
2024/03/07 10:31:26.833  [D] [router.go:955]  |            ::1|[97;42m 200 [0m|   2.561667ms| nomatch|[90;47m OPTIONS [0m /v1/item-images/
2024/03/07 10:31:26.920  [D] [router.go:955]  |            ::1|[97;42m 200 [0m|  79.939041ms|   match|[97;44m GET     [0m /v1/items/28   r:/v1/items/:id
2024/03/07 10:31:26.924  [D] [router.go:955]  |            ::1|[97;42m 200 [0m|  83.756708ms|   match|[97;44m GET     [0m /v1/item-images/   r:/v1/item-images/
2024/03/07 10:31:26.934  [D] [router.go:955]  |            ::1|[97;42m 200 [0m|     93.865ms|   match|[97;44m GET     [0m /v1/item-images/28   r:/v1/item-images/:id
2024/03/07 10:31:26.953  [D] [router.go:955]  |            ::1|[97;42m 200 [0m|  113.22925ms|   match|[97;44m GET     [0m /v1/items/   r:/v1/items/
2024/03/07 10:31:29.555  [D] [router.go:955]  |            ::1|[97;42m 200 [0m|  29.842208ms|   match|[97;44m GET     [0m /v1/item-images/   r:/v1/item-images/
2024/03/07 10:31:29.561  [D] [router.go:955]  |            ::1|[97;42m 200 [0m|  39.104917ms|   match|[97;44m GET     [0m /v1/items/   r:/v1/items/
2024/03/07 10:31:29.580  [D] [router.go:955]  |            ::1|[97;42m 200 [0m|  32.384959ms|   match|[97;44m GET     [0m /v1/item-images/28   r:/v1/item-images/:id
2024/03/07 10:31:29.586  [D] [router.go:955]  |            ::1|[97;42m 200 [0m|  38.348959ms|   match|[97;44m GET     [0m /v1/items/28   r:/v1/items/:id
2024/03/07 10:32:51.451  [D] [router.go:955]  |            ::1|[97;42m 200 [0m|   5.670125ms| nomatch|[90;47m OPTIONS [0m /v1/items/quantity/28
2024/03/07 10:32:51.452  [D] [router.go:955]  |            ::1|[97;42m 200 [0m|   5.949792ms| nomatch|[90;47m OPTIONS [0m /v1/item-images/28
2024/03/07 10:32:51.453  [D] [router.go:955]  |            ::1|[97;42m 200 [0m|    7.35575ms| nomatch|[90;47m OPTIONS [0m /v1/item-images/
2024/03/07 10:32:51.454  [D] [router.go:955]  |            ::1|[97;42m 200 [0m|   7.736583ms| nomatch|[90;47m OPTIONS [0m /v1/items/28
2024/03/07 10:32:51.453  [D] [router.go:955]  |            ::1|[97;42m 200 [0m|   7.227458ms| nomatch|[90;47m OPTIONS [0m /v1/items/
2024/03/07 10:32:51.450  [D] [router.go:955]  |            ::1|[97;42m 200 [0m|   3.020333ms| nomatch|[90;47m OPTIONS [0m /v1/items/quantity/
2024/03/07 10:32:51.489  [D] [router.go:955]  |            ::1|[97;42m 200 [0m|  31.557917ms|   match|[97;44m GET     [0m /v1/items/quantity/28   r:/v1/items/quantity/:id
2024/03/07 10:32:51.491  [D] [router.go:955]  |            ::1|[97;42m 200 [0m|  34.155958ms|   match|[97;44m GET     [0m /v1/items/28   r:/v1/items/:id
2024/03/07 10:32:51.501  [D] [router.go:955]  |            ::1|[97;42m 200 [0m|  44.127333ms|   match|[97;44m GET     [0m /v1/item-images/   r:/v1/item-images/
2024/03/07 10:32:51.503  [D] [router.go:955]  |            ::1|[97;42m 200 [0m|  45.211417ms|   match|[97;44m GET     [0m /v1/item-images/28   r:/v1/item-images/:id
2024/03/07 10:32:51.503  [D] [router.go:955]  |            ::1|[97;42m 200 [0m|  45.921542ms|   match|[97;44m GET     [0m /v1/items/quantity/   r:/v1/items/:id
2024/03/07 10:32:51.512  [D] [router.go:955]  |            ::1|[97;42m 200 [0m|  54.232375ms|   match|[97;44m GET     [0m /v1/items/   r:/v1/items/
2024/03/07 10:32:52.834  [D] [router.go:955]  |            ::1|[97;42m 200 [0m|   22.42825ms|   match|[97;44m GET     [0m /v1/items/quantity/   r:/v1/items/:id
2024/03/07 10:32:52.840  [D] [router.go:955]  |            ::1|[97;42m 200 [0m|  30.390666ms|   match|[97;44m GET     [0m /v1/items/   r:/v1/items/
2024/03/07 10:32:52.845  [D] [router.go:955]  |            ::1|[97;42m 200 [0m|   35.00725ms|   match|[97;44m GET     [0m /v1/item-images/   r:/v1/item-images/
2024/03/07 10:32:52.846  [D] [router.go:955]  |            ::1|[97;42m 200 [0m|    31.0855ms|   match|[97;44m GET     [0m /v1/item-images/28   r:/v1/item-images/:id
2024/03/07 10:32:52.847  [D] [router.go:955]  |            ::1|[97;42m 200 [0m|  33.190375ms|   match|[97;44m GET     [0m /v1/items/quantity/28   r:/v1/items/quantity/:id
2024/03/07 10:32:52.866  [D] [router.go:955]  |            ::1|[97;42m 200 [0m|  53.726625ms|   match|[97;44m GET     [0m /v1/items/28   r:/v1/items/:id
2024/03/07 10:33:01.923  [D] [router.go:955]  |            ::1|[97;42m 200 [0m|    190.834µs| nomatch|[90;47m OPTIONS [0m /v1/items/
2024/03/07 10:33:01.923  [D] [router.go:955]  |            ::1|[97;42m 200 [0m|    470.292µs| nomatch|[90;47m OPTIONS [0m /v1/items/28
2024/03/07 10:33:01.945  [D] [router.go:955]  |            ::1|[97;42m 200 [0m|     68.792µs| nomatch|[90;47m OPTIONS [0m /v1/items/quantity/28
2024/03/07 10:33:01.945  [D] [router.go:955]  |            ::1|[97;42m 200 [0m|       74.5µs| nomatch|[90;47m OPTIONS [0m /v1/items/quantity/
2024/03/07 10:33:01.945  [D] [router.go:955]  |            ::1|[97;42m 200 [0m|   14.94125ms| nomatch|[90;47m OPTIONS [0m /v1/item-images/
2024/03/07 10:33:01.947  [D] [router.go:955]  |            ::1|[97;42m 200 [0m|  17.476625ms| nomatch|[90;47m OPTIONS [0m /v1/item-images/28
2024/03/07 10:33:01.999  [D] [router.go:955]  |            ::1|[97;42m 200 [0m|  54.099875ms|   match|[97;44m GET     [0m /v1/items/   r:/v1/items/
2024/03/07 10:33:02.002  [D] [router.go:955]  |            ::1|[97;42m 200 [0m|  55.272416ms|   match|[97;44m GET     [0m /v1/items/28   r:/v1/items/:id
2024/03/07 10:33:02.014  [D] [router.go:955]  |            ::1|[97;42m 200 [0m|   66.85075ms|   match|[97;44m GET     [0m /v1/items/quantity/28   r:/v1/items/quantity/:id
2024/03/07 10:33:02.017  [D] [router.go:955]  |            ::1|[97;42m 200 [0m|  69.622083ms|   match|[97;44m GET     [0m /v1/item-images/   r:/v1/item-images/
2024/03/07 10:33:02.019  [D] [router.go:955]  |            ::1|[97;42m 200 [0m|  67.509958ms|   match|[97;44m GET     [0m /v1/item-images/28   r:/v1/item-images/:id
2024/03/07 10:33:02.021  [D] [router.go:955]  |            ::1|[97;42m 200 [0m|  73.346875ms|   match|[97;44m GET     [0m /v1/items/quantity/   r:/v1/items/:id
2024/03/07 10:33:31.304  [D] [router.go:955]  |            ::1|[97;42m 200 [0m|    328.541µs| nomatch|[90;47m OPTIONS [0m /v1/item-images/
2024/03/07 10:33:31.305  [D] [router.go:955]  |            ::1|[97;42m 200 [0m|     46.041µs| nomatch|[90;47m OPTIONS [0m /v1/items/28
2024/03/07 10:33:31.305  [D] [router.go:955]  |            ::1|[97;42m 200 [0m|     1.2675ms| nomatch|[90;47m OPTIONS [0m /v1/items/
2024/03/07 10:33:31.304  [D] [router.go:955]  |            ::1|[97;42m 200 [0m|    328.209µs| nomatch|[90;47m OPTIONS [0m /v1/items/quantity/
2024/03/07 10:33:31.307  [D] [router.go:955]  |            ::1|[97;42m 200 [0m|   1.626459ms| nomatch|[90;47m OPTIONS [0m /v1/item-images/28
2024/03/07 10:33:31.309  [D] [router.go:955]  |            ::1|[97;42m 200 [0m|   2.157917ms| nomatch|[90;47m OPTIONS [0m /v1/items/quantity/28
2024/03/07 10:33:31.329  [D] [router.go:955]  |            ::1|[97;42m 200 [0m|  21.019042ms|   match|[97;44m GET     [0m /v1/item-images/   r:/v1/item-images/
2024/03/07 10:33:31.329  [D] [router.go:955]  |            ::1|[97;42m 200 [0m|  21.467917ms|   match|[97;44m GET     [0m /v1/items/   r:/v1/items/
2024/03/07 10:33:31.337  [D] [router.go:955]  |            ::1|[97;42m 200 [0m|  27.414625ms|   match|[97;44m GET     [0m /v1/items/quantity/28   r:/v1/items/quantity/:id
2024/03/07 10:33:31.337  [D] [router.go:955]  |            ::1|[97;42m 200 [0m|  28.471541ms|   match|[97;44m GET     [0m /v1/item-images/28   r:/v1/item-images/:id
2024/03/07 10:33:31.338  [D] [router.go:955]  |            ::1|[97;42m 200 [0m|  30.699667ms|   match|[97;44m GET     [0m /v1/items/28   r:/v1/items/:id
2024/03/07 10:33:31.341  [D] [router.go:955]  |            ::1|[97;42m 200 [0m|  32.775584ms|   match|[97;44m GET     [0m /v1/items/quantity/   r:/v1/items/:id
2024/03/07 10:33:31.889  [D] [router.go:955]  |            ::1|[97;42m 200 [0m|   7.962458ms|   match|[97;44m GET     [0m /v1/item-images/   r:/v1/item-images/
2024/03/07 10:33:31.890  [D] [router.go:955]  |            ::1|[97;42m 200 [0m|   9.799416ms|   match|[97;44m GET     [0m /v1/items/28   r:/v1/items/:id
2024/03/07 10:33:31.896  [D] [router.go:955]  |            ::1|[97;42m 200 [0m|  16.185208ms|   match|[97;44m GET     [0m /v1/item-images/28   r:/v1/item-images/:id
2024/03/07 10:33:31.899  [D] [router.go:955]  |            ::1|[97;42m 200 [0m|  18.315792ms|   match|[97;44m GET     [0m /v1/items/quantity/28   r:/v1/items/quantity/:id
2024/03/07 10:33:31.901  [D] [router.go:955]  |            ::1|[97;42m 200 [0m|  21.073875ms|   match|[97;44m GET     [0m /v1/items/quantity/   r:/v1/items/:id
2024/03/07 10:33:31.906  [D] [router.go:955]  |            ::1|[97;42m 200 [0m|    25.9105ms|   match|[97;44m GET     [0m /v1/items/   r:/v1/items/
2024/03/07 10:33:54.005  [D] [router.go:955]  |            ::1|[97;42m 200 [0m|  31.322042ms|   match|[97;44m GET     [0m /v1/items/quantity/28   r:/v1/items/quantity/:id
2024/03/07 10:34:48.016  [D] [router.go:955]  |            ::1|[97;42m 200 [0m|   4.136084ms| nomatch|[90;47m OPTIONS [0m /v1/items
2024/03/07 10:34:48.016  [D] [router.go:955]  |            ::1|[97;42m 200 [0m|   4.039291ms| nomatch|[90;47m OPTIONS [0m /v1/categories
2024/03/07 10:34:48.064  [D] [router.go:955]  |            ::1|[97;42m 200 [0m|  42.818167ms|   match|[97;44m GET     [0m /v1/categories   r:/v1/categories/
2024/03/07 10:34:48.065  [D] [router.go:955]  |            ::1|[97;42m 200 [0m|  43.535083ms|   match|[97;44m GET     [0m /v1/items   r:/v1/items/
2024/03/07 10:34:50.949  [D] [router.go:955]  |            ::1|[97;42m 200 [0m|    730.334µs| nomatch|[90;47m OPTIONS [0m /v1/item-images/
2024/03/07 10:34:50.949  [D] [router.go:955]  |            ::1|[97;42m 200 [0m|    486.584µs| nomatch|[90;47m OPTIONS [0m /v1/items/
2024/03/07 10:34:50.950  [D] [router.go:955]  |            ::1|[97;42m 200 [0m|    732.625µs| nomatch|[90;47m OPTIONS [0m /v1/items/quantity/
2024/03/07 10:34:50.963  [D] [router.go:955]  |            ::1|[97;42m 200 [0m|     37.042µs| nomatch|[90;47m OPTIONS [0m /v1/items/quantity/28
2024/03/07 10:34:50.963  [D] [router.go:955]  |            ::1|[97;42m 200 [0m|     53.291µs| nomatch|[90;47m OPTIONS [0m /v1/items/28
2024/03/07 10:34:50.963  [D] [router.go:955]  |            ::1|[97;42m 200 [0m|     46.125µs| nomatch|[90;47m OPTIONS [0m /v1/item-images/28
2024/03/07 10:34:50.975  [D] [router.go:955]  |            ::1|[97;42m 200 [0m|  22.354458ms|   match|[97;44m GET     [0m /v1/items/quantity/   r:/v1/items/:id
2024/03/07 10:34:50.979  [D] [router.go:955]  |            ::1|[97;42m 200 [0m|   25.89525ms|   match|[97;44m GET     [0m /v1/items/   r:/v1/items/
2024/03/07 10:34:50.992  [D] [router.go:955]  |            ::1|[97;42m 200 [0m|   26.29125ms|   match|[97;44m GET     [0m /v1/item-images/28   r:/v1/item-images/:id
2024/03/07 10:34:50.992  [D] [router.go:955]  |            ::1|[97;42m 200 [0m|  38.901167ms|   match|[97;44m GET     [0m /v1/item-images/   r:/v1/item-images/
2024/03/07 10:34:50.996  [D] [router.go:955]  |            ::1|[97;42m 200 [0m|  30.732375ms|   match|[97;44m GET     [0m /v1/items/28   r:/v1/items/:id
2024/03/07 10:34:50.998  [D] [router.go:955]  |            ::1|[97;42m 200 [0m|  33.915875ms|   match|[97;44m GET     [0m /v1/items/quantity/28   r:/v1/items/quantity/:id
2024/03/07 10:35:22.944  [D] [router.go:955]  |            ::1|[97;42m 200 [0m|   4.623833ms| nomatch|[90;47m OPTIONS [0m /v1/item-images/
2024/03/07 10:35:22.944  [D] [router.go:955]  |            ::1|[97;42m 200 [0m|   5.985291ms| nomatch|[90;47m OPTIONS [0m /v1/items/
2024/03/07 10:35:22.944  [D] [router.go:955]  |            ::1|[97;42m 200 [0m|      5.384ms| nomatch|[90;47m OPTIONS [0m /v1/items/28
2024/03/07 10:35:22.944  [D] [router.go:955]  |            ::1|[97;42m 200 [0m|   5.437375ms| nomatch|[90;47m OPTIONS [0m /v1/items/quantity/
2024/03/07 10:35:22.944  [D] [router.go:955]  |            ::1|[97;42m 200 [0m|   5.917333ms| nomatch|[90;47m OPTIONS [0m /v1/item-images/28
2024/03/07 10:35:22.944  [D] [router.go:955]  |            ::1|[97;42m 200 [0m|   4.624541ms| nomatch|[90;47m OPTIONS [0m /v1/items/quantity/28
2024/03/07 10:35:22.990  [D] [router.go:955]  |            ::1|[97;42m 200 [0m|  41.306458ms|   match|[97;44m GET     [0m /v1/items/quantity/   r:/v1/items/:id
2024/03/07 10:35:22.990  [D] [router.go:955]  |            ::1|[97;42m 200 [0m|  40.665625ms|   match|[97;44m GET     [0m /v1/items/quantity/28   r:/v1/items/quantity/:id
2024/03/07 10:35:23.005  [D] [router.go:955]  |            ::1|[97;42m 200 [0m|   57.01075ms|   match|[97;44m GET     [0m /v1/item-images/   r:/v1/item-images/
2024/03/07 10:35:23.009  [D] [router.go:955]  |            ::1|[97;42m 200 [0m|  59.795333ms|   match|[97;44m GET     [0m /v1/item-images/28   r:/v1/item-images/:id
2024/03/07 10:35:23.011  [D] [router.go:955]  |            ::1|[97;42m 200 [0m|  62.260792ms|   match|[97;44m GET     [0m /v1/items/28   r:/v1/items/:id
2024/03/07 10:35:23.018  [D] [router.go:955]  |            ::1|[97;42m 200 [0m|  68.817916ms|   match|[97;44m GET     [0m /v1/items/   r:/v1/items/
2024/03/07 10:35:56.932  [D] [router.go:955]  |            ::1|[97;42m 200 [0m|   3.239042ms| nomatch|[90;47m OPTIONS [0m /v1/items/quantity/
2024/03/07 10:35:56.932  [D] [router.go:955]  |            ::1|[97;42m 200 [0m|   3.313167ms| nomatch|[90;47m OPTIONS [0m /v1/item-images/
2024/03/07 10:35:56.932  [D] [router.go:955]  |            ::1|[97;42m 200 [0m|   3.260333ms| nomatch|[90;47m OPTIONS [0m /v1/items/28
2024/03/07 10:35:56.932  [D] [router.go:955]  |            ::1|[97;42m 200 [0m|   3.169667ms| nomatch|[90;47m OPTIONS [0m /v1/items/quantity/28
2024/03/07 10:35:56.932  [D] [router.go:955]  |            ::1|[97;42m 200 [0m|    3.41075ms| nomatch|[90;47m OPTIONS [0m /v1/items/
2024/03/07 10:35:56.932  [D] [router.go:955]  |            ::1|[97;42m 200 [0m|   2.646583ms| nomatch|[90;47m OPTIONS [0m /v1/item-images/28
2024/03/07 10:35:57.006  [D] [router.go:955]  |            ::1|[97;42m 200 [0m|  50.428875ms|   match|[97;44m GET     [0m /v1/items/quantity/   r:/v1/items/:id
2024/03/07 10:35:57.009  [D] [router.go:955]  |            ::1|[97;42m 200 [0m|  59.111042ms|   match|[97;44m GET     [0m /v1/items/28   r:/v1/items/:id
2024/03/07 10:35:57.027  [D] [router.go:955]  |            ::1|[97;42m 200 [0m|  70.584375ms|   match|[97;44m GET     [0m /v1/item-images/   r:/v1/item-images/
2024/03/07 10:35:57.029  [D] [router.go:955]  |            ::1|[97;42m 200 [0m|  65.344292ms|   match|[97;44m GET     [0m /v1/items/quantity/28   r:/v1/items/quantity/:id
2024/03/07 10:35:57.030  [D] [router.go:955]  |            ::1|[97;42m 200 [0m|   75.40775ms|   match|[97;44m GET     [0m /v1/item-images/28   r:/v1/item-images/:id
2024/03/07 10:35:57.038  [D] [router.go:955]  |            ::1|[97;42m 200 [0m|  81.988708ms|   match|[97;44m GET     [0m /v1/items/   r:/v1/items/
2024/03/07 10:35:57.427  [D] [router.go:955]  |            ::1|[97;42m 200 [0m|   3.804792ms|   match|[97;44m GET     [0m /v1/items/quantity/28   r:/v1/items/quantity/:id
2024/03/07 10:35:57.432  [D] [router.go:955]  |            ::1|[97;42m 200 [0m|   8.283083ms|   match|[97;44m GET     [0m /v1/items/   r:/v1/items/
2024/03/07 10:35:57.433  [D] [router.go:955]  |            ::1|[97;42m 200 [0m|   9.317291ms|   match|[97;44m GET     [0m /v1/item-images/   r:/v1/item-images/
2024/03/07 10:35:57.434  [D] [router.go:955]  |            ::1|[97;42m 200 [0m|   9.588792ms|   match|[97;44m GET     [0m /v1/items/28   r:/v1/items/:id
2024/03/07 10:35:57.434  [D] [router.go:955]  |            ::1|[97;42m 200 [0m|    9.63825ms|   match|[97;44m GET     [0m /v1/item-images/28   r:/v1/item-images/:id
2024/03/07 10:35:57.435  [D] [router.go:955]  |            ::1|[97;42m 200 [0m|     11.143ms|   match|[97;44m GET     [0m /v1/items/quantity/   r:/v1/items/:id
2024/03/07 10:36:07.820  [D] [router.go:955]  |            ::1|[97;42m 200 [0m|    424.917µs| nomatch|[90;47m OPTIONS [0m /v1/item-images/
2024/03/07 10:36:07.821  [D] [router.go:955]  |            ::1|[97;42m 200 [0m|         90µs| nomatch|[90;47m OPTIONS [0m /v1/items/quantity/
2024/03/07 10:36:07.820  [D] [router.go:955]  |            ::1|[97;42m 200 [0m|    251.625µs| nomatch|[90;47m OPTIONS [0m /v1/items/
2024/03/07 10:36:07.821  [D] [router.go:955]  |            ::1|[97;42m 200 [0m|     57.208µs| nomatch|[90;47m OPTIONS [0m /v1/items/28
2024/03/07 10:36:07.822  [D] [router.go:955]  |            ::1|[97;42m 200 [0m|    254.958µs| nomatch|[90;47m OPTIONS [0m /v1/items/quantity/28
2024/03/07 10:36:07.823  [D] [router.go:955]  |            ::1|[97;42m 200 [0m|   1.474792ms| nomatch|[90;47m OPTIONS [0m /v1/item-images/28
2024/03/07 10:36:07.856  [D] [router.go:955]  |            ::1|[97;42m 200 [0m|   32.16575ms|   match|[97;44m GET     [0m /v1/item-images/   r:/v1/item-images/
2024/03/07 10:36:07.858  [D] [router.go:955]  |            ::1|[97;42m 200 [0m|  35.007583ms|   match|[97;44m GET     [0m /v1/items/quantity/   r:/v1/items/:id
2024/03/07 10:36:07.869  [D] [router.go:955]  |            ::1|[97;42m 200 [0m|  43.394625ms|   match|[97;44m GET     [0m /v1/items/quantity/28   r:/v1/items/quantity/:id
2024/03/07 10:36:07.869  [D] [router.go:955]  |            ::1|[97;42m 200 [0m|  43.378083ms|   match|[97;44m GET     [0m /v1/item-images/28   r:/v1/item-images/:id
2024/03/07 10:36:07.877  [D] [router.go:955]  |            ::1|[97;42m 200 [0m|  51.940542ms|   match|[97;44m GET     [0m /v1/items/28   r:/v1/items/:id
2024/03/07 10:36:07.878  [D] [router.go:955]  |            ::1|[97;42m 200 [0m|  54.679708ms|   match|[97;44m GET     [0m /v1/items/   r:/v1/items/
2024/03/07 10:38:49.753  [D] [router.go:955]  |            ::1|[97;42m 200 [0m|   3.680292ms| nomatch|[90;47m OPTIONS [0m /v1/item-images/28
2024/03/07 10:38:49.753  [D] [router.go:955]  |            ::1|[97;42m 200 [0m|      3.702ms| nomatch|[90;47m OPTIONS [0m /v1/items/
2024/03/07 10:38:49.753  [D] [router.go:955]  |            ::1|[97;42m 200 [0m|   4.228584ms| nomatch|[90;47m OPTIONS [0m /v1/items/quantity/
2024/03/07 10:38:49.753  [D] [router.go:955]  |            ::1|[97;42m 200 [0m|   3.709625ms| nomatch|[90;47m OPTIONS [0m /v1/items/28
2024/03/07 10:38:49.753  [D] [router.go:955]  |            ::1|[97;42m 200 [0m|    3.69975ms| nomatch|[90;47m OPTIONS [0m /v1/items/quantity/28
2024/03/07 10:38:49.753  [D] [router.go:955]  |            ::1|[97;42m 200 [0m|   3.684042ms| nomatch|[90;47m OPTIONS [0m /v1/item-images/
2024/03/07 10:38:49.805  [D] [router.go:955]  |            ::1|[97;42m 200 [0m|  44.368791ms|   match|[97;44m GET     [0m /v1/item-images/28   r:/v1/item-images/:id
2024/03/07 10:38:49.805  [D] [router.go:955]  |            ::1|[97;42m 200 [0m|  44.806125ms|   match|[97;44m GET     [0m /v1/items/quantity/28   r:/v1/items/quantity/:id
2024/03/07 10:38:49.811  [D] [router.go:955]  |            ::1|[97;42m 200 [0m|  50.900959ms|   match|[97;44m GET     [0m /v1/item-images/   r:/v1/item-images/
2024/03/07 10:38:49.817  [D] [router.go:955]  |            ::1|[97;42m 200 [0m|  55.802916ms|   match|[97;44m GET     [0m /v1/items/quantity/   r:/v1/items/:id
2024/03/07 10:38:49.821  [D] [router.go:955]  |            ::1|[97;42m 200 [0m|   60.23975ms|   match|[97;44m GET     [0m /v1/items/28   r:/v1/items/:id
2024/03/07 10:38:49.826  [D] [router.go:955]  |            ::1|[97;42m 200 [0m|  65.932542ms|   match|[97;44m GET     [0m /v1/items/   r:/v1/items/
2024/03/07 10:38:51.701  [D] [router.go:955]  |            ::1|[97;42m 200 [0m|   8.523708ms|   match|[97;44m GET     [0m /v1/item-images/   r:/v1/item-images/
2024/03/07 10:38:51.710  [D] [router.go:955]  |            ::1|[97;42m 200 [0m|  15.936875ms|   match|[97;44m GET     [0m /v1/item-images/28   r:/v1/item-images/:id
2024/03/07 10:38:51.714  [D] [router.go:955]  |            ::1|[97;42m 200 [0m|  19.673917ms|   match|[97;44m GET     [0m /v1/items/quantity/28   r:/v1/items/quantity/:id
2024/03/07 10:38:51.716  [D] [router.go:955]  |            ::1|[97;42m 200 [0m|     22.182ms|   match|[97;44m GET     [0m /v1/items/28   r:/v1/items/:id
2024/03/07 10:38:51.718  [D] [router.go:955]  |            ::1|[97;42m 200 [0m|  24.821208ms|   match|[97;44m GET     [0m /v1/items/quantity/   r:/v1/items/:id
2024/03/07 10:38:51.720  [D] [router.go:955]  |            ::1|[97;42m 200 [0m|  28.646667ms|   match|[97;44m GET     [0m /v1/items/   r:/v1/items/
2024/03/07 10:38:57.218  [D] [router.go:955]  |            ::1|[97;42m 200 [0m|    238.667µs| nomatch|[90;47m OPTIONS [0m /v1/items/quantity/
2024/03/07 10:38:57.218  [D] [router.go:955]  |            ::1|[97;42m 200 [0m|    251.583µs| nomatch|[90;47m OPTIONS [0m /v1/items/
2024/03/07 10:38:57.218  [D] [router.go:955]  |            ::1|[97;42m 200 [0m|    217.625µs| nomatch|[90;47m OPTIONS [0m /v1/item-images/
2024/03/07 10:38:57.220  [D] [router.go:955]  |            ::1|[97;42m 200 [0m|      42.25µs| nomatch|[90;47m OPTIONS [0m /v1/items/quantity/28
2024/03/07 10:38:57.220  [D] [router.go:955]  |            ::1|[97;42m 200 [0m|     38.208µs| nomatch|[90;47m OPTIONS [0m /v1/item-images/28
2024/03/07 10:38:57.222  [D] [router.go:955]  |            ::1|[97;42m 200 [0m|    216.125µs| nomatch|[90;47m OPTIONS [0m /v1/items/28
2024/03/07 10:38:57.249  [D] [router.go:955]  |            ::1|[97;42m 200 [0m|  28.487291ms|   match|[97;44m GET     [0m /v1/items/   r:/v1/items/
2024/03/07 10:38:57.249  [D] [router.go:955]  |            ::1|[97;42m 200 [0m|   27.47825ms|   match|[97;44m GET     [0m /v1/item-images/   r:/v1/item-images/
2024/03/07 10:38:57.251  [D] [router.go:955]  |            ::1|[97;42m 200 [0m|    29.7235ms|   match|[97;44m GET     [0m /v1/item-images/28   r:/v1/item-images/:id
2024/03/07 10:38:57.251  [D] [router.go:955]  |            ::1|[97;42m 200 [0m|  31.094458ms|   match|[97;44m GET     [0m /v1/items/quantity/   r:/v1/items/:id
2024/03/07 10:38:57.253  [D] [router.go:955]  |            ::1|[97;42m 200 [0m|  31.026583ms|   match|[97;44m GET     [0m /v1/items/quantity/28   r:/v1/items/quantity/:id
2024/03/07 10:38:57.253  [D] [router.go:955]  |            ::1|[97;42m 200 [0m|    30.8005ms|   match|[97;44m GET     [0m /v1/items/28   r:/v1/items/:id
2024/03/07 10:39:01.303  [D] [router.go:955]  |            ::1|[97;42m 200 [0m|  18.533208ms|   match|[97;44m GET     [0m /v1/items/   r:/v1/items/
2024/03/07 10:39:01.304  [D] [router.go:955]  |            ::1|[97;42m 200 [0m|  19.045125ms|   match|[97;44m GET     [0m /v1/item-images/   r:/v1/item-images/
2024/03/07 10:39:01.310  [D] [router.go:955]  |            ::1|[97;42m 200 [0m|  24.356209ms|   match|[97;44m GET     [0m /v1/items/quantity/   r:/v1/items/:id
2024/03/07 10:39:01.310  [D] [router.go:955]  |            ::1|[97;42m 200 [0m|  11.216041ms|   match|[97;44m GET     [0m /v1/item-images/28   r:/v1/item-images/:id
2024/03/07 10:39:01.311  [D] [router.go:955]  |            ::1|[97;42m 200 [0m|   12.63425ms|   match|[97;44m GET     [0m /v1/items/quantity/28   r:/v1/items/quantity/:id
2024/03/07 10:39:01.313  [D] [router.go:955]  |            ::1|[97;42m 200 [0m|  14.938084ms|   match|[97;44m GET     [0m /v1/items/28   r:/v1/items/:id
2024/03/07 10:39:02.460  [D] [router.go:955]  |            ::1|[97;42m 200 [0m|     76.375µs| nomatch|[90;47m OPTIONS [0m /v1/items/
2024/03/07 10:39:02.461  [D] [router.go:955]  |            ::1|[97;42m 200 [0m|     59.042µs| nomatch|[90;47m OPTIONS [0m /v1/item-images/
2024/03/07 10:39:02.462  [D] [router.go:955]  |            ::1|[97;42m 200 [0m|   1.140416ms| nomatch|[90;47m OPTIONS [0m /v1/items/quantity/
2024/03/07 10:39:02.472  [D] [router.go:955]  |            ::1|[97;42m 200 [0m|     47.542µs| nomatch|[90;47m OPTIONS [0m /v1/items/quantity/28
2024/03/07 10:39:02.472  [D] [router.go:955]  |            ::1|[97;42m 200 [0m|         43µs| nomatch|[90;47m OPTIONS [0m /v1/items/28
2024/03/07 10:39:02.472  [D] [router.go:955]  |            ::1|[97;42m 200 [0m|     23.875µs| nomatch|[90;47m OPTIONS [0m /v1/item-images/28
2024/03/07 10:39:02.476  [D] [router.go:955]  |            ::1|[97;42m 200 [0m|  15.056708ms|   match|[97;44m GET     [0m /v1/item-images/   r:/v1/item-images/
2024/03/07 10:39:02.479  [D] [router.go:955]  |            ::1|[97;42m 200 [0m|  17.490125ms|   match|[97;44m GET     [0m /v1/items/   r:/v1/items/
2024/03/07 10:39:02.516  [D] [router.go:955]  |            ::1|[97;42m 200 [0m|  40.858375ms|   match|[97;44m GET     [0m /v1/item-images/28   r:/v1/item-images/:id
2024/03/07 10:39:02.518  [D] [router.go:955]  |            ::1|[97;42m 200 [0m|  55.034833ms|   match|[97;44m GET     [0m /v1/items/quantity/   r:/v1/items/:id
2024/03/07 10:39:02.519  [D] [router.go:955]  |            ::1|[97;42m 200 [0m|  43.505542ms|   match|[97;44m GET     [0m /v1/items/28   r:/v1/items/:id
2024/03/07 10:39:02.524  [D] [router.go:955]  |            ::1|[97;42m 200 [0m|  48.228667ms|   match|[97;44m GET     [0m /v1/items/quantity/28   r:/v1/items/quantity/:id
2024/03/07 10:39:03.245  [D] [router.go:955]  |            ::1|[97;42m 200 [0m|   1.745834ms|   match|[97;44m GET     [0m /v1/item-images/   r:/v1/item-images/
2024/03/07 10:39:03.247  [D] [router.go:955]  |            ::1|[97;42m 200 [0m|   3.515375ms|   match|[97;44m GET     [0m /v1/items/   r:/v1/items/
2024/03/07 10:39:03.251  [D] [router.go:955]  |            ::1|[97;42m 200 [0m|   4.087209ms|   match|[97;44m GET     [0m /v1/items/quantity/28   r:/v1/items/quantity/:id
2024/03/07 10:39:03.252  [D] [router.go:955]  |            ::1|[97;42m 200 [0m|   5.231083ms|   match|[97;44m GET     [0m /v1/items/28   r:/v1/items/:id
2024/03/07 10:39:03.258  [D] [router.go:955]  |            ::1|[97;42m 200 [0m|  13.564291ms|   match|[97;44m GET     [0m /v1/items/quantity/   r:/v1/items/:id
2024/03/07 10:39:03.259  [D] [router.go:955]  |            ::1|[97;42m 200 [0m|     12.668ms|   match|[97;44m GET     [0m /v1/item-images/28   r:/v1/item-images/:id
2024/03/07 10:41:04.607  [D] [router.go:955]  |            ::1|[97;42m 200 [0m|   6.695417ms| nomatch|[90;47m OPTIONS [0m /v1/items/
2024/03/07 10:41:04.608  [D] [router.go:955]  |            ::1|[97;42m 200 [0m|   6.724625ms| nomatch|[90;47m OPTIONS [0m /v1/items/quantity/28
2024/03/07 10:41:04.607  [D] [router.go:955]  |            ::1|[97;42m 200 [0m|   6.712583ms| nomatch|[90;47m OPTIONS [0m /v1/item-images/
2024/03/07 10:41:04.607  [D] [router.go:955]  |            ::1|[97;42m 200 [0m|   6.691625ms| nomatch|[90;47m OPTIONS [0m /v1/items/quantity/
2024/03/07 10:41:04.607  [D] [router.go:955]  |            ::1|[97;42m 200 [0m|   6.681708ms| nomatch|[90;47m OPTIONS [0m /v1/items/28
2024/03/07 10:41:04.607  [D] [router.go:955]  |            ::1|[97;42m 200 [0m|   6.738625ms| nomatch|[90;47m OPTIONS [0m /v1/item-images/28
2024/03/07 10:41:04.672  [D] [router.go:955]  |            ::1|[97;42m 200 [0m|    49.0565ms|   match|[97;44m GET     [0m /v1/item-images/28   r:/v1/item-images/:id
2024/03/07 10:41:04.673  [D] [router.go:955]  |            ::1|[97;42m 200 [0m|  50.112083ms|   match|[97;44m GET     [0m /v1/items/   r:/v1/items/
2024/03/07 10:41:04.682  [D] [router.go:955]  |            ::1|[97;42m 200 [0m|  59.035875ms|   match|[97;44m GET     [0m /v1/item-images/   r:/v1/item-images/
2024/03/07 10:41:04.685  [D] [router.go:955]  |            ::1|[97;42m 200 [0m|   61.32925ms|   match|[97;44m GET     [0m /v1/items/quantity/28   r:/v1/items/quantity/:id
2024/03/07 10:41:04.686  [D] [router.go:955]  |            ::1|[97;42m 200 [0m|     62.537ms|   match|[97;44m GET     [0m /v1/items/28   r:/v1/items/:id
2024/03/07 10:41:04.688  [D] [router.go:955]  |            ::1|[97;42m 200 [0m|  64.918459ms|   match|[97;44m GET     [0m /v1/items/quantity/   r:/v1/items/:id
2024/03/07 10:41:05.835  [D] [router.go:955]  |            ::1|[97;42m 200 [0m|   8.015583ms|   match|[97;44m GET     [0m /v1/item-images/   r:/v1/item-images/
2024/03/07 10:41:05.843  [D] [router.go:955]  |            ::1|[97;42m 200 [0m|  16.280125ms|   match|[97;44m GET     [0m /v1/items/quantity/   r:/v1/items/:id
2024/03/07 10:41:05.856  [D] [router.go:955]  |            ::1|[97;42m 200 [0m|  25.100083ms|   match|[97;44m GET     [0m /v1/item-images/28   r:/v1/item-images/:id
2024/03/07 10:41:05.860  [D] [router.go:955]  |            ::1|[97;42m 200 [0m|     28.387ms|   match|[97;44m GET     [0m /v1/items/28   r:/v1/items/:id
2024/03/07 10:41:05.859  [D] [router.go:955]  |            ::1|[97;42m 200 [0m|  28.042542ms|   match|[97;44m GET     [0m /v1/items/quantity/28   r:/v1/items/quantity/:id
2024/03/07 10:41:05.868  [D] [router.go:955]  |            ::1|[97;42m 200 [0m|     41.178ms|   match|[97;44m GET     [0m /v1/items/   r:/v1/items/
2024/03/07 10:47:38.978  [D] [router.go:955]  |            ::1|[97;42m 200 [0m|   1.923417ms| nomatch|[90;47m OPTIONS [0m /v1/items/28
2024/03/07 10:47:38.978  [D] [router.go:955]  |            ::1|[97;42m 200 [0m|   1.938084ms| nomatch|[90;47m OPTIONS [0m /v1/items/quantity/28
2024/03/07 10:47:38.978  [D] [router.go:955]  |            ::1|[97;42m 200 [0m|   1.926542ms| nomatch|[90;47m OPTIONS [0m /v1/items/quantity/
2024/03/07 10:47:38.978  [D] [router.go:955]  |            ::1|[97;42m 200 [0m|   1.927625ms| nomatch|[90;47m OPTIONS [0m /v1/item-images/28
2024/03/07 10:47:38.978  [D] [router.go:955]  |            ::1|[97;42m 200 [0m|   1.942667ms| nomatch|[90;47m OPTIONS [0m /v1/item-images/
2024/03/07 10:47:38.978  [D] [router.go:955]  |            ::1|[97;42m 200 [0m|   1.938416ms| nomatch|[90;47m OPTIONS [0m /v1/items/
2024/03/07 10:47:39.080  [D] [router.go:955]  |            ::1|[97;42m 200 [0m|  89.239792ms|   match|[97;44m GET     [0m /v1/items/quantity/28   r:/v1/items/quantity/:id
2024/03/07 10:47:39.082  [D] [router.go:955]  |            ::1|[97;42m 200 [0m|  91.313041ms|   match|[97;44m GET     [0m /v1/items/28   r:/v1/items/:id
2024/03/07 10:47:39.101  [D] [router.go:955]  |            ::1|[97;42m 200 [0m| 110.877292ms|   match|[97;44m GET     [0m /v1/items/quantity/   r:/v1/items/:id
2024/03/07 10:47:39.102  [D] [router.go:955]  |            ::1|[97;42m 200 [0m| 104.775875ms|   match|[97;44m GET     [0m /v1/item-images/   r:/v1/item-images/
2024/03/07 10:47:39.104  [D] [router.go:955]  |            ::1|[97;42m 200 [0m| 115.530458ms|   match|[97;44m GET     [0m /v1/item-images/28   r:/v1/item-images/:id
2024/03/07 10:47:39.128  [D] [router.go:955]  |            ::1|[97;42m 200 [0m| 137.394542ms|   match|[97;44m GET     [0m /v1/items/   r:/v1/items/
2024/03/07 10:47:40.583  [D] [router.go:955]  |            ::1|[97;42m 200 [0m|   9.430667ms|   match|[97;44m GET     [0m /v1/item-images/   r:/v1/item-images/
2024/03/07 10:47:40.587  [D] [router.go:955]  |            ::1|[97;42m 200 [0m|  13.419542ms|   match|[97;44m GET     [0m /v1/items/quantity/   r:/v1/items/:id
2024/03/07 10:47:40.620  [D] [router.go:955]  |            ::1|[97;42m 200 [0m|  47.038042ms|   match|[97;44m GET     [0m /v1/items/   r:/v1/items/
2024/03/07 10:47:40.622  [D] [router.go:955]  |            ::1|[97;42m 200 [0m|   4.744542ms|   match|[97;44m GET     [0m /v1/items/28   r:/v1/items/:id
2024/03/07 10:47:40.630  [D] [router.go:955]  |            ::1|[97;42m 200 [0m|    8.15725ms|   match|[97;44m GET     [0m /v1/items/quantity/28   r:/v1/items/quantity/:id
2024/03/07 10:47:40.631  [D] [router.go:955]  |            ::1|[97;42m 200 [0m|   9.254917ms|   match|[97;44m GET     [0m /v1/item-images/28   r:/v1/item-images/:id
2024/03/07 10:49:39.675  [D] [router.go:955]  |            ::1|[97;42m 200 [0m|    2.45275ms| nomatch|[90;47m OPTIONS [0m /v1/items/28
2024/03/07 10:49:39.675  [D] [router.go:955]  |            ::1|[97;42m 200 [0m|   2.448208ms| nomatch|[90;47m OPTIONS [0m /v1/item-images/28
2024/03/07 10:49:39.675  [D] [router.go:955]  |            ::1|[97;42m 200 [0m|   2.433083ms| nomatch|[90;47m OPTIONS [0m /v1/items/quantity/
2024/03/07 10:49:39.675  [D] [router.go:955]  |            ::1|[97;42m 200 [0m|   2.444541ms| nomatch|[90;47m OPTIONS [0m /v1/items/quantity/28
2024/03/07 10:49:39.675  [D] [router.go:955]  |            ::1|[97;42m 200 [0m|   2.443125ms| nomatch|[90;47m OPTIONS [0m /v1/items/
2024/03/07 10:49:39.675  [D] [router.go:955]  |            ::1|[97;42m 200 [0m|   2.413542ms| nomatch|[90;47m OPTIONS [0m /v1/item-images/
2024/03/07 10:49:39.717  [D] [router.go:955]  |            ::1|[97;42m 200 [0m|  36.272334ms|   match|[97;44m GET     [0m /v1/items/quantity/28   r:/v1/items/quantity/:id
2024/03/07 10:49:39.718  [D] [router.go:955]  |            ::1|[97;42m 200 [0m|  38.153959ms|   match|[97;44m GET     [0m /v1/items/28   r:/v1/items/:id
2024/03/07 10:49:39.728  [D] [router.go:955]  |            ::1|[97;42m 200 [0m|  47.893208ms|   match|[97;44m GET     [0m /v1/item-images/28   r:/v1/item-images/:id
2024/03/07 10:49:39.729  [D] [router.go:955]  |            ::1|[97;42m 200 [0m|  48.769834ms|   match|[97;44m GET     [0m /v1/item-images/   r:/v1/item-images/
2024/03/07 10:49:39.743  [D] [router.go:955]  |            ::1|[97;42m 200 [0m|  62.835167ms|   match|[97;44m GET     [0m /v1/items/quantity/   r:/v1/items/:id
2024/03/07 10:49:39.744  [D] [router.go:955]  |            ::1|[97;42m 200 [0m|  63.169834ms|   match|[97;44m GET     [0m /v1/items/   r:/v1/items/
2024/03/07 10:49:41.403  [D] [router.go:955]  |            ::1|[97;42m 200 [0m|   35.12375ms|   match|[97;44m GET     [0m /v1/item-images/28   r:/v1/item-images/:id
2024/03/07 10:49:41.403  [D] [router.go:955]  |            ::1|[97;42m 200 [0m|   35.30575ms|   match|[97;44m GET     [0m /v1/items/quantity/28   r:/v1/items/quantity/:id
2024/03/07 10:49:41.409  [D] [router.go:955]  |            ::1|[97;42m 200 [0m|  40.898375ms|   match|[97;44m GET     [0m /v1/item-images/   r:/v1/item-images/
2024/03/07 10:49:41.410  [D] [router.go:955]  |            ::1|[97;42m 200 [0m|  42.317792ms|   match|[97;44m GET     [0m /v1/items/quantity/   r:/v1/items/:id
2024/03/07 10:49:41.411  [D] [router.go:955]  |            ::1|[97;42m 200 [0m|  43.825083ms|   match|[97;44m GET     [0m /v1/items/28   r:/v1/items/:id
2024/03/07 10:49:41.414  [D] [router.go:955]  |            ::1|[97;42m 200 [0m|  46.645791ms|   match|[97;44m GET     [0m /v1/items/   r:/v1/items/
2024/03/07 10:49:43.765  [D] [router.go:955]  |            ::1|[97;42m 200 [0m|  64.601292ms|   match|[97;44m GET     [0m /v1/items/quantity/28   r:/v1/items/quantity/:id
2024/03/07 10:49:43.765  [D] [router.go:955]  |            ::1|[97;42m 200 [0m|  64.671125ms|   match|[97;44m GET     [0m /v1/items/28   r:/v1/items/:id
2024/03/07 10:49:43.769  [D] [router.go:955]  |            ::1|[97;42m 200 [0m|  68.716458ms|   match|[97;44m GET     [0m /v1/item-images/   r:/v1/item-images/
2024/03/07 10:49:43.771  [D] [router.go:955]  |            ::1|[97;42m 200 [0m|  69.620334ms|   match|[97;44m GET     [0m /v1/items/quantity/   r:/v1/items/:id
2024/03/07 10:49:43.771  [D] [router.go:955]  |            ::1|[97;42m 200 [0m|    69.2005ms|   match|[97;44m GET     [0m /v1/item-images/28   r:/v1/item-images/:id
2024/03/07 10:49:43.777  [D] [router.go:955]  |            ::1|[97;42m 200 [0m|  77.062541ms|   match|[97;44m GET     [0m /v1/items/   r:/v1/items/
2024/03/07 10:49:44.936  [D] [router.go:955]  |            ::1|[97;42m 200 [0m|   1.104791ms| nomatch|[90;47m OPTIONS [0m /v1/items/quantity/
2024/03/07 10:49:44.936  [D] [router.go:955]  |            ::1|[97;42m 200 [0m|   1.047459ms| nomatch|[90;47m OPTIONS [0m /v1/item-images/28
2024/03/07 10:49:44.936  [D] [router.go:955]  |            ::1|[97;42m 200 [0m|    398.375µs| nomatch|[90;47m OPTIONS [0m /v1/item-images/
2024/03/07 10:49:44.936  [D] [router.go:955]  |            ::1|[97;42m 200 [0m|    577.917µs| nomatch|[90;47m OPTIONS [0m /v1/items/
2024/03/07 10:49:44.936  [D] [router.go:955]  |            ::1|[97;42m 200 [0m|    1.25575ms| nomatch|[90;47m OPTIONS [0m /v1/items/28
2024/03/07 10:49:44.936  [D] [router.go:955]  |            ::1|[97;42m 200 [0m|    570.458µs| nomatch|[90;47m OPTIONS [0m /v1/items/quantity/28
2024/03/07 10:49:44.947  [D] [router.go:955]  |            ::1|[97;42m 200 [0m|   9.614458ms|   match|[97;44m GET     [0m /v1/item-images/   r:/v1/item-images/
2024/03/07 10:49:44.949  [D] [router.go:955]  |            ::1|[97;42m 200 [0m|  11.494625ms|   match|[97;44m GET     [0m /v1/items/quantity/   r:/v1/items/:id
2024/03/07 10:49:44.958  [D] [router.go:955]  |            ::1|[97;42m 200 [0m|  20.510792ms|   match|[97;44m GET     [0m /v1/item-images/28   r:/v1/item-images/:id
2024/03/07 10:49:44.960  [D] [router.go:955]  |            ::1|[97;42m 200 [0m|    22.0695ms|   match|[97;44m GET     [0m /v1/items/28   r:/v1/items/:id
2024/03/07 10:49:44.960  [D] [router.go:955]  |            ::1|[97;42m 200 [0m|  22.679625ms|   match|[97;44m GET     [0m /v1/items/quantity/28   r:/v1/items/quantity/:id
2024/03/07 10:49:44.963  [D] [router.go:955]  |            ::1|[97;42m 200 [0m|  25.306459ms|   match|[97;44m GET     [0m /v1/items/   r:/v1/items/
2024/03/07 10:50:45.727  [D] [router.go:955]  |            ::1|[97;42m 200 [0m|   1.683916ms| nomatch|[90;47m OPTIONS [0m /v1/items/quantity/28
2024/03/07 10:50:45.727  [D] [router.go:955]  |            ::1|[97;42m 200 [0m|   1.677125ms| nomatch|[90;47m OPTIONS [0m /v1/items/quantity/
2024/03/07 10:50:45.727  [D] [router.go:955]  |            ::1|[97;42m 200 [0m|   1.690792ms| nomatch|[90;47m OPTIONS [0m /v1/item-images/
2024/03/07 10:50:45.727  [D] [router.go:955]  |            ::1|[97;42m 200 [0m|    1.68475ms| nomatch|[90;47m OPTIONS [0m /v1/items/28
2024/03/07 10:50:45.727  [D] [router.go:955]  |            ::1|[97;42m 200 [0m|   1.684875ms| nomatch|[90;47m OPTIONS [0m /v1/items/
2024/03/07 10:50:45.727  [D] [router.go:955]  |            ::1|[97;42m 200 [0m|   1.683416ms| nomatch|[90;47m OPTIONS [0m /v1/item-images/28
2024/03/07 10:50:45.766  [D] [router.go:955]  |            ::1|[97;42m 200 [0m|  34.340625ms|   match|[97;44m GET     [0m /v1/item-images/28   r:/v1/item-images/:id
2024/03/07 10:50:45.767  [D] [router.go:955]  |            ::1|[97;42m 200 [0m|  33.924334ms|   match|[97;44m GET     [0m /v1/items/28   r:/v1/items/:id
2024/03/07 10:50:45.772  [D] [router.go:955]  |            ::1|[97;42m 200 [0m|  38.924333ms|   match|[97;44m GET     [0m /v1/item-images/   r:/v1/item-images/
2024/03/07 10:50:45.773  [D] [router.go:955]  |            ::1|[97;42m 200 [0m|  39.716458ms|   match|[97;44m GET     [0m /v1/items/quantity/28   r:/v1/items/quantity/:id
2024/03/07 10:50:45.773  [D] [router.go:955]  |            ::1|[97;42m 200 [0m|  40.986125ms|   match|[97;44m GET     [0m /v1/items/quantity/   r:/v1/items/:id
2024/03/07 10:50:45.775  [D] [router.go:955]  |            ::1|[97;42m 200 [0m|  42.639042ms|   match|[97;44m GET     [0m /v1/items/   r:/v1/items/
2024/03/07 10:50:47.217  [D] [router.go:955]  |            ::1|[97;42m 200 [0m|  84.877875ms|   match|[97;44m GET     [0m /v1/item-images/   r:/v1/item-images/
2024/03/07 10:50:47.219  [D] [router.go:955]  |            ::1|[97;42m 200 [0m|  98.213042ms|   match|[97;44m GET     [0m /v1/items/   r:/v1/items/
2024/03/07 10:50:47.243  [D] [router.go:955]  |            ::1|[97;42m 200 [0m| 110.261834ms|   match|[97;44m GET     [0m /v1/items/quantity/   r:/v1/items/:id
2024/03/07 10:50:47.243  [D] [router.go:955]  |            ::1|[97;42m 200 [0m|  95.810042ms|   match|[97;44m GET     [0m /v1/items/quantity/28   r:/v1/items/quantity/:id
2024/03/07 10:50:47.243  [D] [router.go:955]  |            ::1|[97;42m 200 [0m|  95.665583ms|   match|[97;44m GET     [0m /v1/item-images/28   r:/v1/item-images/:id
2024/03/07 10:50:47.246  [D] [router.go:955]  |            ::1|[97;42m 200 [0m|    102.533ms|   match|[97;44m GET     [0m /v1/items/28   r:/v1/items/:id
2024/03/07 10:50:54.044  [D] [router.go:955]  |            ::1|[97;42m 200 [0m|    179.166µs| nomatch|[90;47m OPTIONS [0m /v1/categories
2024/03/07 10:50:54.044  [D] [router.go:955]  |            ::1|[97;42m 200 [0m|    182.375µs| nomatch|[90;47m OPTIONS [0m /v1/items
2024/03/07 10:50:54.061  [D] [router.go:955]  |            ::1|[97;42m 200 [0m|   16.17675ms|   match|[97;44m GET     [0m /v1/categories   r:/v1/categories/
2024/03/07 10:50:54.063  [D] [router.go:955]  |            ::1|[97;42m 200 [0m|     18.666ms|   match|[97;44m GET     [0m /v1/items   r:/v1/items/
2024/03/07 10:52:56.386  [D] [router.go:955]  |            ::1|[97;42m 200 [0m|   1.837208ms| nomatch|[90;47m OPTIONS [0m /v1/categories
2024/03/07 10:52:56.386  [D] [router.go:955]  |            ::1|[97;42m 200 [0m|   1.867625ms| nomatch|[90;47m OPTIONS [0m /v1/items
2024/03/07 10:52:56.420  [D] [router.go:955]  |            ::1|[97;42m 200 [0m|  30.828125ms|   match|[97;44m GET     [0m /v1/categories   r:/v1/categories/
2024/03/07 10:52:56.426  [D] [router.go:955]  |            ::1|[97;42m 200 [0m|  37.039583ms|   match|[97;44m GET     [0m /v1/items   r:/v1/items/
2024/03/07 11:13:34.524  [D] [router.go:955]  |            ::1|[97;42m 200 [0m|    6.03825ms| nomatch|[90;47m OPTIONS [0m /v1/items
2024/03/07 11:13:34.524  [D] [router.go:955]  |            ::1|[97;42m 200 [0m|   6.038916ms| nomatch|[90;47m OPTIONS [0m /v1/categories
2024/03/07 11:13:34.616  [D] [router.go:955]  |            ::1|[97;42m 200 [0m|  81.253125ms|   match|[97;44m GET     [0m /v1/categories   r:/v1/categories/
2024/03/07 11:13:34.631  [D] [router.go:955]  |            ::1|[97;42m 200 [0m|    94.8215ms|   match|[97;44m GET     [0m /v1/items   r:/v1/items/
2024/03/07 11:13:36.396  [D] [router.go:955]  |            ::1|[97;42m 200 [0m|   8.663958ms|   match|[97;44m GET     [0m /v1/categories   r:/v1/categories/
2024/03/07 11:13:36.403  [D] [router.go:955]  |            ::1|[97;42m 200 [0m|  15.716166ms|   match|[97;44m GET     [0m /v1/items   r:/v1/items/
2024/03/07 11:13:46.230  [D] [router.go:955]  |            ::1|[97;42m 200 [0m|        496µs| nomatch|[90;47m OPTIONS [0m /v1/categories
2024/03/07 11:13:46.231  [D] [router.go:955]  |            ::1|[97;42m 200 [0m|    437.375µs| nomatch|[90;47m OPTIONS [0m /v1/items
2024/03/07 11:13:46.258  [D] [router.go:955]  |            ::1|[97;42m 200 [0m|  24.499083ms|   match|[97;44m GET     [0m /v1/categories   r:/v1/categories/
2024/03/07 11:13:46.264  [D] [router.go:955]  |            ::1|[97;42m 200 [0m|  30.408709ms|   match|[97;44m GET     [0m /v1/items   r:/v1/items/
2024/03/07 11:13:53.701  [D] [router.go:955]  |            ::1|[97;42m 200 [0m|    323.875µs| nomatch|[90;47m OPTIONS [0m /v1/items
2024/03/07 11:13:53.705  [D] [router.go:955]  |            ::1|[97;42m 200 [0m|   3.699958ms| nomatch|[90;47m OPTIONS [0m /v1/categories
2024/03/07 11:13:53.723  [D] [router.go:955]  |            ::1|[97;42m 200 [0m|  17.146292ms|   match|[97;44m GET     [0m /v1/categories   r:/v1/categories/
2024/03/07 11:13:53.725  [D] [router.go:955]  |            ::1|[97;42m 200 [0m|  19.002542ms|   match|[97;44m GET     [0m /v1/items   r:/v1/items/
2024/03/07 11:13:54.201  [D] [router.go:955]  |            ::1|[97;42m 200 [0m|   5.369209ms|   match|[97;44m GET     [0m /v1/categories   r:/v1/categories/
2024/03/07 11:13:54.204  [D] [router.go:955]  |            ::1|[97;42m 200 [0m|   3.737708ms|   match|[97;44m GET     [0m /v1/items   r:/v1/items/
2024/03/07 11:13:54.480  [D] [router.go:955]  |            ::1|[97;42m 200 [0m|   17.22625ms|   match|[97;44m GET     [0m /v1/categories   r:/v1/categories/
2024/03/07 11:13:54.480  [D] [router.go:955]  |            ::1|[97;42m 200 [0m|  17.971666ms|   match|[97;44m GET     [0m /v1/items   r:/v1/items/
2024/03/07 11:14:33.203  [D] [router.go:955]  |            ::1|[97;42m 200 [0m|   3.663083ms| nomatch|[90;47m OPTIONS [0m /v1/items
2024/03/07 11:14:33.202  [D] [router.go:955]  |            ::1|[97;42m 200 [0m|   3.703667ms| nomatch|[90;47m OPTIONS [0m /v1/categories
2024/03/07 11:14:33.243  [D] [router.go:955]  |            ::1|[97;42m 200 [0m|  35.403125ms|   match|[97;44m GET     [0m /v1/categories   r:/v1/categories/
2024/03/07 11:14:33.249  [D] [router.go:955]  |            ::1|[97;42m 200 [0m|  41.441542ms|   match|[97;44m GET     [0m /v1/items   r:/v1/items/
2024/03/07 11:28:27.885  [D] [router.go:955]  |            ::1|[97;42m 200 [0m|   2.012459ms| nomatch|[90;47m OPTIONS [0m /v1/items
2024/03/07 11:28:27.885  [D] [router.go:955]  |            ::1|[97;42m 200 [0m|   2.012333ms| nomatch|[90;47m OPTIONS [0m /v1/categories
2024/03/07 11:28:27.976  [D] [router.go:955]  |            ::1|[97;42m 200 [0m|  86.324916ms|   match|[97;44m GET     [0m /v1/categories   r:/v1/categories/
2024/03/07 11:28:27.977  [D] [router.go:955]  |            ::1|[97;42m 200 [0m|  88.077041ms|   match|[97;44m GET     [0m /v1/items   r:/v1/items/
2024/03/07 11:28:28.003  [D] [router.go:955]  |            ::1|[90;47m 304 [0m|   2.400958ms|   match|[97;44m GET     [0m /uploads/spiceNuts.jpeg
2024/03/07 11:28:28.014  [D] [router.go:955]  |            ::1|[90;47m 304 [0m|  14.361333ms|   match|[97;44m GET     [0m /uploads/Kori_theMaking.jpeg
2024/03/07 11:28:35.127  [D] [router.go:955]  |            ::1|[97;42m 200 [0m|     115.75µs| nomatch|[90;47m OPTIONS [0m /v1/items
2024/03/07 11:28:35.128  [D] [router.go:955]  |            ::1|[97;42m 200 [0m|    430.459µs| nomatch|[90;47m OPTIONS [0m /v1/categories
2024/03/07 11:28:35.162  [D] [router.go:955]  |            ::1|[97;42m 200 [0m|  32.881084ms|   match|[97;44m GET     [0m /v1/categories   r:/v1/categories/
2024/03/07 11:28:35.163  [D] [router.go:955]  |            ::1|[97;42m 200 [0m|  33.938708ms|   match|[97;44m GET     [0m /v1/items   r:/v1/items/
2024/03/07 11:28:51.641  [D] [router.go:955]  |            ::1|[97;42m 200 [0m|    224.333µs| nomatch|[90;47m OPTIONS [0m /v1/categories
2024/03/07 11:28:51.641  [D] [router.go:955]  |            ::1|[97;42m 200 [0m|      208.5µs| nomatch|[90;47m OPTIONS [0m /v1/items
2024/03/07 11:28:51.667  [D] [router.go:955]  |            ::1|[97;42m 200 [0m|  25.208083ms|   match|[97;44m GET     [0m /v1/categories   r:/v1/categories/
2024/03/07 11:28:51.684  [D] [router.go:955]  |            ::1|[97;42m 200 [0m|  42.377917ms|   match|[97;44m GET     [0m /v1/items   r:/v1/items/
