0001/01/01 00:00:00.000  [M] [log.go:268]  [HTTP] http: superfluous response.WriteHeader call from github.com/beego/beego/v2/server/web/context.(*Response).WriteHeader (context.go:230)
2024/03/11 03:55:21.881  [I] [parser.go:85]  /Users/bedeabbe/Desktop/projects/golang/ecommerce_item_processor/controllers no changed
2024/03/11 03:55:21.882  [I] [server.go:241]  http server Running on http://:8082
2024/03/11 03:55:41.163  [I] [parser.go:85]  /Users/bedeabbe/Desktop/projects/golang/ecommerce_item_processor/controllers no changed
2024/03/11 03:55:41.164  [I] [server.go:241]  http server Running on http://:8082
2024/03/11 03:55:41.961  [D] [router.go:955]  |            ::1|[97;42m 200 [0m|  10.588375ms|   match|[97;44m GET     [0m /v1/categories   r:/v1/categories/
2024/03/11 03:55:41.980  [D] [router.go:955]  |            ::1|[97;42m 200 [0m|   8.568958ms|   match|[97;44m GET     [0m /v1/features   r:/v1/features/
2024/03/11 03:55:41.983  [D] [router.go:955]  |            ::1|[97;42m 200 [0m|   1.782958ms|   match|[97;44m GET     [0m /v1/purposes   r:/v1/purposes/
2024/03/11 03:55:41.992  [D] [router.go:955]  |            ::1|[97;42m 200 [0m|     7.5995ms|   match|[97;44m GET     [0m /v1/items   r:/v1/items/
2024/03/11 03:55:42.260  [D] [router.go:955]  |            ::1|[97;42m 200 [0m|   1.465917ms|   match|[97;44m GET     [0m /v1/categories   r:/v1/categories/
2024/03/11 03:55:42.268  [D] [router.go:955]  |            ::1|[97;42m 200 [0m|   7.611375ms|   match|[97;44m GET     [0m /v1/items/29   r:/v1/items/:id
2024/03/11 03:55:42.277  [D] [router.go:955]  |            ::1|[97;42m 200 [0m|  12.905041ms|   match|[97;44m GET     [0m /v1/items/purposes/29   r:/v1/items/purposes/:id
2024/03/11 03:55:42.278  [D] [router.go:955]  |            ::1|[97;42m 200 [0m|  17.483334ms|   match|[97;44m GET     [0m /v1/items/features/29   r:/v1/items/features/:id
2024/03/11 03:55:42.279  [D] [router.go:955]  |            ::1|[97;42m 200 [0m|  18.490333ms|   match|[97;44m GET     [0m /v1/item-images/29   r:/v1/item-images/:id
2024/03/11 03:59:00.853  [I] [parser.go:413]  generate router from comments
2024/03/11 03:59:00.855  [I] [server.go:241]  http server Running on http://:8082
2024/03/11 03:59:04.940  [D] [router.go:955]  |            ::1|[97;42m 200 [0m|   7.353916ms|   match|[97;44m GET     [0m /v1/categories   r:/v1/categories/
2024/03/11 03:59:04.945  [D] [router.go:955]  |            ::1|[97;42m 200 [0m|   2.079375ms|   match|[97;44m GET     [0m /v1/features   r:/v1/features/
2024/03/11 03:59:04.948  [D] [router.go:955]  |            ::1|[97;42m 200 [0m|   1.763625ms|   match|[97;44m GET     [0m /v1/purposes   r:/v1/purposes/
2024/03/11 03:59:04.965  [D] [router.go:955]  |            ::1|[97;42m 200 [0m|  16.598708ms|   match|[97;44m GET     [0m /v1/items   r:/v1/items/
2024/03/11 03:59:05.200  [D] [router.go:955]  |            ::1|[97;42m 200 [0m|    8.22725ms|   match|[97;44m GET     [0m /v1/categories   r:/v1/categories/
2024/03/11 03:59:05.226  [D] [router.go:955]  |            ::1|[97;42m 200 [0m|  28.410875ms|   match|[97;44m GET     [0m /v1/items/features/29   r:/v1/items/features/:id
2024/03/11 03:59:05.226  [D] [router.go:955]  |            ::1|[97;42m 200 [0m|  31.644583ms|   match|[97;44m GET     [0m /v1/items/purposes/29   r:/v1/items/purposes/:id
2024/03/11 03:59:05.226  [D] [router.go:955]  |            ::1|[97;42m 200 [0m|  28.834917ms|   match|[97;44m GET     [0m /v1/item-images/29   r:/v1/item-images/:id
2024/03/11 03:59:05.228  [D] [router.go:955]  |            ::1|[97;42m 200 [0m|  33.472541ms|   match|[97;44m GET     [0m /v1/items/29   r:/v1/items/:id
2024/03/11 04:08:13.958  [D] [router.go:955]  |            ::1|[97;42m 200 [0m|  44.779333ms|   match|[97;44m GET     [0m /v1/categories   r:/v1/categories/
2024/03/11 04:08:14.004  [D] [router.go:955]  |            ::1|[97;42m 200 [0m|    32.2235ms|   match|[97;44m GET     [0m /v1/features   r:/v1/features/
2024/03/11 04:08:14.012  [D] [router.go:955]  |            ::1|[97;42m 200 [0m|   6.475625ms|   match|[97;44m GET     [0m /v1/purposes   r:/v1/purposes/
2024/03/11 04:08:14.054  [D] [router.go:955]  |            ::1|[97;42m 200 [0m|  41.689375ms|   match|[97;44m GET     [0m /v1/items   r:/v1/items/
2024/03/11 04:08:15.337  [D] [router.go:955]  |            ::1|[97;42m 200 [0m|   7.205041ms|   match|[97;44m GET     [0m /v1/categories   r:/v1/categories/
2024/03/11 04:08:15.344  [D] [router.go:955]  |            ::1|[97;42m 200 [0m|  12.792791ms|   match|[97;44m GET     [0m /v1/items/29   r:/v1/items/:id
2024/03/11 04:08:15.384  [D] [router.go:955]  |            ::1|[97;42m 200 [0m|  51.038083ms|   match|[97;44m GET     [0m /v1/item-images/29   r:/v1/item-images/:id
2024/03/11 04:08:15.468  [D] [router.go:955]  |            ::1|[97;42m 200 [0m|   3.894167ms|   match|[97;44m GET     [0m /v1/items/purposes/29   r:/v1/items/purposes/:id
2024/03/11 04:08:15.469  [D] [router.go:955]  |            ::1|[97;42m 200 [0m|    7.22225ms|   match|[97;44m GET     [0m /v1/items/features/29   r:/v1/items/features/:id
2024/03/11 04:10:08.060  [D] [router.go:955]  |            ::1|[97;42m 200 [0m|  45.203833ms|   match|[97;44m GET     [0m /v1/categories   r:/v1/categories/
2024/03/11 04:10:08.066  [D] [router.go:955]  |            ::1|[97;42m 200 [0m|   2.965833ms|   match|[97;44m GET     [0m /v1/features   r:/v1/features/
2024/03/11 04:10:08.069  [D] [router.go:955]  |            ::1|[97;42m 200 [0m|   1.857708ms|   match|[97;44m GET     [0m /v1/purposes   r:/v1/purposes/
2024/03/11 04:10:08.082  [D] [router.go:955]  |            ::1|[97;42m 200 [0m|     11.742ms|   match|[97;44m GET     [0m /v1/items   r:/v1/items/
2024/03/11 04:10:08.495  [D] [router.go:955]  |            ::1|[97;42m 200 [0m|   2.726291ms|   match|[97;44m GET     [0m /v1/categories   r:/v1/categories/
2024/03/11 04:10:08.513  [D] [router.go:955]  |            ::1|[97;42m 200 [0m|  18.997834ms|   match|[97;44m GET     [0m /v1/items/features/29   r:/v1/items/features/:id
2024/03/11 04:10:08.524  [D] [router.go:955]  |            ::1|[97;42m 200 [0m|  31.710667ms|   match|[97;44m GET     [0m /v1/items/29   r:/v1/items/:id
2024/03/11 04:10:08.567  [D] [router.go:955]  |            ::1|[97;42m 200 [0m|  73.930417ms|   match|[97;44m GET     [0m /v1/items/purposes/29   r:/v1/items/purposes/:id
2024/03/11 04:10:08.573  [D] [router.go:955]  |            ::1|[97;42m 200 [0m|  79.964791ms|   match|[97;44m GET     [0m /v1/item-images/29   r:/v1/item-images/:id
2024/03/11 04:11:01.805  [D] [router.go:955]  |            ::1|[97;42m 200 [0m|  44.353042ms|   match|[97;44m GET     [0m /v1/categories   r:/v1/categories/
2024/03/11 04:11:01.824  [D] [router.go:955]  |            ::1|[97;42m 200 [0m|  12.062458ms|   match|[97;44m GET     [0m /v1/features   r:/v1/features/
2024/03/11 04:11:01.836  [D] [router.go:955]  |            ::1|[97;42m 200 [0m|   6.222833ms|   match|[97;44m GET     [0m /v1/purposes   r:/v1/purposes/
2024/03/11 04:11:01.849  [D] [router.go:955]  |            ::1|[97;42m 200 [0m|  10.543166ms|   match|[97;44m GET     [0m /v1/items   r:/v1/items/
2024/03/11 04:11:04.635  [D] [router.go:955]  |            ::1|[97;42m 200 [0m|  10.077917ms|   match|[97;44m GET     [0m /v1/categories   r:/v1/categories/
2024/03/11 04:11:04.636  [D] [router.go:955]  |            ::1|[97;42m 200 [0m|  10.523583ms|   match|[97;44m GET     [0m /v1/items/29   r:/v1/items/:id
2024/03/11 04:11:04.659  [D] [router.go:955]  |            ::1|[97;42m 200 [0m|      32.49ms|   match|[97;44m GET     [0m /v1/item-images/29   r:/v1/item-images/:id
2024/03/11 04:11:04.667  [D] [router.go:955]  |            ::1|[97;42m 200 [0m|   2.227208ms|   match|[97;44m GET     [0m /v1/items/features/29   r:/v1/items/features/:id
2024/03/11 04:11:04.668  [D] [router.go:955]  |            ::1|[97;42m 200 [0m|   2.291583ms|   match|[97;44m GET     [0m /v1/items/purposes/29   r:/v1/items/purposes/:id
2024/03/11 04:11:27.867  [D] [router.go:955]  |            ::1|[97;42m 200 [0m|      9.377ms|   match|[97;44m GET     [0m /v1/categories   r:/v1/categories/
2024/03/11 04:11:27.880  [D] [router.go:955]  |            ::1|[97;42m 200 [0m|   2.288584ms|   match|[97;44m GET     [0m /v1/features   r:/v1/features/
2024/03/11 04:11:27.884  [D] [router.go:955]  |            ::1|[97;42m 200 [0m|    2.63225ms|   match|[97;44m GET     [0m /v1/purposes   r:/v1/purposes/
2024/03/11 04:11:27.896  [D] [router.go:955]  |            ::1|[97;42m 200 [0m|   10.86725ms|   match|[97;44m GET     [0m /v1/items   r:/v1/items/
2024/03/11 04:11:28.026  [D] [router.go:955]  |            ::1|[97;42m 200 [0m|   1.309291ms|   match|[97;44m GET     [0m /v1/categories   r:/v1/categories/
2024/03/11 04:11:28.034  [D] [router.go:955]  |            ::1|[97;42m 200 [0m|   9.034167ms|   match|[97;44m GET     [0m /v1/items/29   r:/v1/items/:id
2024/03/11 04:11:28.037  [D] [router.go:955]  |            ::1|[97;42m 200 [0m|   9.318166ms|   match|[97;44m GET     [0m /v1/items/features/29   r:/v1/items/features/:id
2024/03/11 04:11:28.043  [D] [router.go:955]  |            ::1|[97;42m 200 [0m|   3.100041ms|   match|[97;44m GET     [0m /v1/items/purposes/29   r:/v1/items/purposes/:id
2024/03/11 04:11:28.049  [D] [router.go:955]  |            ::1|[97;42m 200 [0m|  23.889083ms|   match|[97;44m GET     [0m /v1/item-images/29   r:/v1/item-images/:id
2024/03/11 04:11:32.926  [D] [router.go:955]  |            ::1|[97;42m 200 [0m|    481.083µs| nomatch|[90;47m OPTIONS [0m /v1/item-features
2024/03/11 04:11:32.982  [D] [router.go:955]  |            ::1|[97;42m 200 [0m|  53.566041ms|   match|[97;46m POST    [0m /v1/item-features   r:/v1/item-features/
2024/03/11 04:11:32.987  [D] [router.go:955]  |            ::1|[97;42m 200 [0m|   1.949292ms|   match|[97;44m GET     [0m /v1/items/features/29   r:/v1/items/features/:id
2024/03/11 04:11:35.603  [D] [router.go:955]  |            ::1|[97;42m 200 [0m|   32.61525ms|   match|[97;46m POST    [0m /v1/item-features   r:/v1/item-features/
2024/03/11 04:11:35.609  [D] [router.go:955]  |            ::1|[97;42m 200 [0m|      1.823ms|   match|[97;44m GET     [0m /v1/items/features/29   r:/v1/items/features/:id
2024/03/11 04:11:37.652  [D] [router.go:955]  |            ::1|[97;42m 200 [0m|     134.75µs| nomatch|[90;47m OPTIONS [0m /v1/item-features/4
2024/03/11 04:11:37.665  [D] [router.go:955]  |            ::1|[97;42m 200 [0m|   11.51075ms|   match|[97;41m DELETE  [0m /v1/item-features/4   r:/v1/item-features/:id
2024/03/11 04:11:37.673  [D] [router.go:955]  |            ::1|[97;42m 200 [0m|    5.25225ms|   match|[97;44m GET     [0m /v1/items/features/29   r:/v1/items/features/:id
2024/03/11 04:12:16.888  [D] [router.go:955]  |            ::1|[97;42m 200 [0m|  10.473791ms|   match|[97;44m GET     [0m /v1/categories   r:/v1/categories/
2024/03/11 04:12:16.898  [D] [router.go:955]  |            ::1|[97;42m 200 [0m|    2.33575ms|   match|[97;44m GET     [0m /v1/features   r:/v1/features/
2024/03/11 04:12:16.901  [D] [router.go:955]  |            ::1|[97;42m 200 [0m|   1.972125ms|   match|[97;44m GET     [0m /v1/purposes   r:/v1/purposes/
2024/03/11 04:12:16.907  [D] [router.go:955]  |            ::1|[97;42m 200 [0m|   4.646542ms|   match|[97;44m GET     [0m /v1/items   r:/v1/items/
2024/03/11 04:12:17.150  [D] [router.go:955]  |            ::1|[97;42m 200 [0m|   2.624416ms|   match|[97;44m GET     [0m /v1/categories   r:/v1/categories/
2024/03/11 04:12:17.152  [D] [router.go:955]  |            ::1|[97;42m 200 [0m|   3.952125ms|   match|[97;44m GET     [0m /v1/items/29   r:/v1/items/:id
2024/03/11 04:12:17.154  [D] [router.go:955]  |            ::1|[97;42m 200 [0m|    1.46025ms|   match|[97;44m GET     [0m /v1/items/features/29   r:/v1/items/features/:id
2024/03/11 04:12:17.155  [D] [router.go:955]  |            ::1|[97;42m 200 [0m|   1.644958ms|   match|[97;44m GET     [0m /v1/items/purposes/29   r:/v1/items/purposes/:id
2024/03/11 04:12:17.167  [D] [router.go:955]  |            ::1|[97;42m 200 [0m|   18.39725ms|   match|[97;44m GET     [0m /v1/item-images/29   r:/v1/item-images/:id
2024/03/11 04:12:22.363  [D] [router.go:955]  |            ::1|[97;42m 200 [0m|    325.791µs| nomatch|[90;47m OPTIONS [0m /v1/item-features
2024/03/11 04:12:22.412  [D] [router.go:955]  |            ::1|[97;42m 200 [0m|  48.209958ms|   match|[97;46m POST    [0m /v1/item-features   r:/v1/item-features/
2024/03/11 04:12:22.423  [D] [router.go:955]  |            ::1|[97;42m 200 [0m|   4.313875ms|   match|[97;44m GET     [0m /v1/items/features/29   r:/v1/items/features/:id
2024/03/11 04:12:24.899  [D] [router.go:955]  |            ::1|[97;42m 200 [0m|   1.157958ms| nomatch|[90;47m OPTIONS [0m /v1/item-features/3
2024/03/11 04:12:24.924  [D] [router.go:955]  |            ::1|[97;42m 200 [0m|  23.797417ms|   match|[97;41m DELETE  [0m /v1/item-features/3   r:/v1/item-features/:id
2024/03/11 04:12:24.934  [D] [router.go:955]  |            ::1|[97;42m 200 [0m|    1.86475ms|   match|[97;44m GET     [0m /v1/items/features/29   r:/v1/items/features/:id
2024/03/11 04:12:27.379  [D] [router.go:955]  |            ::1|[97;42m 200 [0m|     916.25µs| nomatch|[90;47m OPTIONS [0m /v1/item-features
2024/03/11 04:12:27.401  [D] [router.go:955]  |            ::1|[97;42m 200 [0m|  20.866625ms|   match|[97;46m POST    [0m /v1/item-features   r:/v1/item-features/
2024/03/11 04:12:27.415  [D] [router.go:955]  |            ::1|[97;42m 200 [0m|   7.478875ms|   match|[97;44m GET     [0m /v1/items/features/29   r:/v1/items/features/:id
2024/03/11 04:12:29.448  [D] [router.go:955]  |            ::1|[97;42m 200 [0m|    2.70475ms|   match|[97;41m DELETE  [0m /v1/item-features/3   r:/v1/item-features/:id
2024/03/11 04:12:29.456  [D] [router.go:955]  |            ::1|[97;42m 200 [0m|   3.602083ms|   match|[97;44m GET     [0m /v1/items/features/29   r:/v1/items/features/:id
2024/03/11 04:12:33.077  [D] [router.go:955]  |            ::1|[97;42m 200 [0m|    180.417µs| nomatch|[90;47m OPTIONS [0m /v1/item-features
2024/03/11 04:12:33.089  [D] [router.go:955]  |            ::1|[97;42m 200 [0m|   10.65225ms|   match|[97;46m POST    [0m /v1/item-features   r:/v1/item-features/
2024/03/11 04:12:33.097  [D] [router.go:955]  |            ::1|[97;42m 200 [0m|      4.753ms|   match|[97;44m GET     [0m /v1/items/features/29   r:/v1/items/features/:id
2024/03/11 04:12:35.424  [D] [router.go:955]  |            ::1|[97;42m 200 [0m|   5.716709ms|   match|[97;46m POST    [0m /v1/item-features   r:/v1/item-features/
2024/03/11 04:12:35.431  [D] [router.go:955]  |            ::1|[97;42m 200 [0m|   3.208417ms|   match|[97;44m GET     [0m /v1/items/features/29   r:/v1/items/features/:id
2024/03/11 04:12:37.751  [D] [router.go:955]  |            ::1|[97;42m 200 [0m|    281.041µs| nomatch|[90;47m OPTIONS [0m /v1/item-features/4
2024/03/11 04:12:37.758  [D] [router.go:955]  |            ::1|[97;42m 200 [0m|   5.623292ms|   match|[97;41m DELETE  [0m /v1/item-features/4   r:/v1/item-features/:id
2024/03/11 04:12:37.765  [D] [router.go:955]  |            ::1|[97;42m 200 [0m|    1.88225ms|   match|[97;44m GET     [0m /v1/items/features/29   r:/v1/items/features/:id
2024/03/11 04:12:38.619  [D] [router.go:955]  |            ::1|[97;42m 200 [0m|    502.917µs| nomatch|[90;47m OPTIONS [0m /v1/item-features/5
2024/03/11 04:12:38.634  [D] [router.go:955]  |            ::1|[97;42m 200 [0m|  13.911042ms|   match|[97;41m DELETE  [0m /v1/item-features/5   r:/v1/item-features/:id
2024/03/11 04:12:38.639  [D] [router.go:955]  |            ::1|[97;42m 200 [0m|   1.593416ms|   match|[97;44m GET     [0m /v1/items/features/29   r:/v1/items/features/:id
2024/03/11 04:12:45.028  [D] [router.go:955]  |            ::1|[97;42m 200 [0m|    904.959µs| nomatch|[90;47m OPTIONS [0m /v1/item-features
2024/03/11 04:12:45.046  [D] [router.go:955]  |            ::1|[97;42m 200 [0m|    15.1955ms|   match|[97;46m POST    [0m /v1/item-features   r:/v1/item-features/
2024/03/11 04:12:45.062  [D] [router.go:955]  |            ::1|[97;42m 200 [0m|   3.504292ms|   match|[97;44m GET     [0m /v1/items/features/29   r:/v1/items/features/:id
2024/03/11 04:12:47.091  [D] [router.go:955]  |            ::1|[97;42m 200 [0m|    112.458µs| nomatch|[90;47m OPTIONS [0m /v1/item-features/5
2024/03/11 04:12:47.095  [D] [router.go:955]  |            ::1|[97;42m 200 [0m|   2.489667ms|   match|[97;41m DELETE  [0m /v1/item-features/5   r:/v1/item-features/:id
2024/03/11 04:12:47.100  [D] [router.go:955]  |            ::1|[97;42m 200 [0m|     1.9905ms|   match|[97;44m GET     [0m /v1/items/features/29   r:/v1/items/features/:id
2024/03/11 04:24:07.963  [D] [router.go:955]  |            ::1|[97;42m 200 [0m|  48.891666ms|   match|[97;44m GET     [0m /v1/categories   r:/v1/categories/
2024/03/11 04:24:07.974  [D] [router.go:955]  |            ::1|[97;42m 200 [0m|   3.017333ms|   match|[97;44m GET     [0m /v1/features   r:/v1/features/
2024/03/11 04:24:07.976  [D] [router.go:955]  |            ::1|[97;42m 200 [0m|    1.20125ms|   match|[97;44m GET     [0m /v1/purposes   r:/v1/purposes/
2024/03/11 04:24:07.983  [D] [router.go:955]  |            ::1|[97;42m 200 [0m|   7.290792ms|   match|[97;44m GET     [0m /v1/items   r:/v1/items/
2024/03/11 04:24:08.844  [D] [router.go:955]  |            ::1|[97;42m 200 [0m|   3.674084ms|   match|[97;44m GET     [0m /v1/categories   r:/v1/categories/
2024/03/11 04:24:08.856  [D] [router.go:955]  |            ::1|[97;42m 200 [0m|     7.7505ms|   match|[97;44m GET     [0m /v1/items/29   r:/v1/items/:id
2024/03/11 04:24:08.862  [D] [router.go:955]  |            ::1|[97;42m 200 [0m|  10.964167ms|   match|[97;44m GET     [0m /v1/item-images/29   r:/v1/item-images/:id
2024/03/11 04:24:08.876  [D] [router.go:955]  |            ::1|[97;42m 200 [0m|   3.063042ms|   match|[97;44m GET     [0m /v1/items/features/29   r:/v1/items/features/:id
2024/03/11 04:24:08.877  [D] [router.go:955]  |            ::1|[97;42m 200 [0m|   4.145709ms|   match|[97;44m GET     [0m /v1/items/purposes/29   r:/v1/items/purposes/:id
2024/03/11 04:24:19.168  [D] [router.go:955]  |            ::1|[97;42m 200 [0m|      10.84ms|   match|[97;44m GET     [0m /v1/categories   r:/v1/categories/
2024/03/11 04:24:19.174  [D] [router.go:955]  |            ::1|[97;42m 200 [0m|   1.367541ms|   match|[97;44m GET     [0m /v1/features   r:/v1/features/
2024/03/11 04:24:19.177  [D] [router.go:955]  |            ::1|[97;42m 200 [0m|   1.722833ms|   match|[97;44m GET     [0m /v1/purposes   r:/v1/purposes/
2024/03/11 04:24:19.191  [D] [router.go:955]  |            ::1|[97;42m 200 [0m|  12.629709ms|   match|[97;44m GET     [0m /v1/items   r:/v1/items/
2024/03/11 04:24:20.174  [D] [router.go:955]  |            ::1|[97;42m 200 [0m|  24.405667ms|   match|[97;44m GET     [0m /v1/categories   r:/v1/categories/
2024/03/11 04:24:20.215  [D] [router.go:955]  |            ::1|[97;42m 200 [0m|  16.656917ms|   match|[97;44m GET     [0m /v1/items/29   r:/v1/items/:id
2024/03/11 04:24:20.226  [D] [router.go:955]  |            ::1|[97;42m 200 [0m|    6.52825ms|   match|[97;44m GET     [0m /v1/item-images/29   r:/v1/item-images/:id
2024/03/11 04:24:20.240  [D] [router.go:955]  |            ::1|[97;42m 200 [0m|   2.247042ms|   match|[97;44m GET     [0m /v1/items/features/29   r:/v1/items/features/:id
2024/03/11 04:24:20.245  [D] [router.go:955]  |            ::1|[97;42m 200 [0m|   1.775416ms|   match|[97;44m GET     [0m /v1/items/purposes/29   r:/v1/items/purposes/:id
2024/03/11 04:24:47.361  [D] [router.go:955]  |            ::1|[97;42m 200 [0m|     7.8085ms|   match|[97;44m GET     [0m /v1/categories   r:/v1/categories/
2024/03/11 04:24:47.366  [D] [router.go:955]  |            ::1|[97;42m 200 [0m|   1.999958ms|   match|[97;44m GET     [0m /v1/features   r:/v1/features/
2024/03/11 04:24:47.368  [D] [router.go:955]  |            ::1|[97;42m 200 [0m|    1.57325ms|   match|[97;44m GET     [0m /v1/purposes   r:/v1/purposes/
2024/03/11 04:24:47.374  [D] [router.go:955]  |            ::1|[97;42m 200 [0m|   4.985208ms|   match|[97;44m GET     [0m /v1/items   r:/v1/items/
2024/03/11 04:24:47.652  [D] [router.go:955]  |            ::1|[97;42m 200 [0m|    2.25275ms|   match|[97;44m GET     [0m /v1/categories   r:/v1/categories/
2024/03/11 04:24:47.655  [D] [router.go:955]  |            ::1|[97;42m 200 [0m|   2.509917ms|   match|[97;44m GET     [0m /v1/item-images/29   r:/v1/item-images/:id
2024/03/11 04:24:47.659  [D] [router.go:955]  |            ::1|[97;42m 200 [0m|   8.898916ms|   match|[97;44m GET     [0m /v1/items/29   r:/v1/items/:id
2024/03/11 04:24:47.661  [D] [router.go:955]  |            ::1|[97;42m 200 [0m|    2.28425ms|   match|[97;44m GET     [0m /v1/items/purposes/29   r:/v1/items/purposes/:id
2024/03/11 04:24:47.701  [D] [router.go:955]  |            ::1|[97;42m 200 [0m|  46.316834ms|   match|[97;44m GET     [0m /v1/items/features/29   r:/v1/items/features/:id
2024/03/11 04:25:37.726  [D] [router.go:955]  |            ::1|[97;42m 200 [0m|  13.185958ms|   match|[97;44m GET     [0m /v1/categories   r:/v1/categories/
2024/03/11 04:25:37.732  [D] [router.go:955]  |            ::1|[97;42m 200 [0m|   2.598792ms|   match|[97;44m GET     [0m /v1/features   r:/v1/features/
2024/03/11 04:25:37.734  [D] [router.go:955]  |            ::1|[97;42m 200 [0m|      1.356ms|   match|[97;44m GET     [0m /v1/purposes   r:/v1/purposes/
2024/03/11 04:25:37.741  [D] [router.go:955]  |            ::1|[97;42m 200 [0m|     6.1765ms|   match|[97;44m GET     [0m /v1/items   r:/v1/items/
2024/03/11 04:25:38.606  [D] [router.go:955]  |            ::1|[97;42m 200 [0m|   5.176667ms|   match|[97;44m GET     [0m /v1/items/29   r:/v1/items/:id
2024/03/11 04:25:38.606  [D] [router.go:955]  |            ::1|[97;42m 200 [0m|   5.845333ms|   match|[97;44m GET     [0m /v1/categories   r:/v1/categories/
2024/03/11 04:25:38.638  [D] [router.go:955]  |            ::1|[97;42m 200 [0m|  34.026708ms|   match|[97;44m GET     [0m /v1/item-images/29   r:/v1/item-images/:id
2024/03/11 04:25:38.638  [D] [router.go:955]  |            ::1|[97;42m 200 [0m|  34.028917ms|   match|[97;44m GET     [0m /v1/items/purposes/29   r:/v1/items/purposes/:id
2024/03/11 04:25:38.638  [D] [router.go:955]  |            ::1|[97;42m 200 [0m|   36.82825ms|   match|[97;44m GET     [0m /v1/items/features/29   r:/v1/items/features/:id
2024/03/11 04:25:44.004  [D] [router.go:955]  |            ::1|[97;42m 200 [0m|    419.417µs| nomatch|[90;47m OPTIONS [0m /v1/item-purposes
2024/03/11 04:25:44.067  [D] [router.go:955]  |            ::1|[97;42m 200 [0m|  62.039625ms|   match|[97;46m POST    [0m /v1/item-purposes   r:/v1/item-purposes/
2024/03/11 04:25:44.074  [D] [router.go:955]  |            ::1|[97;42m 200 [0m|     2.3795ms|   match|[97;44m GET     [0m /v1/items/purposes/29   r:/v1/items/purposes/:id
2024/03/11 04:25:50.730  [D] [router.go:955]  |            ::1|[97;42m 200 [0m|   6.235041ms|   match|[97;44m GET     [0m /v1/categories   r:/v1/categories/
2024/03/11 04:25:50.735  [D] [router.go:955]  |            ::1|[97;42m 200 [0m|   1.869333ms|   match|[97;44m GET     [0m /v1/features   r:/v1/features/
2024/03/11 04:25:50.751  [D] [router.go:955]  |            ::1|[97;42m 200 [0m|  10.250375ms|   match|[97;44m GET     [0m /v1/purposes   r:/v1/purposes/
2024/03/11 04:25:50.759  [D] [router.go:955]  |            ::1|[97;42m 200 [0m|   6.031833ms|   match|[97;44m GET     [0m /v1/items   r:/v1/items/
2024/03/11 04:25:50.872  [D] [router.go:955]  |            ::1|[97;42m 200 [0m|   8.754875ms|   match|[97;44m GET     [0m /v1/items/29   r:/v1/items/:id
2024/03/11 04:25:50.872  [D] [router.go:955]  |            ::1|[97;42m 200 [0m|    8.64175ms|   match|[97;44m GET     [0m /v1/items/purposes/29   r:/v1/items/purposes/:id
2024/03/11 04:25:50.885  [D] [router.go:955]  |            ::1|[97;42m 200 [0m|  21.644291ms|   match|[97;44m GET     [0m /v1/items/features/29   r:/v1/items/features/:id
2024/03/11 04:25:50.891  [D] [router.go:955]  |            ::1|[97;42m 200 [0m|  21.616625ms|   match|[97;44m GET     [0m /v1/categories   r:/v1/categories/
2024/03/11 04:25:50.892  [D] [router.go:955]  |            ::1|[97;42m 200 [0m|  24.952709ms|   match|[97;44m GET     [0m /v1/item-images/29   r:/v1/item-images/:id
2024/03/11 04:26:33.373  [D] [router.go:955]  |            ::1|[97;42m 200 [0m|   30.81925ms|   match|[97;44m GET     [0m /v1/categories   r:/v1/categories/
2024/03/11 04:26:33.379  [D] [router.go:955]  |            ::1|[97;42m 200 [0m|    2.24525ms|   match|[97;44m GET     [0m /v1/features   r:/v1/features/
2024/03/11 04:26:33.381  [D] [router.go:955]  |            ::1|[97;42m 200 [0m|     879.25µs|   match|[97;44m GET     [0m /v1/purposes   r:/v1/purposes/
2024/03/11 04:26:33.386  [D] [router.go:955]  |            ::1|[97;42m 200 [0m|   5.119209ms|   match|[97;44m GET     [0m /v1/items   r:/v1/items/
2024/03/11 04:26:33.496  [D] [router.go:955]  |            ::1|[97;42m 200 [0m|   1.320375ms|   match|[97;44m GET     [0m /v1/categories   r:/v1/categories/
2024/03/11 04:26:33.498  [D] [router.go:955]  |            ::1|[97;42m 200 [0m|   3.285666ms|   match|[97;44m GET     [0m /v1/items/features/29   r:/v1/items/features/:id
2024/03/11 04:26:33.501  [D] [router.go:955]  |            ::1|[97;42m 200 [0m|      4.202ms|   match|[97;44m GET     [0m /v1/item-images/29   r:/v1/item-images/:id
2024/03/11 04:26:33.514  [D] [router.go:955]  |            ::1|[97;42m 200 [0m|  19.166666ms|   match|[97;44m GET     [0m /v1/items/purposes/29   r:/v1/items/purposes/:id
2024/03/11 04:26:33.515  [D] [router.go:955]  |            ::1|[97;42m 200 [0m|   20.99975ms|   match|[97;44m GET     [0m /v1/items/29   r:/v1/items/:id
2024/03/11 04:27:21.959  [D] [router.go:955]  |            ::1|[97;42m 200 [0m|  17.018166ms|   match|[97;44m GET     [0m /v1/categories   r:/v1/categories/
2024/03/11 04:27:21.963  [D] [router.go:955]  |            ::1|[97;42m 200 [0m|   1.556458ms|   match|[97;44m GET     [0m /v1/features   r:/v1/features/
2024/03/11 04:27:21.971  [D] [router.go:955]  |            ::1|[97;42m 200 [0m|   5.909583ms|   match|[97;44m GET     [0m /v1/purposes   r:/v1/purposes/
2024/03/11 04:27:21.977  [D] [router.go:955]  |            ::1|[97;42m 200 [0m|    4.90075ms|   match|[97;44m GET     [0m /v1/items   r:/v1/items/
2024/03/11 04:27:22.485  [D] [router.go:955]  |            ::1|[97;42m 200 [0m|   2.455833ms|   match|[97;44m GET     [0m /v1/categories   r:/v1/categories/
2024/03/11 04:27:22.490  [D] [router.go:955]  |            ::1|[97;42m 200 [0m|   4.950959ms|   match|[97;44m GET     [0m /v1/items/29   r:/v1/items/:id
2024/03/11 04:27:22.490  [D] [router.go:955]  |            ::1|[97;42m 200 [0m|   4.358708ms|   match|[97;44m GET     [0m /v1/item-images/29   r:/v1/item-images/:id
2024/03/11 04:27:22.519  [D] [router.go:955]  |            ::1|[97;42m 200 [0m|   6.859875ms|   match|[97;44m GET     [0m /v1/items/features/29   r:/v1/items/features/:id
2024/03/11 04:27:22.524  [D] [router.go:955]  |            ::1|[97;42m 200 [0m|   2.500084ms|   match|[97;44m GET     [0m /v1/items/purposes/29   r:/v1/items/purposes/:id
2024/03/11 04:27:44.657  [D] [router.go:955]  |            ::1|[97;42m 200 [0m|     6.9655ms|   match|[97;44m GET     [0m /v1/categories   r:/v1/categories/
2024/03/11 04:27:44.661  [D] [router.go:955]  |            ::1|[97;42m 200 [0m|   1.529083ms|   match|[97;44m GET     [0m /v1/features   r:/v1/features/
2024/03/11 04:27:44.663  [D] [router.go:955]  |            ::1|[97;42m 200 [0m|   1.519917ms|   match|[97;44m GET     [0m /v1/purposes   r:/v1/purposes/
2024/03/11 04:27:44.667  [D] [router.go:955]  |            ::1|[97;42m 200 [0m|   3.231375ms|   match|[97;44m GET     [0m /v1/items   r:/v1/items/
2024/03/11 04:27:44.775  [D] [router.go:955]  |            ::1|[97;42m 200 [0m|   3.218834ms|   match|[97;44m GET     [0m /v1/categories   r:/v1/categories/
2024/03/11 04:27:44.779  [D] [router.go:955]  |            ::1|[97;42m 200 [0m|   7.144458ms|   match|[97;44m GET     [0m /v1/items/29   r:/v1/items/:id
2024/03/11 04:27:44.798  [D] [router.go:955]  |            ::1|[97;42m 200 [0m|   2.779458ms|   match|[97;44m GET     [0m /v1/items/features/29   r:/v1/items/features/:id
2024/03/11 04:27:44.798  [D] [router.go:955]  |            ::1|[97;42m 200 [0m|   3.452583ms|   match|[97;44m GET     [0m /v1/item-images/29   r:/v1/item-images/:id
2024/03/11 04:27:44.818  [D] [router.go:955]  |            ::1|[97;42m 200 [0m|  22.561333ms|   match|[97;44m GET     [0m /v1/items/purposes/29   r:/v1/items/purposes/:id
2024/03/11 04:33:37.613  [I] [parser.go:85]  /Users/bedeabbe/Desktop/projects/golang/ecommerce_item_processor/controllers no changed
2024/03/11 04:33:37.617  [I] [server.go:241]  http server Running on http://:8082
2024/03/11 04:35:43.568  [I] [parser.go:413]  generate router from comments
2024/03/11 04:35:43.570  [I] [server.go:241]  http server Running on http://:8082
2024/03/11 04:35:52.858  [D] [router.go:955]  |            ::1|[97;42m 200 [0m|  26.854666ms|   match|[97;44m GET     [0m /v1/categories   r:/v1/categories/
2024/03/11 04:35:52.867  [D] [router.go:955]  |            ::1|[97;42m 200 [0m|   2.794834ms|   match|[97;44m GET     [0m /v1/features   r:/v1/features/
2024/03/11 04:35:52.871  [D] [router.go:955]  |            ::1|[97;42m 200 [0m|   2.318417ms|   match|[97;44m GET     [0m /v1/purposes   r:/v1/purposes/
2024/03/11 04:35:52.883  [D] [router.go:955]  |            ::1|[97;42m 200 [0m|  11.174834ms|   match|[97;44m GET     [0m /v1/items   r:/v1/items/
2024/03/11 04:35:53.138  [D] [router.go:955]  |            ::1|[97;42m 200 [0m|   2.276959ms|   match|[97;44m GET     [0m /v1/categories   r:/v1/categories/
2024/03/11 04:35:53.163  [C] [config.go:190]  the request url is  /v1/items/features/29
2024/03/11 04:35:53.163  [C] [config.go:191]  Handler crashed with error wrong object type `*[]models.Item_features2` for rows scan, need *[]*item_processor/models.Item_features or *[]item_processor/models.Item_features
2024/03/11 04:35:53.163  [C] [config.go:197]  /usr/local/go/src/runtime/panic.go:770
2024/03/11 04:35:53.164  [C] [config.go:197]  /Users/bedeabbe/go/pkg/mod/github.com/beego/beego/v2@v2.0.1/client/orm/db.go:977
2024/03/11 04:35:53.164  [C] [config.go:197]  /Users/bedeabbe/go/pkg/mod/github.com/beego/beego/v2@v2.0.1/client/orm/orm_queryset.go:244
2024/03/11 04:35:53.164  [C] [config.go:197]  /Users/bedeabbe/Desktop/projects/golang/ecommerce_item_processor/models/item_features.go:52
2024/03/11 04:35:53.164  [C] [config.go:197]  /Users/bedeabbe/Desktop/projects/golang/ecommerce_item_processor/controllers/items.go:161
2024/03/11 04:35:53.164  [C] [config.go:197]  /Users/bedeabbe/go/pkg/mod/github.com/beego/beego/v2@v2.0.1/server/web/controller.go:220
2024/03/11 04:35:53.164  [C] [config.go:197]  /Users/bedeabbe/go/pkg/mod/github.com/beego/beego/v2@v2.0.1/server/web/router.go:879
2024/03/11 04:35:53.164  [C] [config.go:197]  /Users/bedeabbe/go/pkg/mod/github.com/beego/beego/v2@v2.0.1/server/web/filter.go:81
2024/03/11 04:35:53.164  [C] [config.go:197]  /Users/bedeabbe/go/pkg/mod/github.com/beego/beego/v2@v2.0.1/server/web/router.go:664
2024/03/11 04:35:53.164  [C] [config.go:197]  /usr/local/go/src/net/http/server.go:3137
2024/03/11 04:35:53.164  [C] [config.go:197]  /usr/local/go/src/net/http/server.go:2039
2024/03/11 04:35:53.165  [C] [config.go:197]  /usr/local/go/src/runtime/asm_arm64.s:1222
