0001/01/01 00:00:00.000  [M] [log.go:268]  [HTTP] http: superfluous response.WriteHeader call from github.com/beego/beego/v2/server/web/context.(*Response).WriteHeader (context.go:230)
2024/03/11 03:48:31.613  [D] [router.go:955]  |            ::1|[97;42m 200 [0m|    143.698ms|   match|[97;44m GET     [0m /v1/item-images/29   r:/v1/item-images/:id
2024/03/11 03:51:29.773  [D] [router.go:955]  |            ::1|[97;42m 200 [0m|  28.256208ms|   match|[97;44m GET     [0m /v1/categories   r:/v1/categories/
2024/03/11 03:51:29.779  [D] [router.go:955]  |            ::1|[97;42m 200 [0m|    2.34775ms|   match|[97;44m GET     [0m /v1/features   r:/v1/features/
2024/03/11 03:51:29.783  [D] [router.go:955]  |            ::1|[97;42m 200 [0m|   1.463375ms|   match|[97;44m GET     [0m /v1/purposes   r:/v1/purposes/
2024/03/11 03:51:29.789  [D] [router.go:955]  |            ::1|[97;42m 200 [0m|   4.939625ms|   match|[97;44m GET     [0m /v1/items   r:/v1/items/
2024/03/11 03:51:30.597  [D] [router.go:955]  |            ::1|[97;42m 200 [0m|   3.640584ms|   match|[97;44m GET     [0m /v1/categories   r:/v1/categories/
2024/03/11 03:51:30.608  [D] [router.go:955]  |            ::1|[97;42m 200 [0m|  14.205542ms|   match|[97;44m GET     [0m /v1/items/29   r:/v1/items/:id
2024/03/11 03:51:30.608  [D] [router.go:955]  |            ::1|[97;42m 200 [0m|  10.643166ms|   match|[97;44m GET     [0m /v1/item-images/29   r:/v1/item-images/:id
2024/03/11 03:51:30.619  [C] [config.go:190]  the request url is  /v1/items/features/29
2024/03/11 03:51:30.619  [C] [config.go:191]  Handler crashed with error wrong object type `**[]models.Item_features` for rows scan, need *item_processor/models.Item_features
2024/03/11 03:51:30.620  [C] [config.go:197]  /usr/local/go/src/runtime/panic.go:770
2024/03/11 03:51:30.621  [C] [config.go:197]  /Users/bedeabbe/go/pkg/mod/github.com/beego/beego/v2@v2.0.1/client/orm/db.go:975
2024/03/11 03:51:30.622  [C] [config.go:197]  /Users/bedeabbe/go/pkg/mod/github.com/beego/beego/v2@v2.0.1/client/orm/orm_queryset.go:244
2024/03/11 03:51:30.623  [C] [config.go:197]  /Users/bedeabbe/Desktop/projects/golang/ecommerce_item_processor/models/item_features.go:51
2024/03/11 03:51:30.623  [C] [config.go:197]  /Users/bedeabbe/Desktop/projects/golang/ecommerce_item_processor/controllers/items.go:161
2024/03/11 03:51:30.623  [C] [config.go:197]  /Users/bedeabbe/go/pkg/mod/github.com/beego/beego/v2@v2.0.1/server/web/controller.go:220
2024/03/11 03:51:30.623  [C] [config.go:197]  /Users/bedeabbe/go/pkg/mod/github.com/beego/beego/v2@v2.0.1/server/web/router.go:879
2024/03/11 03:51:30.623  [C] [config.go:197]  /Users/bedeabbe/go/pkg/mod/github.com/beego/beego/v2@v2.0.1/server/web/filter.go:81
2024/03/11 03:51:30.623  [C] [config.go:197]  /Users/bedeabbe/go/pkg/mod/github.com/beego/beego/v2@v2.0.1/server/web/router.go:664
2024/03/11 03:51:30.623  [C] [config.go:197]  /usr/local/go/src/net/http/server.go:3137
2024/03/11 03:51:30.623  [C] [config.go:197]  /usr/local/go/src/net/http/server.go:2039
2024/03/11 03:51:30.624  [C] [config.go:197]  /usr/local/go/src/runtime/asm_arm64.s:1222
