2024/03/05 06:53:34.348  [D] [router.go:955]  |            ::1|[97;42m 200 [0m| 124.316375ms|   match|[97;44m GET     [0m /v1/categories   r:/v1/categories/
2024/03/05 06:53:34.423  [D] [router.go:955]  |            ::1|[97;42m 200 [0m|    43.2275ms|   match|[97;44m GET     [0m /v1/items   r:/v1/items/
2024/03/05 06:53:35.001  [D] [router.go:955]  |            ::1|[90;47m 304 [0m|   3.050042ms|   match|[97;44m GET     [0m /uploads/spiceNuts.jpeg
2024/03/05 06:53:35.010  [D] [router.go:955]  |            ::1|[90;47m 304 [0m|     1.3315ms|   match|[97;44m GET     [0m /uploads/circle3.png
2024/03/05 06:53:35.010  [D] [router.go:955]  |            ::1|[90;47m 304 [0m|    992.375µs|   match|[97;44m GET     [0m /uploads/circle2.jpeg
2024/03/05 06:53:35.011  [D] [router.go:955]  |            ::1|[90;47m 304 [0m|    875.375µs|   match|[97;44m GET     [0m /uploads/circle.jpeg
2024/03/05 06:55:05.616  [D] [router.go:955]  |            ::1|[97;42m 200 [0m|  83.668333ms|   match|[97;44m GET     [0m /v1/categories   r:/v1/categories/
2024/03/05 06:55:05.654  [D] [router.go:955]  |            ::1|[97;42m 200 [0m|  18.596875ms|   match|[97;44m GET     [0m /v1/items   r:/v1/items/
2024/03/05 07:14:45.778  [D] [router.go:955]  |            ::1|[97;42m 200 [0m|    158.551ms|   match|[97;44m GET     [0m /v1/categories   r:/v1/categories/
2024/03/05 07:14:45.822  [D] [router.go:955]  |            ::1|[97;42m 200 [0m|  17.187667ms|   match|[97;44m GET     [0m /v1/items   r:/v1/items/
2024/03/05 07:16:07.727  [D] [router.go:955]  |            ::1|[97;42m 200 [0m|  39.469792ms|   match|[97;44m GET     [0m /v1/categories   r:/v1/categories/
2024/03/05 07:16:07.766  [D] [router.go:955]  |            ::1|[97;42m 200 [0m|  15.160708ms|   match|[97;44m GET     [0m /v1/items   r:/v1/items/
2024/03/05 07:17:50.650  [D] [router.go:955]  |            ::1|[97;42m 200 [0m|  74.287542ms|   match|[97;44m GET     [0m /v1/categories   r:/v1/categories/
2024/03/05 07:17:50.696  [D] [router.go:955]  |            ::1|[97;42m 200 [0m|  24.824667ms|   match|[97;44m GET     [0m /v1/items   r:/v1/items/
2024/03/05 07:38:40.164  [D] [router.go:955]  |            ::1|[97;42m 200 [0m|  119.24775ms|   match|[97;44m GET     [0m /v1/categories   r:/v1/categories/
2024/03/05 07:38:40.262  [D] [router.go:955]  |            ::1|[97;42m 200 [0m|  56.721916ms|   match|[97;44m GET     [0m /v1/items   r:/v1/items/
2024/03/05 07:51:15.715  [D] [router.go:955]  |            ::1|[97;42m 200 [0m|  75.978583ms|   match|[97;44m GET     [0m /v1/categories   r:/v1/categories/
2024/03/05 07:51:15.745  [D] [router.go:955]  |            ::1|[97;42m 200 [0m|  19.223917ms|   match|[97;44m GET     [0m /v1/items   r:/v1/items/
2024/03/05 08:07:46.963  [D] [router.go:955]  |            ::1|[97;42m 200 [0m|  95.577458ms|   match|[97;44m GET     [0m /v1/categories   r:/v1/categories/
2024/03/05 08:07:47.001  [D] [router.go:955]  |            ::1|[97;42m 200 [0m|  21.135875ms|   match|[97;44m GET     [0m /v1/items   r:/v1/items/
2024/03/05 08:30:12.052  [D] [router.go:955]  |            ::1|[97;42m 200 [0m|   50.90525ms|   match|[97;44m GET     [0m /v1/categories   r:/v1/categories/
2024/03/05 08:30:12.090  [D] [router.go:955]  |            ::1|[97;42m 200 [0m|  17.686792ms|   match|[97;44m GET     [0m /v1/items   r:/v1/items/
2024/03/05 08:30:12.458  [D] [router.go:955]  |            ::1|[90;47m 304 [0m|      5.233ms|   match|[97;44m GET     [0m /uploads/spiceNuts.jpeg
2024/03/05 08:30:12.507  [D] [router.go:955]  |            ::1|[90;47m 304 [0m|    782.125µs|   match|[97;44m GET     [0m /uploads/circle2.jpeg
2024/03/05 08:30:12.510  [D] [router.go:955]  |            ::1|[90;47m 304 [0m|   1.607333ms|   match|[97;44m GET     [0m /uploads/circle.jpeg
2024/03/05 08:35:17.840  [D] [router.go:955]  |            ::1|[97;42m 200 [0m| 109.507542ms|   match|[97;44m GET     [0m /v1/categories   r:/v1/categories/
2024/03/05 08:35:17.889  [D] [router.go:955]  |            ::1|[97;42m 200 [0m|  22.498667ms|   match|[97;44m GET     [0m /v1/items   r:/v1/items/
2024/03/05 09:04:43.367  [D] [router.go:955]  |            ::1|[97;42m 200 [0m|  326.48575ms|   match|[97;44m GET     [0m /v1/categories   r:/v1/categories/
2024/03/05 09:04:43.442  [D] [router.go:955]  |            ::1|[97;42m 200 [0m|  12.383959ms|   match|[97;44m GET     [0m /v1/items   r:/v1/items/
2024/03/05 10:10:50.225  [D] [router.go:955]  |            ::1|[97;42m 200 [0m| 106.301708ms|   match|[97;44m GET     [0m /v1/categories   r:/v1/categories/
2024/03/05 10:10:50.250  [D] [router.go:955]  |            ::1|[97;42m 200 [0m|   16.66875ms|   match|[97;44m GET     [0m /v1/items   r:/v1/items/
2024/03/05 10:10:50.579  [D] [router.go:955]  |            ::1|[90;47m 304 [0m|     1.2605ms|   match|[97;44m GET     [0m /uploads/spiceNuts.jpeg
2024/03/05 10:10:50.615  [D] [router.go:955]  |            ::1|[90;47m 304 [0m|    630.333µs|   match|[97;44m GET     [0m /uploads/circle2.jpeg
2024/03/05 10:10:50.617  [D] [router.go:955]  |            ::1|[90;47m 304 [0m|   1.102292ms|   match|[97;44m GET     [0m /uploads/circle.jpeg
2024/03/05 10:11:11.755  [D] [router.go:955]  |            ::1|[97;42m 200 [0m|  20.331375ms|   match|[97;44m GET     [0m /v1/categories   r:/v1/categories/
2024/03/05 10:11:11.765  [D] [router.go:955]  |            ::1|[97;42m 200 [0m|    5.61375ms|   match|[97;44m GET     [0m /v1/items   r:/v1/items/
2024/03/05 10:12:08.906  [D] [router.go:955]  |            ::1|[97;42m 200 [0m|  18.588917ms|   match|[97;44m GET     [0m /v1/categories   r:/v1/categories/
2024/03/05 10:12:08.918  [D] [router.go:955]  |            ::1|[97;42m 200 [0m|   7.339458ms|   match|[97;44m GET     [0m /v1/items   r:/v1/items/
2024/03/05 10:15:08.910  [D] [router.go:955]  |            ::1|[97;42m 200 [0m|  36.202667ms|   match|[97;44m GET     [0m /v1/categories   r:/v1/categories/
2024/03/05 10:15:08.920  [D] [router.go:955]  |            ::1|[97;42m 200 [0m|   5.729583ms|   match|[97;44m GET     [0m /v1/items   r:/v1/items/
2024/03/05 10:15:41.846  [D] [router.go:955]  |            ::1|[97;42m 200 [0m|  55.515708ms|   match|[97;44m GET     [0m /v1/categories   r:/v1/categories/
2024/03/05 10:15:41.856  [D] [router.go:955]  |            ::1|[97;42m 200 [0m|   6.595125ms|   match|[97;44m GET     [0m /v1/items   r:/v1/items/
2024/03/05 10:16:41.115  [D] [router.go:955]  |            ::1|[97;42m 200 [0m|  27.525459ms|   match|[97;44m GET     [0m /v1/categories   r:/v1/categories/
2024/03/05 10:16:41.130  [D] [router.go:955]  |            ::1|[97;42m 200 [0m|  10.862083ms|   match|[97;44m GET     [0m /v1/items   r:/v1/items/
2024/03/05 10:22:08.753  [D] [router.go:955]  |            ::1|[97;42m 200 [0m|     27.353ms|   match|[97;44m GET     [0m /v1/categories   r:/v1/categories/
2024/03/05 10:22:08.761  [D] [router.go:955]  |            ::1|[97;42m 200 [0m|   4.725875ms|   match|[97;44m GET     [0m /v1/items   r:/v1/items/
2024/03/05 10:22:11.824  [D] [router.go:955]  |            ::1|[97;42m 200 [0m|   5.379958ms|   match|[97;44m GET     [0m /v1/categories   r:/v1/categories/
2024/03/05 10:22:11.838  [D] [router.go:955]  |            ::1|[97;42m 200 [0m|     11.484ms|   match|[97;44m GET     [0m /v1/items   r:/v1/items/
2024/03/05 10:22:16.317  [D] [router.go:955]  |            ::1|[97;42m 200 [0m|   5.325291ms|   match|[97;44m GET     [0m /v1/categories   r:/v1/categories/
2024/03/05 10:22:16.339  [D] [router.go:955]  |            ::1|[97;42m 200 [0m|  14.704541ms|   match|[97;44m GET     [0m /v1/items   r:/v1/items/
2024/03/05 10:22:29.066  [D] [router.go:955]  |            ::1|[97;42m 200 [0m|  28.115042ms|   match|[97;44m GET     [0m /v1/categories   r:/v1/categories/
2024/03/05 10:22:29.075  [D] [router.go:955]  |            ::1|[97;42m 200 [0m|   6.571625ms|   match|[97;44m GET     [0m /v1/items   r:/v1/items/
2024/03/05 10:22:30.372  [D] [router.go:955]  |            ::1|[97;42m 200 [0m|   2.676667ms|   match|[97;44m GET     [0m /v1/categories   r:/v1/categories/
2024/03/05 10:22:30.385  [D] [router.go:955]  |            ::1|[97;42m 200 [0m|   9.502834ms|   match|[97;44m GET     [0m /v1/items   r:/v1/items/
2024/03/05 10:22:32.152  [D] [router.go:955]  |            ::1|[97;42m 200 [0m|   8.725625ms|   match|[97;44m GET     [0m /v1/categories   r:/v1/categories/
2024/03/05 10:22:32.166  [D] [router.go:955]  |            ::1|[97;42m 200 [0m|   8.781083ms|   match|[97;44m GET     [0m /v1/items   r:/v1/items/
2024/03/05 10:22:33.577  [D] [router.go:955]  |            ::1|[97;42m 200 [0m|   3.086375ms|   match|[97;44m GET     [0m /v1/categories   r:/v1/categories/
2024/03/05 10:22:33.583  [D] [router.go:955]  |            ::1|[97;42m 200 [0m|   3.806667ms|   match|[97;44m GET     [0m /v1/items   r:/v1/items/
2024/03/05 10:38:12.257  [D] [router.go:955]  |            ::1|[97;42m 200 [0m|  59.199792ms|   match|[97;44m GET     [0m /v1/categories   r:/v1/categories/
2024/03/05 10:38:12.276  [D] [router.go:955]  |            ::1|[97;42m 200 [0m|  13.272917ms|   match|[97;44m GET     [0m /v1/items   r:/v1/items/
2024/03/05 10:38:12.622  [D] [router.go:955]  |            ::1|[90;47m 304 [0m|   3.571792ms|   match|[97;44m GET     [0m /uploads/circle3.png
2024/03/05 10:38:18.160  [D] [router.go:955]  |            ::1|[97;42m 200 [0m|   7.616625ms|   match|[97;44m GET     [0m /v1/categories   r:/v1/categories/
2024/03/05 10:38:18.169  [D] [router.go:955]  |            ::1|[97;42m 200 [0m|   5.524958ms|   match|[97;44m GET     [0m /v1/items   r:/v1/items/
2024/03/05 10:42:26.819  [D] [router.go:955]  |            ::1|[97;42m 200 [0m|  57.212667ms|   match|[97;44m GET     [0m /v1/categories   r:/v1/categories/
2024/03/05 10:42:26.850  [D] [router.go:955]  |            ::1|[97;42m 200 [0m|  13.219583ms|   match|[97;44m GET     [0m /v1/items   r:/v1/items/
2024/03/05 10:42:55.698  [D] [router.go:955]  |            ::1|[97;42m 200 [0m|  22.367459ms|   match|[97;44m GET     [0m /v1/categories   r:/v1/categories/
2024/03/05 10:42:55.709  [D] [router.go:955]  |            ::1|[97;42m 200 [0m|   6.080916ms|   match|[97;44m GET     [0m /v1/items   r:/v1/items/
2024/03/05 10:43:24.147  [D] [router.go:955]  |            ::1|[97;42m 200 [0m|  37.064209ms|   match|[97;44m GET     [0m /v1/categories   r:/v1/categories/
2024/03/05 10:43:24.160  [D] [router.go:955]  |            ::1|[97;42m 200 [0m|    10.1535ms|   match|[97;44m GET     [0m /v1/items   r:/v1/items/
2024/03/05 10:46:35.779  [D] [router.go:955]  |            ::1|[97;42m 200 [0m|  46.186042ms|   match|[97;44m GET     [0m /v1/categories   r:/v1/categories/
2024/03/05 10:46:35.795  [D] [router.go:955]  |            ::1|[97;42m 200 [0m|  11.419084ms|   match|[97;44m GET     [0m /v1/items   r:/v1/items/
2024/03/05 10:46:37.755  [D] [router.go:955]  |            ::1|[97;42m 200 [0m|  10.482209ms|   match|[97;44m GET     [0m /v1/categories   r:/v1/categories/
2024/03/05 10:46:37.782  [D] [router.go:955]  |            ::1|[97;42m 200 [0m|  20.483958ms|   match|[97;44m GET     [0m /v1/items   r:/v1/items/
2024/03/05 10:47:01.734  [D] [router.go:955]  |            ::1|[97;42m 200 [0m|   17.34825ms|   match|[97;44m GET     [0m /v1/categories   r:/v1/categories/
2024/03/05 10:47:01.751  [D] [router.go:955]  |            ::1|[97;42m 200 [0m|    7.46025ms|   match|[97;44m GET     [0m /v1/items   r:/v1/items/
2024/03/05 10:48:16.927  [D] [router.go:955]  |            ::1|[97;42m 200 [0m|  23.114542ms|   match|[97;44m GET     [0m /v1/categories   r:/v1/categories/
2024/03/05 10:48:16.942  [D] [router.go:955]  |            ::1|[97;42m 200 [0m|   7.925042ms|   match|[97;44m GET     [0m /v1/items   r:/v1/items/
2024/03/05 10:48:21.097  [D] [router.go:955]  |            ::1|[97;42m 200 [0m|   8.175792ms|   match|[97;44m GET     [0m /v1/categories   r:/v1/categories/
2024/03/05 10:48:21.105  [D] [router.go:955]  |            ::1|[97;42m 200 [0m|    5.38975ms|   match|[97;44m GET     [0m /v1/items   r:/v1/items/
2024/03/05 10:53:10.726  [D] [router.go:955]  |            ::1|[97;42m 200 [0m|   26.89525ms|   match|[97;44m GET     [0m /v1/categories   r:/v1/categories/
2024/03/05 10:53:10.749  [D] [router.go:955]  |            ::1|[97;42m 200 [0m|  14.494958ms|   match|[97;44m GET     [0m /v1/items   r:/v1/items/
2024/03/05 10:54:34.812  [D] [router.go:955]  |            ::1|[97;42m 200 [0m|  37.920125ms|   match|[97;44m GET     [0m /v1/categories   r:/v1/categories/
2024/03/05 10:54:34.845  [D] [router.go:955]  |            ::1|[97;42m 200 [0m|  10.729916ms|   match|[97;44m GET     [0m /v1/items   r:/v1/items/
2024/03/05 10:55:27.038  [D] [router.go:955]  |            ::1|[97;42m 200 [0m|  28.975417ms|   match|[97;44m GET     [0m /v1/categories   r:/v1/categories/
2024/03/05 10:55:27.054  [D] [router.go:955]  |            ::1|[97;42m 200 [0m|   7.698791ms|   match|[97;44m GET     [0m /v1/items   r:/v1/items/
2024/03/05 10:55:39.658  [D] [router.go:955]  |            ::1|[97;42m 200 [0m|  27.188833ms|   match|[97;44m GET     [0m /v1/categories   r:/v1/categories/
2024/03/05 10:55:39.669  [D] [router.go:955]  |            ::1|[97;42m 200 [0m|   7.689291ms|   match|[97;44m GET     [0m /v1/items   r:/v1/items/
2024/03/05 10:55:48.045  [D] [router.go:955]  |            ::1|[97;42m 200 [0m|   6.938458ms|   match|[97;44m GET     [0m /v1/categories   r:/v1/categories/
2024/03/05 10:55:48.053  [D] [router.go:955]  |            ::1|[97;42m 200 [0m|   5.250292ms|   match|[97;44m GET     [0m /v1/items   r:/v1/items/
2024/03/05 11:03:35.933  [D] [router.go:955]  |            ::1|[97;42m 200 [0m|   38.10625ms|   match|[97;44m GET     [0m /v1/categories   r:/v1/categories/
2024/03/05 11:03:35.951  [D] [router.go:955]  |            ::1|[97;42m 200 [0m|  10.451917ms|   match|[97;44m GET     [0m /v1/items   r:/v1/items/
2024/03/05 11:03:45.646  [D] [router.go:955]  |            ::1|[97;42m 200 [0m|  22.210417ms|   match|[97;44m GET     [0m /v1/categories   r:/v1/categories/
2024/03/05 11:03:45.665  [D] [router.go:955]  |            ::1|[97;42m 200 [0m|   7.907458ms|   match|[97;44m GET     [0m /v1/items   r:/v1/items/
2024/03/05 11:03:48.652  [D] [router.go:955]  |            ::1|[97;42m 200 [0m|  37.294083ms|   match|[97;44m GET     [0m /v1/categories   r:/v1/categories/
2024/03/05 11:03:48.663  [D] [router.go:955]  |            ::1|[97;42m 200 [0m|   6.143833ms|   match|[97;44m GET     [0m /v1/items   r:/v1/items/
2024/03/05 11:03:54.640  [D] [router.go:955]  |            ::1|[97;42m 200 [0m|    5.17725ms|   match|[97;44m GET     [0m /v1/categories   r:/v1/categories/
2024/03/05 11:03:54.650  [D] [router.go:955]  |            ::1|[97;42m 200 [0m|   4.911209ms|   match|[97;44m GET     [0m /v1/items   r:/v1/items/
2024/03/05 11:03:55.914  [D] [router.go:955]  |            ::1|[97;42m 200 [0m|   9.490375ms|   match|[97;44m GET     [0m /v1/categories   r:/v1/categories/
2024/03/05 11:03:55.918  [D] [router.go:955]  |            ::1|[97;42m 200 [0m|       3.15ms|   match|[97;44m GET     [0m /v1/items   r:/v1/items/
2024/03/05 11:04:32.751  [D] [router.go:955]  |            ::1|[97;42m 200 [0m|  13.245083ms|   match|[97;44m GET     [0m /v1/categories   r:/v1/categories/
2024/03/05 11:04:32.760  [D] [router.go:955]  |            ::1|[97;42m 200 [0m|   4.329666ms|   match|[97;44m GET     [0m /v1/items   r:/v1/items/
2024/03/05 11:04:42.673  [D] [router.go:955]  |            ::1|[97;42m 200 [0m|    6.20125ms|   match|[97;44m GET     [0m /v1/categories   r:/v1/categories/
2024/03/05 11:04:42.678  [D] [router.go:955]  |            ::1|[97;42m 200 [0m|     3.7835ms|   match|[97;44m GET     [0m /v1/items   r:/v1/items/
2024/03/05 11:04:52.679  [D] [router.go:955]  |            ::1|[97;42m 200 [0m|   3.463583ms|   match|[97;44m GET     [0m /v1/categories   r:/v1/categories/
2024/03/05 11:04:52.684  [D] [router.go:955]  |            ::1|[97;42m 200 [0m|   3.270125ms|   match|[97;44m GET     [0m /v1/items   r:/v1/items/
2024/03/05 11:04:56.689  [D] [router.go:955]  |            ::1|[97;42m 200 [0m|   9.840375ms|   match|[97;44m GET     [0m /v1/categories   r:/v1/categories/
2024/03/05 11:04:56.693  [D] [router.go:955]  |            ::1|[97;42m 200 [0m|   2.966917ms|   match|[97;44m GET     [0m /v1/items   r:/v1/items/
2024/03/05 11:07:22.778  [D] [router.go:955]  |            ::1|[97;42m 200 [0m|  25.491083ms|   match|[97;44m GET     [0m /v1/categories   r:/v1/categories/
2024/03/05 11:07:22.787  [D] [router.go:955]  |            ::1|[97;42m 200 [0m|   4.268458ms|   match|[97;44m GET     [0m /v1/items   r:/v1/items/
2024/03/05 11:07:45.671  [D] [router.go:955]  |            ::1|[97;42m 200 [0m|   5.072791ms|   match|[97;44m GET     [0m /v1/categories   r:/v1/categories/
2024/03/05 11:07:45.676  [D] [router.go:955]  |            ::1|[97;42m 200 [0m|   3.223583ms|   match|[97;44m GET     [0m /v1/items   r:/v1/items/
2024/03/05 16:56:34.955  [D] [router.go:955]  |            ::1|[97;42m 200 [0m| 142.618625ms|   match|[97;44m GET     [0m /v1/categories   r:/v1/categories/
2024/03/05 16:56:35.050  [D] [router.go:955]  |            ::1|[97;42m 200 [0m|  53.043542ms|   match|[97;44m GET     [0m /v1/items   r:/v1/items/
2024/03/05 16:56:36.164  [D] [router.go:955]  |            ::1|[90;47m 304 [0m|   1.275541ms|   match|[97;44m GET     [0m /uploads/circle2.jpeg
2024/03/05 16:56:36.169  [D] [router.go:955]  |            ::1|[97;42m 200 [0m|  12.826708ms|   match|[97;44m GET     [0m /uploads/spiceNuts.jpeg
2024/03/05 16:56:36.169  [D] [router.go:955]  |            ::1|[90;47m 304 [0m|   1.294625ms|   match|[97;44m GET     [0m /uploads/circle.jpeg
2024/03/05 16:56:36.177  [D] [router.go:955]  |            ::1|[90;47m 304 [0m|    1.75075ms|   match|[97;44m GET     [0m /uploads/circle3.png
2024/03/05 16:56:58.795  [D] [router.go:955]  |            ::1|[97;42m 200 [0m|  69.806625ms|   match|[97;44m GET     [0m /v1/categories   r:/v1/categories/
2024/03/05 16:56:58.822  [D] [router.go:955]  |            ::1|[97;42m 200 [0m|   7.606167ms|   match|[97;44m GET     [0m /v1/items   r:/v1/items/
2024/03/05 16:57:16.549  [D] [router.go:955]  |            ::1|[97;42m 200 [0m|  57.911542ms|   match|[97;44m GET     [0m /v1/categories   r:/v1/categories/
2024/03/05 16:57:16.570  [D] [router.go:955]  |            ::1|[97;42m 200 [0m|  12.752667ms|   match|[97;44m GET     [0m /v1/items   r:/v1/items/
2024/03/05 16:57:19.231  [D] [router.go:955]  |            ::1|[97;42m 200 [0m|   6.210125ms|   match|[97;44m GET     [0m /v1/categories   r:/v1/categories/
2024/03/05 16:57:19.248  [D] [router.go:955]  |            ::1|[97;42m 200 [0m|  14.536625ms|   match|[97;44m GET     [0m /v1/items   r:/v1/items/
2024/03/05 17:00:55.505  [D] [router.go:955]  |            ::1|[97;42m 200 [0m| 104.007791ms|   match|[97;44m GET     [0m /v1/categories   r:/v1/categories/
2024/03/05 17:00:55.581  [D] [router.go:955]  |            ::1|[97;42m 200 [0m|  54.592916ms|   match|[97;44m GET     [0m /v1/items   r:/v1/items/
2024/03/05 17:01:09.848  [D] [router.go:955]  |            ::1|[97;42m 200 [0m|  43.223375ms|   match|[97;44m GET     [0m /v1/categories   r:/v1/categories/
2024/03/05 17:01:09.864  [D] [router.go:955]  |            ::1|[97;42m 200 [0m|  11.003333ms|   match|[97;44m GET     [0m /v1/items   r:/v1/items/
2024/03/05 17:03:49.575  [D] [router.go:955]  |            ::1|[97;42m 200 [0m|     82.446ms|   match|[97;44m GET     [0m /v1/categories   r:/v1/categories/
2024/03/05 17:03:49.630  [D] [router.go:955]  |            ::1|[97;42m 200 [0m|  31.221583ms|   match|[97;44m GET     [0m /v1/items   r:/v1/items/
2024/03/05 17:04:33.103  [D] [router.go:955]  |            ::1|[97;42m 200 [0m|  96.371083ms|   match|[97;44m GET     [0m /v1/categories   r:/v1/categories/
2024/03/05 17:04:33.131  [D] [router.go:955]  |            ::1|[97;42m 200 [0m|  12.181292ms|   match|[97;44m GET     [0m /v1/items   r:/v1/items/
2024/03/05 17:04:33.746  [D] [router.go:955]  |            ::1|[97;42m 200 [0m|  28.541292ms|   match|[97;44m GET     [0m /v1/items/20   r:/v1/items/:id
2024/03/05 17:04:42.681  [D] [router.go:955]  |            ::1|[97;42m 200 [0m|  14.742084ms|   match|[97;44m GET     [0m /v1/categories   r:/v1/categories/
2024/03/05 17:04:42.696  [D] [router.go:955]  |            ::1|[97;42m 200 [0m|   9.921791ms|   match|[97;44m GET     [0m /v1/items   r:/v1/items/
2024/03/05 17:04:43.072  [D] [router.go:955]  |            ::1|[97;42m 200 [0m|   9.472875ms|   match|[97;44m GET     [0m /v1/items/20   r:/v1/items/:id
2024/03/05 17:10:43.099  [D] [router.go:955]  |            ::1|[97;42m 200 [0m|  35.398333ms|   match|[97;44m GET     [0m /v1/categories   r:/v1/categories/
2024/03/05 17:10:43.139  [D] [router.go:955]  |            ::1|[97;42m 200 [0m|  26.733833ms|   match|[97;44m GET     [0m /v1/items   r:/v1/items/
2024/03/05 17:10:43.546  [D] [router.go:955]  |            ::1|[97;42m 200 [0m|  18.558792ms|   match|[97;44m GET     [0m /v1/items/20   r:/v1/items/:id
2024/03/05 17:10:52.801  [D] [router.go:955]  |            ::1|[97;42m 200 [0m|  18.508541ms|   match|[97;44m GET     [0m /v1/categories   r:/v1/categories/
2024/03/05 17:10:52.810  [D] [router.go:955]  |            ::1|[97;42m 200 [0m|   5.727583ms|   match|[97;44m GET     [0m /v1/items   r:/v1/items/
2024/03/05 17:10:53.139  [D] [router.go:955]  |            ::1|[97;42m 200 [0m|   3.436417ms|   match|[97;44m GET     [0m /v1/items/20   r:/v1/items/:id
2024/03/05 17:10:53.180  [D] [router.go:955]  |            ::1|[97;42m 200 [0m|   5.118875ms|   match|[97;44m GET     [0m /v1/items/20   r:/v1/items/:id
2024/03/05 17:11:00.759  [D] [router.go:955]  |            ::1|[97;42m 200 [0m|   6.856875ms|   match|[97;44m GET     [0m /v1/categories   r:/v1/categories/
2024/03/05 17:11:00.769  [D] [router.go:955]  |            ::1|[97;42m 200 [0m|   5.366833ms|   match|[97;44m GET     [0m /v1/items   r:/v1/items/
2024/03/05 17:11:00.916  [D] [router.go:955]  |            ::1|[97;42m 200 [0m|   5.007334ms|   match|[97;44m GET     [0m /v1/items/20   r:/v1/items/:id
2024/03/05 17:11:00.951  [D] [router.go:955]  |            ::1|[97;42m 200 [0m|  33.605834ms|   match|[97;44m GET     [0m /v1/items/20   r:/v1/items/:id
2024/03/05 17:11:18.255  [D] [router.go:955]  |            ::1|[97;42m 200 [0m|  14.714416ms|   match|[97;44m GET     [0m /v1/categories   r:/v1/categories/
2024/03/05 17:11:18.266  [D] [router.go:955]  |            ::1|[97;42m 200 [0m|   7.494459ms|   match|[97;44m GET     [0m /v1/items   r:/v1/items/
2024/03/05 17:11:18.502  [D] [router.go:955]  |            ::1|[97;42m 200 [0m|  11.909167ms|   match|[97;44m GET     [0m /v1/items/20   r:/v1/items/:id
2024/03/05 17:11:18.989  [D] [router.go:955]  |            ::1|[97;42m 200 [0m| 496.522834ms|   match|[97;44m GET     [0m /v1/item-images/20   r:/v1/item-images/:id
2024/03/05 17:11:29.131  [D] [router.go:955]  |            ::1|[97;42m 200 [0m|  26.213083ms|   match|[97;44m GET     [0m /v1/item-images/null   r:/v1/item-images/:id
2024/03/05 17:11:29.133  [D] [router.go:955]  |            ::1|[97;42m 200 [0m|    28.6025ms|   match|[97;44m GET     [0m /v1/items/null   r:/v1/items/:id
2024/03/05 17:11:34.568  [D] [router.go:955]  |            ::1|[97;42m 200 [0m|   6.950708ms|   match|[97;44m GET     [0m /v1/categories   r:/v1/categories/
2024/03/05 17:11:34.580  [D] [router.go:955]  |            ::1|[97;42m 200 [0m|   8.932458ms|   match|[97;44m GET     [0m /v1/items   r:/v1/items/
2024/03/05 17:11:34.746  [D] [router.go:955]  |            ::1|[97;42m 200 [0m|    5.71125ms|   match|[97;44m GET     [0m /v1/item-images/null   r:/v1/item-images/:id
2024/03/05 17:11:34.763  [D] [router.go:955]  |            ::1|[97;42m 200 [0m|  22.492416ms|   match|[97;44m GET     [0m /v1/items/null   r:/v1/items/:id
2024/03/05 17:11:44.913  [D] [router.go:955]  |            ::1|[97;42m 200 [0m|   3.741334ms|   match|[97;44m GET     [0m /v1/categories   r:/v1/categories/
2024/03/05 17:11:44.921  [D] [router.go:955]  |            ::1|[97;42m 200 [0m|   5.869625ms|   match|[97;44m GET     [0m /v1/items   r:/v1/items/
2024/03/05 17:11:48.707  [D] [router.go:955]  |            ::1|[97;42m 200 [0m|     8.6515ms|   match|[97;44m GET     [0m /v1/categories   r:/v1/categories/
2024/03/05 17:11:48.725  [D] [router.go:955]  |            ::1|[97;42m 200 [0m|  13.109542ms|   match|[97;44m GET     [0m /v1/items   r:/v1/items/
2024/03/05 17:11:48.850  [D] [router.go:955]  |            ::1|[97;42m 200 [0m|   19.42925ms|   match|[97;44m GET     [0m /v1/items/null   r:/v1/items/:id
2024/03/05 17:11:48.854  [D] [router.go:955]  |            ::1|[97;42m 200 [0m|  23.384459ms|   match|[97;44m GET     [0m /v1/item-images/null   r:/v1/item-images/:id
2024/03/05 17:13:58.318  [D] [router.go:955]  |            ::1|[97;42m 200 [0m|  53.518416ms|   match|[97;44m GET     [0m /v1/item-images/20   r:/v1/item-images/:id
2024/03/05 17:14:51.122  [I] [parser.go:413]  generate router from comments
2024/03/05 17:14:51.124  [I] [server.go:241]  http server Running on http://:8081
2024/03/05 17:14:58.209  [D] [router.go:955]  |            ::1|[97;42m 200 [0m|  32.433125ms|   match|[97;44m GET     [0m /v1/item-images/20   r:/v1/item-images/:id
2024/03/05 17:19:52.209  [I] [parser.go:85]  /Users/bedeabbe/Desktop/projects/golang/ecommerce_item_processor/controllers no changed
2024/03/05 17:19:52.209  [I] [server.go:241]  http server Running on http://:8081
2024/03/05 17:20:02.036  [D] [router.go:955]  |            ::1|[97;42m 200 [0m|   41.50725ms|   match|[97;44m GET     [0m /v1/item-images/20   r:/v1/item-images/:id
2024/03/05 17:23:48.178  [I] [parser.go:85]  /Users/bedeabbe/Desktop/projects/golang/ecommerce_item_processor/controllers no changed
2024/03/05 17:23:48.178  [I] [server.go:241]  http server Running on http://:8081
2024/03/05 17:41:42.370  [I] [parser.go:85]  /Users/bedeabbe/Desktop/projects/golang/ecommerce_item_processor/controllers no changed
2024/03/05 17:41:42.370  [I] [server.go:241]  http server Running on http://:8081
2024/03/05 17:41:48.982  [D] [router.go:955]  |            ::1|[97;42m 200 [0m|  32.109833ms|   match|[97;44m GET     [0m /v1/item-images/20   r:/v1/item-images/:id
2024/03/05 17:41:57.882  [D] [router.go:955]  |            ::1|[97;42m 200 [0m|   9.418041ms|   match|[97;44m GET     [0m /v1/categories   r:/v1/categories/
2024/03/05 17:41:57.934  [D] [router.go:955]  |            ::1|[97;42m 200 [0m|  21.425625ms|   match|[97;44m GET     [0m /v1/items   r:/v1/items/
2024/03/05 17:41:58.648  [D] [router.go:955]  |            ::1|[97;42m 200 [0m|  12.001875ms|   match|[97;44m GET     [0m /v1/items/20   r:/v1/items/:id
2024/03/05 17:41:58.686  [D] [router.go:955]  |            ::1|[97;42m 200 [0m|  48.362875ms|   match|[97;44m GET     [0m /v1/item-images/20   r:/v1/item-images/:id
2024/03/05 17:45:49.059  [D] [router.go:955]  |            ::1|[97;42m 200 [0m|  56.814833ms|   match|[97;44m GET     [0m /v1/categories   r:/v1/categories/
2024/03/05 17:45:49.087  [D] [router.go:955]  |            ::1|[97;42m 200 [0m|  18.888833ms|   match|[97;44m GET     [0m /v1/items   r:/v1/items/
2024/03/05 17:45:49.710  [D] [router.go:955]  |            ::1|[97;42m 200 [0m|  15.078458ms|   match|[97;44m GET     [0m /v1/item-images/20   r:/v1/item-images/:id
2024/03/05 17:45:49.711  [D] [router.go:955]  |            ::1|[97;42m 200 [0m|  19.502583ms|   match|[97;44m GET     [0m /v1/items/20   r:/v1/items/:id
2024/03/05 17:46:12.084  [D] [router.go:955]  |            ::1|[97;42m 200 [0m|  18.458625ms|   match|[97;44m GET     [0m /v1/categories   r:/v1/categories/
2024/03/05 17:46:12.096  [D] [router.go:955]  |            ::1|[97;42m 200 [0m|   7.865208ms|   match|[97;44m GET     [0m /v1/items   r:/v1/items/
2024/03/05 17:46:12.441  [D] [router.go:955]  |            ::1|[97;42m 200 [0m|   4.366042ms|   match|[97;44m GET     [0m /v1/items/20   r:/v1/items/:id
2024/03/05 17:46:12.444  [D] [router.go:955]  |            ::1|[97;42m 200 [0m|   4.108708ms|   match|[97;44m GET     [0m /v1/item-images/20   r:/v1/item-images/:id
2024/03/05 17:50:19.194  [D] [router.go:955]  |            ::1|[97;42m 200 [0m|   96.74175ms|   match|[97;44m GET     [0m /v1/categories   r:/v1/categories/
2024/03/05 17:50:19.275  [D] [router.go:955]  |            ::1|[97;42m 200 [0m|  40.345417ms|   match|[97;44m GET     [0m /v1/items   r:/v1/items/
2024/03/05 17:50:19.745  [D] [router.go:955]  |            ::1|[97;42m 200 [0m|  18.157042ms|   match|[97;44m GET     [0m /v1/item-images/20   r:/v1/item-images/:id
2024/03/05 17:50:19.745  [D] [router.go:955]  |            ::1|[97;42m 200 [0m|  18.506708ms|   match|[97;44m GET     [0m /v1/items/20   r:/v1/items/:id
2024/03/05 17:50:56.342  [D] [router.go:955]  |            ::1|[97;42m 200 [0m|  24.974167ms|   match|[97;44m GET     [0m /v1/categories   r:/v1/categories/
2024/03/05 17:50:56.357  [D] [router.go:955]  |            ::1|[97;42m 200 [0m|   8.165292ms|   match|[97;44m GET     [0m /v1/items   r:/v1/items/
2024/03/05 17:50:57.146  [D] [router.go:955]  |            ::1|[97;42m 200 [0m|   9.456542ms|   match|[97;44m GET     [0m /v1/items/20   r:/v1/items/:id
2024/03/05 17:50:57.147  [D] [router.go:955]  |            ::1|[97;42m 200 [0m|   9.994084ms|   match|[97;44m GET     [0m /v1/item-images/20   r:/v1/item-images/:id
2024/03/05 17:53:33.027  [D] [router.go:955]  |            ::1|[97;42m 200 [0m|  96.750625ms|   match|[97;44m GET     [0m /v1/categories   r:/v1/categories/
2024/03/05 17:53:33.087  [D] [router.go:955]  |            ::1|[97;42m 200 [0m|  53.052542ms|   match|[97;44m GET     [0m /v1/items   r:/v1/items/
2024/03/05 17:53:34.184  [D] [router.go:955]  |            ::1|[97;42m 200 [0m|  29.889542ms|   match|[97;44m GET     [0m /v1/items/20   r:/v1/items/:id
2024/03/05 17:53:34.198  [D] [router.go:955]  |            ::1|[97;42m 200 [0m|  30.184416ms|   match|[97;44m GET     [0m /v1/item-images/20   r:/v1/item-images/:id
2024/03/05 17:58:30.011  [I] [parser.go:413]  generate router from comments
2024/03/05 17:58:30.013  [I] [server.go:241]  http server Running on http://:8081
2024/03/05 17:58:43.917  [D] [router.go:955]  |            ::1|[97;42m 200 [0m|    19.7975ms|   match|[97;44m GET     [0m /v1/categories   r:/v1/categories/
2024/03/05 17:58:43.950  [D] [router.go:955]  |            ::1|[97;42m 200 [0m|  16.435916ms|   match|[97;44m GET     [0m /v1/items   r:/v1/items/
2024/03/05 17:58:44.369  [D] [router.go:955]  |            ::1|[97;42m 200 [0m|  11.759291ms|   match|[97;44m GET     [0m /v1/items/20   r:/v1/items/:id
2024/03/05 17:58:44.391  [D] [router.go:955]  |            ::1|[97;42m 200 [0m|  25.833541ms|   match|[97;44m GET     [0m /v1/item-images/20   r:/v1/item-images/:id
2024/03/05 18:03:52.843  [D] [router.go:955]  |            ::1|[97;42m 200 [0m|  44.335791ms|   match|[97;44m GET     [0m /v1/categories   r:/v1/categories/
2024/03/05 18:03:52.861  [D] [router.go:955]  |            ::1|[97;42m 200 [0m|   13.59875ms|   match|[97;44m GET     [0m /v1/items   r:/v1/items/
2024/03/05 18:03:53.347  [D] [router.go:955]  |            ::1|[97;42m 200 [0m|  11.869583ms|   match|[97;44m GET     [0m /v1/items/20   r:/v1/items/:id
2024/03/05 18:03:53.364  [D] [router.go:955]  |            ::1|[97;42m 200 [0m|    26.4745ms|   match|[97;44m GET     [0m /v1/item-images/20   r:/v1/item-images/:id
2024/03/05 18:03:57.241  [D] [router.go:955]  |            ::1|[97;42m 200 [0m|  17.656125ms|   match|[97;44m GET     [0m /v1/categories   r:/v1/categories/
2024/03/05 18:03:57.253  [D] [router.go:955]  |            ::1|[97;42m 200 [0m|     8.4545ms|   match|[97;44m GET     [0m /v1/items   r:/v1/items/
2024/03/05 18:03:57.454  [D] [router.go:955]  |            ::1|[97;42m 200 [0m|   4.892333ms|   match|[97;44m GET     [0m /v1/item-images/20   r:/v1/item-images/:id
2024/03/05 18:03:57.456  [D] [router.go:955]  |            ::1|[97;42m 200 [0m|   6.470375ms|   match|[97;44m GET     [0m /v1/items/20   r:/v1/items/:id
2024/03/05 18:04:49.825  [D] [router.go:955]  |            ::1|[97;42m 200 [0m|  26.169375ms|   match|[97;44m GET     [0m /v1/categories   r:/v1/categories/
2024/03/05 18:04:49.847  [D] [router.go:955]  |            ::1|[97;42m 200 [0m|  16.265125ms|   match|[97;44m GET     [0m /v1/items   r:/v1/items/
2024/03/05 18:04:50.005  [D] [router.go:955]  |            ::1|[97;42m 200 [0m|    5.87825ms|   match|[97;44m GET     [0m /v1/items/20   r:/v1/items/:id
2024/03/05 18:04:50.010  [D] [router.go:955]  |            ::1|[97;42m 200 [0m|   8.122166ms|   match|[97;44m GET     [0m /v1/item-images/20   r:/v1/item-images/:id
2024/03/05 18:04:54.416  [D] [router.go:955]  |            ::1|[97;42m 200 [0m|   6.969042ms|   match|[97;44m GET     [0m /v1/categories   r:/v1/categories/
2024/03/05 18:04:54.426  [D] [router.go:955]  |            ::1|[97;42m 200 [0m|   6.809209ms|   match|[97;44m GET     [0m /v1/items   r:/v1/items/
2024/03/05 18:04:54.570  [D] [router.go:955]  |            ::1|[97;42m 200 [0m|   4.654459ms|   match|[97;44m GET     [0m /v1/item-images/20   r:/v1/item-images/:id
2024/03/05 18:04:54.571  [D] [router.go:955]  |            ::1|[97;42m 200 [0m|   4.453625ms|   match|[97;44m GET     [0m /v1/items/20   r:/v1/items/:id
2024/03/05 18:08:06.279  [D] [router.go:955]  |            ::1|[97;42m 200 [0m| 131.711041ms|   match|[97;44m GET     [0m /v1/categories   r:/v1/categories/
2024/03/05 18:08:06.300  [D] [router.go:955]  |            ::1|[97;42m 200 [0m|  10.768417ms|   match|[97;44m GET     [0m /v1/items   r:/v1/items/
2024/03/05 18:08:06.692  [D] [router.go:955]  |            ::1|[97;42m 200 [0m|  19.742084ms|   match|[97;44m GET     [0m /v1/items/20   r:/v1/items/:id
2024/03/05 18:08:06.703  [D] [router.go:955]  |            ::1|[97;42m 200 [0m|  27.973917ms|   match|[97;44m GET     [0m /v1/item-images/20   r:/v1/item-images/:id
2024/03/05 18:08:10.421  [D] [router.go:955]  |            ::1|[97;42m 200 [0m|   9.951834ms|   match|[97;44m GET     [0m /v1/categories   r:/v1/categories/
2024/03/05 18:08:10.441  [D] [router.go:955]  |            ::1|[97;42m 200 [0m|  12.315125ms|   match|[97;44m GET     [0m /v1/items   r:/v1/items/
2024/03/05 18:08:10.583  [D] [router.go:955]  |            ::1|[97;42m 200 [0m|   2.763166ms|   match|[97;44m GET     [0m /v1/item-images/20   r:/v1/item-images/:id
2024/03/05 18:08:10.584  [D] [router.go:955]  |            ::1|[97;42m 200 [0m|   3.861958ms|   match|[97;44m GET     [0m /v1/items/20   r:/v1/items/:id
2024/03/05 18:08:25.993  [D] [router.go:955]  |            ::1|[97;42m 200 [0m|  14.744542ms|   match|[97;44m GET     [0m /v1/categories   r:/v1/categories/
2024/03/05 18:08:26.028  [D] [router.go:955]  |            ::1|[97;42m 200 [0m|  21.002583ms|   match|[97;44m GET     [0m /v1/items   r:/v1/items/
2024/03/05 18:08:26.378  [D] [router.go:955]  |            ::1|[97;42m 200 [0m|  28.127208ms|   match|[97;44m GET     [0m /v1/items/20   r:/v1/items/:id
2024/03/05 18:08:26.381  [D] [router.go:955]  |            ::1|[97;42m 200 [0m|     26.969ms|   match|[97;44m GET     [0m /v1/item-images/20   r:/v1/item-images/:id
2024/03/05 18:08:29.547  [D] [router.go:955]  |            ::1|[97;42m 200 [0m|     11.384ms|   match|[97;44m GET     [0m /v1/categories   r:/v1/categories/
2024/03/05 18:08:29.556  [D] [router.go:955]  |            ::1|[97;42m 200 [0m|      5.958ms|   match|[97;44m GET     [0m /v1/items   r:/v1/items/
2024/03/05 18:08:29.755  [D] [router.go:955]  |            ::1|[97;42m 200 [0m|   59.86825ms|   match|[97;44m GET     [0m /v1/item-images/20   r:/v1/item-images/:id
2024/03/05 18:08:29.756  [D] [router.go:955]  |            ::1|[97;42m 200 [0m|  61.282709ms|   match|[97;44m GET     [0m /v1/items/20   r:/v1/items/:id
2024/03/05 18:09:15.789  [D] [router.go:955]  |            ::1|[97;42m 200 [0m|     25.929ms|   match|[97;44m GET     [0m /v1/categories   r:/v1/categories/
2024/03/05 18:09:15.801  [D] [router.go:955]  |            ::1|[97;42m 200 [0m|   6.944792ms|   match|[97;44m GET     [0m /v1/items   r:/v1/items/
2024/03/05 18:09:15.952  [D] [router.go:955]  |            ::1|[97;42m 200 [0m|   3.865583ms|   match|[97;44m GET     [0m /v1/item-images/20   r:/v1/item-images/:id
2024/03/05 18:09:15.954  [D] [router.go:955]  |            ::1|[97;42m 200 [0m|   6.165917ms|   match|[97;44m GET     [0m /v1/items/20   r:/v1/items/:id
2024/03/05 18:09:31.602  [D] [router.go:955]  |            ::1|[97;42m 200 [0m|  24.894958ms|   match|[97;44m GET     [0m /v1/categories   r:/v1/categories/
2024/03/05 18:09:31.623  [D] [router.go:955]  |            ::1|[97;42m 200 [0m|  15.801959ms|   match|[97;44m GET     [0m /v1/items   r:/v1/items/
2024/03/05 18:09:31.783  [D] [router.go:955]  |            ::1|[97;42m 200 [0m|   3.825375ms|   match|[97;44m GET     [0m /v1/item-images/20   r:/v1/item-images/:id
2024/03/05 18:09:31.783  [D] [router.go:955]  |            ::1|[97;42m 200 [0m|   4.917833ms|   match|[97;44m GET     [0m /v1/items/20   r:/v1/items/:id
2024/03/05 18:11:27.003  [D] [router.go:955]  |            ::1|[97;42m 200 [0m|  75.729875ms|   match|[97;44m GET     [0m /v1/categories   r:/v1/categories/
2024/03/05 18:11:27.035  [D] [router.go:955]  |            ::1|[97;42m 200 [0m|  10.406084ms|   match|[97;44m GET     [0m /v1/items   r:/v1/items/
2024/03/05 18:11:27.238  [D] [router.go:955]  |            ::1|[97;42m 200 [0m|   6.623167ms|   match|[97;44m GET     [0m /v1/items/20   r:/v1/items/:id
2024/03/05 18:11:27.242  [D] [router.go:955]  |            ::1|[97;42m 200 [0m|   4.865958ms|   match|[97;44m GET     [0m /v1/item-images/20   r:/v1/item-images/:id
2024/03/05 18:16:50.377  [D] [router.go:955]  |            ::1|[97;42m 200 [0m|  87.261291ms|   match|[97;44m GET     [0m /v1/categories   r:/v1/categories/
2024/03/05 18:16:50.445  [D] [router.go:955]  |            ::1|[97;42m 200 [0m|  53.592291ms|   match|[97;44m GET     [0m /v1/items   r:/v1/items/
2024/03/05 18:16:51.305  [D] [router.go:955]  |            ::1|[97;42m 200 [0m|  32.020958ms|   match|[97;44m GET     [0m /v1/items/20   r:/v1/items/:id
2024/03/05 18:16:51.308  [D] [router.go:955]  |            ::1|[97;42m 200 [0m|  24.117625ms|   match|[97;44m GET     [0m /v1/item-images/20   r:/v1/item-images/:id
2024/03/05 18:21:45.308  [D] [router.go:955]  |            ::1|[97;42m 200 [0m|    186.458ms|   match|[97;44m GET     [0m /v1/categories   r:/v1/categories/
2024/03/05 18:21:45.735  [D] [router.go:955]  |            ::1|[97;42m 200 [0m|  44.150542ms|   match|[97;44m GET     [0m /v1/items   r:/v1/items/
2024/03/05 18:21:48.009  [D] [router.go:955]  |            ::1|[97;42m 200 [0m|  73.650416ms|   match|[97;44m GET     [0m /v1/items/20   r:/v1/items/:id
2024/03/05 18:21:48.014  [D] [router.go:955]  |            ::1|[97;42m 200 [0m|  76.060791ms|   match|[97;44m GET     [0m /v1/item-images/20   r:/v1/item-images/:id
2024/03/05 18:23:18.023  [D] [router.go:955]  |            ::1|[97;42m 200 [0m|  66.250125ms|   match|[97;44m GET     [0m /v1/categories   r:/v1/categories/
2024/03/05 18:23:18.049  [D] [router.go:955]  |            ::1|[97;42m 200 [0m|    18.9455ms|   match|[97;44m GET     [0m /v1/items   r:/v1/items/
2024/03/05 18:23:20.917  [D] [router.go:955]  |            ::1|[97;42m 200 [0m| 425.811125ms|   match|[97;44m GET     [0m /v1/item-images/20   r:/v1/item-images/:id
2024/03/05 18:23:21.041  [D] [router.go:955]  |            ::1|[97;42m 200 [0m| 555.971292ms|   match|[97;44m GET     [0m /v1/items/20   r:/v1/items/:id
2024/03/05 18:23:31.246  [D] [router.go:955]  |            ::1|[97;42m 200 [0m| 115.941292ms|   match|[97;44m GET     [0m /v1/categories   r:/v1/categories/
2024/03/05 18:23:31.309  [D] [router.go:955]  |            ::1|[97;42m 200 [0m|  27.494125ms|   match|[97;44m GET     [0m /v1/items   r:/v1/items/
2024/03/05 18:23:32.937  [D] [router.go:955]  |            ::1|[97;42m 200 [0m|  87.219959ms|   match|[97;44m GET     [0m /v1/items/20   r:/v1/items/:id
2024/03/05 18:23:32.944  [D] [router.go:955]  |            ::1|[97;42m 200 [0m|  93.893666ms|   match|[97;44m GET     [0m /v1/item-images/20   r:/v1/item-images/:id
2024/03/05 18:32:44.078  [D] [router.go:955]  |            ::1|[97;42m 200 [0m|  80.978542ms|   match|[97;44m GET     [0m /v1/categories   r:/v1/categories/
2024/03/05 18:32:44.195  [D] [router.go:955]  |            ::1|[97;42m 200 [0m|    62.3175ms|   match|[97;44m GET     [0m /v1/items   r:/v1/items/
2024/03/05 18:32:56.082  [D] [router.go:955]  |            ::1|[97;42m 200 [0m|   5.131416ms|   match|[97;44m GET     [0m /v1/categories   r:/v1/categories/
2024/03/05 18:32:56.091  [D] [router.go:955]  |            ::1|[97;42m 200 [0m|   6.357083ms|   match|[97;44m GET     [0m /v1/items   r:/v1/items/
2024/03/05 18:32:56.204  [D] [router.go:955]  |            ::1|[97;42m 200 [0m|   4.624083ms|   match|[97;44m GET     [0m /v1/items/null   r:/v1/items/:id
2024/03/05 18:32:56.208  [D] [router.go:955]  |            ::1|[97;42m 200 [0m|   7.664625ms|   match|[97;44m GET     [0m /v1/item-images/null   r:/v1/item-images/:id
2024/03/05 18:56:18.804  [D] [router.go:955]  |            ::1|[97;42m 200 [0m| 337.006167ms|   match|[97;44m GET     [0m /v1/categories   r:/v1/categories/
2024/03/05 18:56:18.986  [D] [router.go:955]  |            ::1|[97;42m 200 [0m|  84.593291ms|   match|[97;44m GET     [0m /v1/items   r:/v1/items/
2024/03/05 18:56:20.214  [D] [router.go:955]  |            ::1|[97;42m 200 [0m|  51.626625ms|   match|[97;44m GET     [0m /v1/item-images/null   r:/v1/item-images/:id
2024/03/05 18:56:20.234  [D] [router.go:955]  |            ::1|[97;42m 200 [0m|  70.964584ms|   match|[97;44m GET     [0m /v1/items/null   r:/v1/items/:id
2024/03/05 19:05:26.658  [D] [router.go:955]  |            ::1|[97;42m 200 [0m|  66.921917ms|   match|[97;44m GET     [0m /v1/categories   r:/v1/categories/
2024/03/05 19:05:26.700  [D] [router.go:955]  |            ::1|[97;42m 200 [0m|  26.409583ms|   match|[97;44m GET     [0m /v1/items   r:/v1/items/
2024/03/05 19:05:26.974  [D] [router.go:955]  |            ::1|[97;42m 200 [0m|   3.537834ms|   match|[97;44m GET     [0m /v1/items/null   r:/v1/items/:id
2024/03/05 19:05:26.975  [D] [router.go:955]  |            ::1|[97;42m 200 [0m|   4.439375ms|   match|[97;44m GET     [0m /v1/item-images/null   r:/v1/item-images/:id
