0001/01/01 00:00:00.000  [M] [log.go:268]  [HTTP] http: superfluous response.WriteHeader call from github.com/beego/beego/v2/server/web/context.(*Response).WriteHeader (context.go:230)
2024/03/21 11:53:35.864  [D] [router.go:955]  |            ::1|[97;42m 200 [0m|  20.138792ms|   match|[97;44m GET     [0m /v1/item-images/23   r:/v1/item-images/:id
2024/03/21 11:53:35.868  [D] [router.go:955]  |            ::1|[97;42m 200 [0m|  24.651292ms|   match|[97;44m GET     [0m /v1/items/23   r:/v1/items/:id
2024/03/21 11:53:55.340  [D] [router.go:955]  |            ::1|[97;42m 200 [0m|    112.875µs| nomatch|[90;47m OPTIONS [0m /v1/items
2024/03/21 11:53:55.340  [D] [router.go:955]  |            ::1|[97;42m 200 [0m|    242.666µs| nomatch|[90;47m OPTIONS [0m /v1/categories
2024/03/21 11:53:55.351  [D] [router.go:955]  |            ::1|[97;42m 200 [0m|   9.404083ms|   match|[97;44m GET     [0m /v1/categories   r:/v1/categories/
2024/03/21 11:53:55.372  [D] [router.go:955]  |            ::1|[97;42m 200 [0m|   30.25575ms|   match|[97;44m GET     [0m /v1/items   r:/v1/items/
2024/03/21 11:53:55.376  [D] [router.go:955]  |            ::1|[97;42m 200 [0m|     65.667µs| nomatch|[90;47m OPTIONS [0m /v1/item-images/21
2024/03/21 11:53:55.377  [D] [router.go:955]  |            ::1|[97;42m 200 [0m|     56.709µs| nomatch|[90;47m OPTIONS [0m /v1/item-images/23
2024/03/21 11:53:55.377  [D] [router.go:955]  |            ::1|[97;42m 200 [0m|    135.625µs| nomatch|[90;47m OPTIONS [0m /v1/item-images/26
2024/03/21 11:53:55.382  [D] [router.go:955]  |            ::1|[97;42m 200 [0m|     46.375µs| nomatch|[90;47m OPTIONS [0m /v1/item-images/29
2024/03/21 11:53:55.382  [D] [router.go:955]  |            ::1|[97;42m 200 [0m|     45.875µs| nomatch|[90;47m OPTIONS [0m /v1/item-images/28
2024/03/21 11:53:55.382  [D] [router.go:955]  |            ::1|[97;42m 200 [0m|     29.583µs| nomatch|[90;47m OPTIONS [0m /v1/item-images/27
2024/03/21 11:53:55.383  [D] [router.go:955]  |            ::1|[97;42m 200 [0m|   3.289167ms|   match|[97;44m GET     [0m /v1/item-images/26   r:/v1/item-images/:id
2024/03/21 11:53:55.383  [D] [router.go:955]  |            ::1|[97;42m 200 [0m|    3.35075ms|   match|[97;44m GET     [0m /v1/item-images/23   r:/v1/item-images/:id
2024/03/21 11:53:55.386  [D] [router.go:955]  |            ::1|[97;42m 200 [0m|   2.657083ms|   match|[97;44m GET     [0m /v1/item-images/28   r:/v1/item-images/:id
2024/03/21 11:53:55.386  [D] [router.go:955]  |            ::1|[97;42m 200 [0m|   2.908833ms|   match|[97;44m GET     [0m /v1/item-images/27   r:/v1/item-images/:id
2024/03/21 11:53:55.406  [D] [router.go:955]  |            ::1|[97;42m 200 [0m|  24.957334ms|   match|[97;44m GET     [0m /v1/item-images/21   r:/v1/item-images/:id
2024/03/21 11:53:55.408  [D] [router.go:955]  |            ::1|[97;42m 200 [0m|  25.420375ms|   match|[97;44m GET     [0m /v1/item-images/29   r:/v1/item-images/:id
2024/03/21 11:53:58.363  [D] [router.go:955]  |            ::1|[97;42m 200 [0m|    172.959µs| nomatch|[90;47m OPTIONS [0m /v1/items/quantity/26
2024/03/21 11:53:58.363  [D] [router.go:955]  |            ::1|[97;42m 200 [0m|    568.125µs| nomatch|[90;47m OPTIONS [0m /v1/items/26
2024/03/21 11:53:58.364  [C] [config.go:190]  the request url is  /v1/items/quantity/26
2024/03/21 11:53:58.364  [C] [config.go:191]  Handler crashed with error reflect: call of reflect.Value.Type on zero Value
2024/03/21 11:53:58.365  [C] [config.go:197]  /usr/local/go/src/runtime/panic.go:770
2024/03/21 11:53:58.365  [C] [config.go:197]  /usr/local/go/src/reflect/value.go:2699
2024/03/21 11:53:58.365  [C] [config.go:197]  /usr/local/go/src/reflect/value.go:2694
2024/03/21 11:53:58.365  [C] [config.go:197]  /Users/bedeabbe/go/pkg/mod/github.com/beego/beego/v2@v2.0.1/client/orm/db.go:968
2024/03/21 11:53:58.365  [C] [config.go:197]  /Users/bedeabbe/go/pkg/mod/github.com/beego/beego/v2@v2.0.1/client/orm/orm_queryset.go:251
2024/03/21 11:53:58.366  [C] [config.go:197]  /Users/bedeabbe/Desktop/projects/golang/ecommerce_item_processor/models/item_quantity.go:51
2024/03/21 11:53:58.366  [C] [config.go:197]  /Users/bedeabbe/Desktop/projects/golang/ecommerce_item_processor/controllers/items.go:140
2024/03/21 11:53:58.366  [C] [config.go:197]  /Users/bedeabbe/go/pkg/mod/github.com/beego/beego/v2@v2.0.1/server/web/controller.go:220
2024/03/21 11:53:58.366  [C] [config.go:197]  /Users/bedeabbe/go/pkg/mod/github.com/beego/beego/v2@v2.0.1/server/web/router.go:879
2024/03/21 11:53:58.366  [C] [config.go:197]  /Users/bedeabbe/go/pkg/mod/github.com/beego/beego/v2@v2.0.1/server/web/filter.go:81
2024/03/21 11:53:58.366  [C] [config.go:197]  /Users/bedeabbe/go/pkg/mod/github.com/beego/beego/v2@v2.0.1/server/web/router.go:664
2024/03/21 11:53:58.366  [C] [config.go:197]  /usr/local/go/src/net/http/server.go:3137
2024/03/21 11:53:58.366  [C] [config.go:197]  /usr/local/go/src/net/http/server.go:2039
2024/03/21 11:53:58.366  [C] [config.go:197]  /usr/local/go/src/runtime/asm_arm64.s:1222
