0001/01/01 00:00:00.000  [M] [log.go:268]  [HTTP] http: superfluous response.WriteHeader call from github.com/beego/beego/v2/server/web/context.(*Response).WriteHeader (context.go:230)
2024/03/21 12:46:42.251  [I] [parser.go:85]  /Users/bedeabbe/Desktop/projects/golang/ecommerce_item_processor/controllers no changed
2024/03/21 12:46:42.251  [I] [server.go:241]  http server Running on http://:8082
2024/03/21 12:46:52.670  [I] [parser.go:413]  generate router from comments
2024/03/21 12:46:52.671  [I] [server.go:241]  http server Running on http://:8082
2024/03/21 12:46:59.498  [D] [items.go:140]  Item ID to get quantity is  21
2024/03/21 12:46:59.518  [E] [items.go:144]  Error fetching quantity of item ...  Error 1054 (42S22): Unknown column 'T0.item_id_id' in 'field list'
2024/03/21 12:46:59.518  [D] [router.go:955]  |            ::1|[97;42m 200 [0m|  20.702542ms|   match|[97;44m GET     [0m /v1/items/quantity/21   r:/v1/items/quantity/:id
2024/03/21 12:47:51.983  [I] [parser.go:413]  generate router from comments
2024/03/21 12:47:51.984  [I] [server.go:241]  http server Running on http://:8082
2024/03/21 12:47:54.560  [D] [items.go:140]  Item ID to get quantity is  21
2024/03/21 12:47:54.600  [D] [router.go:955]  |            ::1|[97;42m 200 [0m|  40.718417ms|   match|[97;44m GET     [0m /v1/items/quantity/21   r:/v1/items/quantity/:id
2024/03/21 12:48:26.111  [I] [parser.go:413]  generate router from comments
2024/03/21 12:48:26.112  [I] [server.go:241]  http server Running on http://:8082
2024/03/21 12:48:28.952  [I] [parser.go:85]  /Users/bedeabbe/Desktop/projects/golang/ecommerce_item_processor/controllers no changed
2024/03/21 12:48:28.952  [I] [server.go:241]  http server Running on http://:8082
2024/03/21 12:48:32.463  [D] [items.go:140]  Item ID to get quantity is  21
2024/03/21 12:48:32.470  [C] [config.go:190]  the request url is  /v1/items/quantity/21
2024/03/21 12:48:32.470  [C] [config.go:191]  Handler crashed with error reflect: call of reflect.Value.Type on zero Value
2024/03/21 12:48:32.470  [C] [config.go:197]  /usr/local/go/src/runtime/panic.go:770
2024/03/21 12:48:32.471  [C] [config.go:197]  /usr/local/go/src/reflect/value.go:2699
2024/03/21 12:48:32.471  [C] [config.go:197]  /usr/local/go/src/reflect/value.go:2694
2024/03/21 12:48:32.471  [C] [config.go:197]  /Users/bedeabbe/go/pkg/mod/github.com/beego/beego/v2@v2.0.1/client/orm/db.go:968
2024/03/21 12:48:32.471  [C] [config.go:197]  /Users/bedeabbe/go/pkg/mod/github.com/beego/beego/v2@v2.0.1/client/orm/orm_queryset.go:251
2024/03/21 12:48:32.471  [C] [config.go:197]  /Users/bedeabbe/Desktop/projects/golang/ecommerce_item_processor/models/item_quantity.go:51
2024/03/21 12:48:32.471  [C] [config.go:197]  /Users/bedeabbe/Desktop/projects/golang/ecommerce_item_processor/controllers/items.go:142
2024/03/21 12:48:32.471  [C] [config.go:197]  /Users/bedeabbe/go/pkg/mod/github.com/beego/beego/v2@v2.0.1/server/web/controller.go:220
2024/03/21 12:48:32.471  [C] [config.go:197]  /Users/bedeabbe/go/pkg/mod/github.com/beego/beego/v2@v2.0.1/server/web/router.go:879
2024/03/21 12:48:32.471  [C] [config.go:197]  /Users/bedeabbe/go/pkg/mod/github.com/beego/beego/v2@v2.0.1/server/web/filter.go:81
2024/03/21 12:48:32.471  [C] [config.go:197]  /Users/bedeabbe/go/pkg/mod/github.com/beego/beego/v2@v2.0.1/server/web/router.go:664
2024/03/21 12:48:32.471  [C] [config.go:197]  /usr/local/go/src/net/http/server.go:3137
2024/03/21 12:48:32.471  [C] [config.go:197]  /usr/local/go/src/net/http/server.go:2039
2024/03/21 12:48:32.471  [C] [config.go:197]  /usr/local/go/src/runtime/asm_arm64.s:1222
