0001/01/01 00:00:00.000  [M] [log.go:268]  [HTTP] http: superfluous response.WriteHeader call from github.com/beego/beego/v2/server/web/context.(*Response).WriteHeader (context.go:230)
2024/03/21 11:54:42.645  [D] [router.go:955]  |            ::1|[97;42m 200 [0m|  16.362541ms|   match|[97;44m GET     [0m /v1/items/29   r:/v1/items/:id
2024/03/21 11:54:42.645  [D] [router.go:955]  |            ::1|[97;42m 200 [0m|  17.933958ms|   match|[97;44m GET     [0m /v1/item-images/29   r:/v1/item-images/:id
2024/03/21 11:54:42.659  [D] [router.go:955]  |            ::1|[97;42m 200 [0m|    5.41675ms|   match|[97;44m GET     [0m /uploads/semiGroundBrownSpice.jpeg
2024/03/21 11:54:42.660  [D] [router.go:955]  |            ::1|[97;42m 200 [0m|   6.173166ms|   match|[97;44m GET     [0m /uploads/KoriPackagedSpice.webp
2024/03/21 11:54:42.661  [D] [router.go:955]  |            ::1|[97;42m 200 [0m|   7.641417ms|   match|[97;44m GET     [0m /uploads/spicyYellow.jpeg
2024/03/21 11:55:13.176  [D] [router.go:955]  |            ::1|[97;42m 200 [0m|       6.63ms| nomatch|[90;47m OPTIONS [0m /v1/categories
2024/03/21 11:55:13.173  [D] [router.go:955]  |            ::1|[97;42m 200 [0m|   2.392791ms| nomatch|[90;47m OPTIONS [0m /v1/items
2024/03/21 11:55:13.209  [D] [router.go:955]  |            ::1|[97;42m 200 [0m|  29.247625ms|   match|[97;44m GET     [0m /v1/categories   r:/v1/categories/
2024/03/21 11:55:13.210  [D] [router.go:955]  |            ::1|[97;42m 200 [0m|  30.919792ms|   match|[97;44m GET     [0m /v1/items   r:/v1/items/
2024/03/21 11:55:13.241  [D] [router.go:955]  |            ::1|[97;42m 200 [0m|         40µs| nomatch|[90;47m OPTIONS [0m /v1/item-images/21
2024/03/21 11:55:13.241  [D] [router.go:955]  |            ::1|[97;42m 200 [0m|     27.583µs| nomatch|[90;47m OPTIONS [0m /v1/item-images/23
2024/03/21 11:55:13.241  [D] [router.go:955]  |            ::1|[97;42m 200 [0m|     40.333µs| nomatch|[90;47m OPTIONS [0m /v1/item-images/26
2024/03/21 11:55:13.242  [D] [router.go:955]  |            ::1|[97;42m 200 [0m|     39.291µs| nomatch|[90;47m OPTIONS [0m /v1/item-images/28
2024/03/21 11:55:13.242  [D] [router.go:955]  |            ::1|[97;42m 200 [0m|    133.833µs| nomatch|[90;47m OPTIONS [0m /v1/item-images/27
2024/03/21 11:55:13.244  [D] [router.go:955]  |            ::1|[97;42m 200 [0m|    164.625µs| nomatch|[90;47m OPTIONS [0m /v1/item-images/29
2024/03/21 11:55:13.248  [D] [router.go:955]  |            ::1|[97;42m 200 [0m|   3.619834ms|   match|[97;44m GET     [0m /v1/item-images/23   r:/v1/item-images/:id
2024/03/21 11:55:13.248  [D] [router.go:955]  |            ::1|[97;42m 200 [0m|   3.922041ms|   match|[97;44m GET     [0m /v1/item-images/21   r:/v1/item-images/:id
2024/03/21 11:55:13.271  [D] [router.go:955]  |            ::1|[97;42m 200 [0m|  25.923416ms|   match|[97;44m GET     [0m /v1/item-images/27   r:/v1/item-images/:id
2024/03/21 11:55:13.272  [D] [router.go:955]  |            ::1|[97;42m 200 [0m|  26.615083ms|   match|[97;44m GET     [0m /v1/item-images/26   r:/v1/item-images/:id
2024/03/21 11:55:13.274  [D] [router.go:955]  |            ::1|[97;42m 200 [0m|  29.392833ms|   match|[97;44m GET     [0m /v1/item-images/28   r:/v1/item-images/:id
2024/03/21 11:55:13.275  [D] [router.go:955]  |            ::1|[97;42m 200 [0m|  29.330083ms|   match|[97;44m GET     [0m /v1/item-images/29   r:/v1/item-images/:id
2024/03/21 11:55:16.733  [D] [router.go:955]  |            ::1|[97;42m 200 [0m|   5.778708ms|   match|[97;44m GET     [0m /v1/item-images/23   r:/v1/item-images/:id
2024/03/21 11:55:16.734  [D] [router.go:955]  |            ::1|[97;42m 200 [0m|   6.990208ms|   match|[97;44m GET     [0m /v1/item-images/21   r:/v1/item-images/:id
2024/03/21 11:55:16.753  [D] [router.go:955]  |            ::1|[97;42m 200 [0m|  25.725333ms|   match|[97;44m GET     [0m /v1/item-images/26   r:/v1/item-images/:id
2024/03/21 11:55:16.758  [D] [router.go:955]  |            ::1|[97;42m 200 [0m|  29.698208ms|   match|[97;44m GET     [0m /v1/item-images/28   r:/v1/item-images/:id
2024/03/21 11:55:16.758  [D] [router.go:955]  |            ::1|[97;42m 200 [0m|  30.608417ms|   match|[97;44m GET     [0m /v1/item-images/27   r:/v1/item-images/:id
2024/03/21 11:55:16.758  [D] [router.go:955]  |            ::1|[97;42m 200 [0m|  30.548708ms|   match|[97;44m GET     [0m /v1/item-images/29   r:/v1/item-images/:id
2024/03/21 11:55:20.150  [D] [router.go:955]  |            ::1|[97;42m 200 [0m|    201.125µs| nomatch|[90;47m OPTIONS [0m /v1/items/29
2024/03/21 11:55:20.150  [D] [router.go:955]  |            ::1|[97;42m 200 [0m|     76.459µs| nomatch|[90;47m OPTIONS [0m /v1/items/quantity/29
2024/03/21 11:55:20.150  [D] [router.go:955]  |            ::1|[97;42m 200 [0m|    139.625µs| nomatch|[90;47m OPTIONS [0m /v1/item-images/29
2024/03/21 11:55:20.152  [C] [config.go:190]  the request url is  /v1/items/quantity/29
2024/03/21 11:55:20.152  [C] [config.go:191]  Handler crashed with error reflect: call of reflect.Value.Type on zero Value
2024/03/21 11:55:20.153  [C] [config.go:197]  /usr/local/go/src/runtime/panic.go:770
2024/03/21 11:55:20.153  [C] [config.go:197]  /usr/local/go/src/reflect/value.go:2699
2024/03/21 11:55:20.153  [C] [config.go:197]  /usr/local/go/src/reflect/value.go:2694
2024/03/21 11:55:20.153  [C] [config.go:197]  /Users/bedeabbe/go/pkg/mod/github.com/beego/beego/v2@v2.0.1/client/orm/db.go:968
2024/03/21 11:55:20.153  [C] [config.go:197]  /Users/bedeabbe/go/pkg/mod/github.com/beego/beego/v2@v2.0.1/client/orm/orm_queryset.go:251
2024/03/21 11:55:20.153  [C] [config.go:197]  /Users/bedeabbe/Desktop/projects/golang/ecommerce_item_processor/models/item_quantity.go:51
2024/03/21 11:55:20.154  [C] [config.go:197]  /Users/bedeabbe/Desktop/projects/golang/ecommerce_item_processor/controllers/items.go:140
2024/03/21 11:55:20.154  [C] [config.go:197]  /Users/bedeabbe/go/pkg/mod/github.com/beego/beego/v2@v2.0.1/server/web/controller.go:220
2024/03/21 11:55:20.154  [C] [config.go:197]  /Users/bedeabbe/go/pkg/mod/github.com/beego/beego/v2@v2.0.1/server/web/router.go:879
2024/03/21 11:55:20.154  [C] [config.go:197]  /Users/bedeabbe/go/pkg/mod/github.com/beego/beego/v2@v2.0.1/server/web/filter.go:81
2024/03/21 11:55:20.154  [C] [config.go:197]  /Users/bedeabbe/go/pkg/mod/github.com/beego/beego/v2@v2.0.1/server/web/router.go:664
2024/03/21 11:55:20.154  [C] [config.go:197]  /usr/local/go/src/net/http/server.go:3137
2024/03/21 11:55:20.154  [C] [config.go:197]  /usr/local/go/src/net/http/server.go:2039
2024/03/21 11:55:20.154  [C] [config.go:197]  /usr/local/go/src/runtime/asm_arm64.s:1222
