0001/01/01 00:00:00.000  [M] [log.go:268]  [HTTP] http: superfluous response.WriteHeader call from github.com/beego/beego/v2/server/web/context.(*Response).WriteHeader (context.go:230)
2024/03/21 11:57:57.618  [D] [router.go:955]  |            ::1|[97;42m 200 [0m|  39.501792ms|   match|[97;44m GET     [0m /v1/item-images/28   r:/v1/item-images/:id
2024/03/21 11:57:57.618  [D] [router.go:955]  |            ::1|[97;42m 200 [0m|  37.783875ms|   match|[97;44m GET     [0m /v1/items/28   r:/v1/items/:id
2024/03/21 11:57:57.687  [D] [router.go:955]  |            ::1|[97;42m 200 [0m|   4.611083ms|   match|[97;44m GET     [0m /uploads/SpicySpicyBrown.jpeg
2024/03/21 11:58:00.723  [D] [router.go:955]  |            ::1|[97;42m 200 [0m|    181.291µs| nomatch|[90;47m OPTIONS [0m /v1/items
2024/03/21 11:58:00.723  [D] [router.go:955]  |            ::1|[97;42m 200 [0m|    274.917µs| nomatch|[90;47m OPTIONS [0m /v1/categories
2024/03/21 11:58:00.731  [D] [router.go:955]  |            ::1|[97;42m 200 [0m|   5.545958ms|   match|[97;44m GET     [0m /v1/categories   r:/v1/categories/
2024/03/21 11:58:00.733  [D] [router.go:955]  |            ::1|[97;42m 200 [0m|   8.008833ms|   match|[97;44m GET     [0m /v1/items   r:/v1/items/
2024/03/21 11:58:00.785  [D] [router.go:955]  |            ::1|[97;42m 200 [0m|     61.917µs| nomatch|[90;47m OPTIONS [0m /v1/item-images/23
2024/03/21 11:58:00.785  [D] [router.go:955]  |            ::1|[97;42m 200 [0m|     78.083µs| nomatch|[90;47m OPTIONS [0m /v1/item-images/21
2024/03/21 11:58:00.785  [D] [router.go:955]  |            ::1|[97;42m 200 [0m|    113.125µs| nomatch|[90;47m OPTIONS [0m /v1/item-images/26
2024/03/21 11:58:00.786  [D] [router.go:955]  |            ::1|[97;42m 200 [0m|     21.458µs| nomatch|[90;47m OPTIONS [0m /v1/item-images/27
2024/03/21 11:58:00.786  [D] [router.go:955]  |            ::1|[97;42m 200 [0m|     69.042µs| nomatch|[90;47m OPTIONS [0m /v1/item-images/28
2024/03/21 11:58:00.789  [D] [router.go:955]  |            ::1|[97;42m 200 [0m|     15.959µs| nomatch|[90;47m OPTIONS [0m /v1/item-images/29
2024/03/21 11:58:00.793  [D] [router.go:955]  |            ::1|[97;42m 200 [0m|   4.772292ms|   match|[97;44m GET     [0m /v1/item-images/23   r:/v1/item-images/:id
2024/03/21 11:58:00.793  [D] [router.go:955]  |            ::1|[97;42m 200 [0m|   4.803875ms|   match|[97;44m GET     [0m /v1/item-images/26   r:/v1/item-images/:id
2024/03/21 11:58:00.797  [D] [router.go:955]  |            ::1|[97;42m 200 [0m|    3.11775ms|   match|[97;44m GET     [0m /v1/item-images/27   r:/v1/item-images/:id
2024/03/21 11:58:00.798  [D] [router.go:955]  |            ::1|[97;42m 200 [0m|   4.310833ms|   match|[97;44m GET     [0m /v1/item-images/29   r:/v1/item-images/:id
2024/03/21 11:58:00.805  [D] [router.go:955]  |            ::1|[97;42m 200 [0m|  16.455791ms|   match|[97;44m GET     [0m /v1/item-images/28   r:/v1/item-images/:id
2024/03/21 11:58:00.806  [D] [router.go:955]  |            ::1|[97;42m 200 [0m|  16.568833ms|   match|[97;44m GET     [0m /v1/item-images/21   r:/v1/item-images/:id
2024/03/21 11:58:03.448  [D] [router.go:955]  |            ::1|[97;42m 200 [0m|        252µs| nomatch|[90;47m OPTIONS [0m /v1/items/23
2024/03/21 11:58:03.448  [D] [router.go:955]  |            ::1|[97;42m 200 [0m|    110.041µs| nomatch|[90;47m OPTIONS [0m /v1/items/quantity/23
2024/03/21 11:58:03.450  [C] [config.go:190]  the request url is  /v1/items/quantity/23
2024/03/21 11:58:03.450  [C] [config.go:191]  Handler crashed with error reflect: call of reflect.Value.Type on zero Value
2024/03/21 11:58:03.450  [C] [config.go:197]  /usr/local/go/src/runtime/panic.go:770
2024/03/21 11:58:03.450  [C] [config.go:197]  /usr/local/go/src/reflect/value.go:2699
2024/03/21 11:58:03.450  [C] [config.go:197]  /usr/local/go/src/reflect/value.go:2694
2024/03/21 11:58:03.450  [C] [config.go:197]  /Users/bedeabbe/go/pkg/mod/github.com/beego/beego/v2@v2.0.1/client/orm/db.go:968
2024/03/21 11:58:03.450  [C] [config.go:197]  /Users/bedeabbe/go/pkg/mod/github.com/beego/beego/v2@v2.0.1/client/orm/orm_queryset.go:251
2024/03/21 11:58:03.450  [C] [config.go:197]  /Users/bedeabbe/Desktop/projects/golang/ecommerce_item_processor/models/item_quantity.go:51
2024/03/21 11:58:03.450  [C] [config.go:197]  /Users/bedeabbe/Desktop/projects/golang/ecommerce_item_processor/controllers/items.go:140
2024/03/21 11:58:03.450  [C] [config.go:197]  /Users/bedeabbe/go/pkg/mod/github.com/beego/beego/v2@v2.0.1/server/web/controller.go:220
2024/03/21 11:58:03.450  [C] [config.go:197]  /Users/bedeabbe/go/pkg/mod/github.com/beego/beego/v2@v2.0.1/server/web/router.go:879
2024/03/21 11:58:03.450  [C] [config.go:197]  /Users/bedeabbe/go/pkg/mod/github.com/beego/beego/v2@v2.0.1/server/web/filter.go:81
2024/03/21 11:58:03.450  [C] [config.go:197]  /Users/bedeabbe/go/pkg/mod/github.com/beego/beego/v2@v2.0.1/server/web/router.go:664
2024/03/21 11:58:03.450  [C] [config.go:197]  /usr/local/go/src/net/http/server.go:3137
2024/03/21 11:58:03.450  [C] [config.go:197]  /usr/local/go/src/net/http/server.go:2039
2024/03/21 11:58:03.450  [C] [config.go:197]  /usr/local/go/src/runtime/asm_arm64.s:1222
