0001/01/01 00:00:00.000  [M] [log.go:268]  [HTTP] http: superfluous response.WriteHeader call from github.com/beego/beego/v2/server/web/context.(*Response).WriteHeader (context.go:230)
2024/03/21 13:46:16.711  [D] [router.go:955]  |            ::1|[97;42m 200 [0m|   123.7075ms|   match|[97;44m GET     [0m /v1/items/21   r:/v1/items/:id
2024/03/21 13:46:16.736  [D] [router.go:955]  |            ::1|[97;42m 200 [0m| 148.243875ms|   match|[97;44m GET     [0m /v1/item-images/21   r:/v1/item-images/:id
2024/03/21 13:47:09.516  [D] [router.go:955]  |            ::1|[97;42m 200 [0m|   3.576417ms| nomatch|[90;47m OPTIONS [0m /v1/items/21
2024/03/21 13:47:09.515  [D] [router.go:955]  |            ::1|[97;42m 200 [0m|   3.576333ms| nomatch|[90;47m OPTIONS [0m /v1/item-images/21
2024/03/21 13:47:09.516  [D] [router.go:955]  |            ::1|[97;42m 200 [0m|   3.597459ms| nomatch|[90;47m OPTIONS [0m /v1/items/quantity/21
2024/03/21 13:47:09.527  [D] [items.go:140]  Item ID to get quantity is  21
2024/03/21 13:47:09.530  [I] [item_quantity.go:53]  About to go to the db to get quantity for  21
2024/03/21 13:47:09.536  [C] [config.go:190]  the request url is  /v1/items/quantity/21
2024/03/21 13:47:09.536  [C] [config.go:191]  Handler crashed with error reflect: call of reflect.Value.Type on zero Value
2024/03/21 13:47:09.537  [C] [config.go:197]  /usr/local/go/src/runtime/panic.go:770
2024/03/21 13:47:09.538  [C] [config.go:197]  /usr/local/go/src/reflect/value.go:2699
2024/03/21 13:47:09.538  [C] [config.go:197]  /usr/local/go/src/reflect/value.go:2694
2024/03/21 13:47:09.538  [C] [config.go:197]  /Users/bedeabbe/go/pkg/mod/github.com/beego/beego/v2@v2.0.1/client/orm/db.go:968
2024/03/21 13:47:09.539  [C] [config.go:197]  /Users/bedeabbe/go/pkg/mod/github.com/beego/beego/v2@v2.0.1/client/orm/orm_queryset.go:251
2024/03/21 13:47:09.539  [C] [config.go:197]  /Users/bedeabbe/Desktop/projects/golang/ecommerce_item_processor/models/item_quantity.go:54
2024/03/21 13:47:09.539  [C] [config.go:197]  /Users/bedeabbe/Desktop/projects/golang/ecommerce_item_processor/controllers/items.go:142
2024/03/21 13:47:09.539  [C] [config.go:197]  /Users/bedeabbe/go/pkg/mod/github.com/beego/beego/v2@v2.0.1/server/web/controller.go:220
2024/03/21 13:47:09.539  [C] [config.go:197]  /Users/bedeabbe/go/pkg/mod/github.com/beego/beego/v2@v2.0.1/server/web/router.go:879
2024/03/21 13:47:09.539  [C] [config.go:197]  /Users/bedeabbe/go/pkg/mod/github.com/beego/beego/v2@v2.0.1/server/web/filter.go:81
2024/03/21 13:47:09.539  [C] [config.go:197]  /Users/bedeabbe/go/pkg/mod/github.com/beego/beego/v2@v2.0.1/server/web/router.go:664
2024/03/21 13:47:09.540  [C] [config.go:197]  /usr/local/go/src/net/http/server.go:3137
2024/03/21 13:47:09.540  [C] [config.go:197]  /usr/local/go/src/net/http/server.go:2039
2024/03/21 13:47:09.541  [C] [config.go:197]  /usr/local/go/src/runtime/asm_arm64.s:1222
