0001/01/01 00:00:00.000  [M] [log.go:268]  [HTTP] http: superfluous response.WriteHeader call from github.com/beego/beego/v2/server/web/context.(*Response).WriteHeader (context.go:230)
2024/03/21 11:58:03.462  [D] [router.go:955]  |            ::1|[97;42m 200 [0m|  14.518542ms|   match|[97;44m GET     [0m /v1/item-images/23   r:/v1/item-images/:id
2024/03/21 11:58:03.463  [D] [router.go:955]  |            ::1|[97;42m 200 [0m|    14.0945ms|   match|[97;44m GET     [0m /v1/items/23   r:/v1/items/:id
2024/03/21 11:58:05.715  [D] [router.go:955]  |            ::1|[97;42m 200 [0m|   9.470917ms|   match|[97;44m GET     [0m /v1/categories   r:/v1/categories/
2024/03/21 11:58:05.716  [D] [router.go:955]  |            ::1|[97;42m 200 [0m|  10.187458ms|   match|[97;44m GET     [0m /v1/items   r:/v1/items/
2024/03/21 11:58:05.784  [D] [router.go:955]  |            ::1|[97;42m 200 [0m|   4.502417ms|   match|[97;44m GET     [0m /v1/item-images/28   r:/v1/item-images/:id
2024/03/21 11:58:05.784  [D] [router.go:955]  |            ::1|[97;42m 200 [0m|   4.847542ms|   match|[97;44m GET     [0m /v1/item-images/21   r:/v1/item-images/:id
2024/03/21 11:58:05.802  [D] [router.go:955]  |            ::1|[97;42m 200 [0m|  22.356167ms|   match|[97;44m GET     [0m /v1/item-images/29   r:/v1/item-images/:id
2024/03/21 11:58:05.802  [D] [router.go:955]  |            ::1|[97;42m 200 [0m|  22.623875ms|   match|[97;44m GET     [0m /v1/item-images/27   r:/v1/item-images/:id
2024/03/21 11:58:05.802  [D] [router.go:955]  |            ::1|[97;42m 200 [0m|  22.862625ms|   match|[97;44m GET     [0m /v1/item-images/23   r:/v1/item-images/:id
2024/03/21 11:58:05.802  [D] [router.go:955]  |            ::1|[97;42m 200 [0m|  22.869875ms|   match|[97;44m GET     [0m /v1/item-images/26   r:/v1/item-images/:id
2024/03/21 11:58:08.093  [D] [router.go:955]  |            ::1|[97;42m 200 [0m|    277.625µs| nomatch|[90;47m OPTIONS [0m /v1/items/21
2024/03/21 11:58:08.093  [D] [router.go:955]  |            ::1|[97;42m 200 [0m|    134.458µs| nomatch|[90;47m OPTIONS [0m /v1/items/quantity/21
2024/03/21 11:58:08.093  [D] [router.go:955]  |            ::1|[97;42m 200 [0m|    240.334µs| nomatch|[90;47m OPTIONS [0m /v1/item-images/21
2024/03/21 11:58:08.115  [C] [config.go:190]  the request url is  /v1/items/quantity/21
2024/03/21 11:58:08.116  [C] [config.go:191]  Handler crashed with error reflect: call of reflect.Value.Type on zero Value
2024/03/21 11:58:08.116  [C] [config.go:197]  /usr/local/go/src/runtime/panic.go:770
2024/03/21 11:58:08.116  [C] [config.go:197]  /usr/local/go/src/reflect/value.go:2699
2024/03/21 11:58:08.116  [C] [config.go:197]  /usr/local/go/src/reflect/value.go:2694
2024/03/21 11:58:08.116  [C] [config.go:197]  /Users/bedeabbe/go/pkg/mod/github.com/beego/beego/v2@v2.0.1/client/orm/db.go:968
2024/03/21 11:58:08.116  [C] [config.go:197]  /Users/bedeabbe/go/pkg/mod/github.com/beego/beego/v2@v2.0.1/client/orm/orm_queryset.go:251
2024/03/21 11:58:08.116  [C] [config.go:197]  /Users/bedeabbe/Desktop/projects/golang/ecommerce_item_processor/models/item_quantity.go:51
2024/03/21 11:58:08.116  [C] [config.go:197]  /Users/bedeabbe/Desktop/projects/golang/ecommerce_item_processor/controllers/items.go:140
2024/03/21 11:58:08.130  [C] [config.go:197]  /Users/bedeabbe/go/pkg/mod/github.com/beego/beego/v2@v2.0.1/server/web/controller.go:220
2024/03/21 11:58:08.130  [C] [config.go:197]  /Users/bedeabbe/go/pkg/mod/github.com/beego/beego/v2@v2.0.1/server/web/router.go:879
2024/03/21 11:58:08.130  [C] [config.go:197]  /Users/bedeabbe/go/pkg/mod/github.com/beego/beego/v2@v2.0.1/server/web/filter.go:81
2024/03/21 11:58:08.130  [C] [config.go:197]  /Users/bedeabbe/go/pkg/mod/github.com/beego/beego/v2@v2.0.1/server/web/router.go:664
2024/03/21 11:58:08.130  [C] [config.go:197]  /usr/local/go/src/net/http/server.go:3137
2024/03/21 11:58:08.130  [C] [config.go:197]  /usr/local/go/src/net/http/server.go:2039
2024/03/21 11:58:08.130  [C] [config.go:197]  /usr/local/go/src/runtime/asm_arm64.s:1222
