0001/01/01 00:00:00.000  [M] [log.go:268]  [HTTP] http: superfluous response.WriteHeader call from github.com/beego/beego/v2/server/web/context.(*Response).WriteHeader (context.go:230)
2024/03/21 11:53:58.382  [D] [router.go:955]  |            ::1|[97;42m 200 [0m|  19.747833ms|   match|[97;44m GET     [0m /v1/item-images/26   r:/v1/item-images/:id
2024/03/21 11:53:58.382  [D] [router.go:955]  |            ::1|[97;42m 200 [0m|   18.40125ms|   match|[97;44m GET     [0m /v1/items/26   r:/v1/items/:id
2024/03/21 11:54:33.683  [D] [router.go:955]  |            ::1|[97;42m 200 [0m|     95.208µs| nomatch|[90;47m OPTIONS [0m /v1/items
2024/03/21 11:54:33.683  [D] [router.go:955]  |            ::1|[97;42m 200 [0m|        203µs| nomatch|[90;47m OPTIONS [0m /v1/categories
2024/03/21 11:54:33.692  [D] [router.go:955]  |            ::1|[97;42m 200 [0m|    7.06375ms|   match|[97;44m GET     [0m /v1/categories   r:/v1/categories/
2024/03/21 11:54:33.696  [D] [router.go:955]  |            ::1|[97;42m 200 [0m|  11.102541ms|   match|[97;44m GET     [0m /v1/items   r:/v1/items/
2024/03/21 11:54:33.708  [D] [router.go:955]  |            ::1|[97;42m 200 [0m|    164.666µs| nomatch|[90;47m OPTIONS [0m /v1/item-images/21
2024/03/21 11:54:33.708  [D] [router.go:955]  |            ::1|[97;42m 200 [0m|      115.5µs| nomatch|[90;47m OPTIONS [0m /v1/item-images/26
2024/03/21 11:54:33.708  [D] [router.go:955]  |            ::1|[97;42m 200 [0m|    168.958µs| nomatch|[90;47m OPTIONS [0m /v1/item-images/23
2024/03/21 11:54:33.714  [D] [router.go:955]  |            ::1|[97;42m 200 [0m|   5.099041ms| nomatch|[90;47m OPTIONS [0m /v1/item-images/29
2024/03/21 11:54:33.714  [D] [router.go:955]  |            ::1|[97;42m 200 [0m|   5.669667ms| nomatch|[90;47m OPTIONS [0m /v1/item-images/28
2024/03/21 11:54:33.715  [D] [router.go:955]  |            ::1|[97;42m 200 [0m|     47.916µs| nomatch|[90;47m OPTIONS [0m /v1/item-images/27
2024/03/21 11:54:33.720  [D] [router.go:955]  |            ::1|[97;42m 200 [0m|   5.976458ms|   match|[97;44m GET     [0m /v1/item-images/21   r:/v1/item-images/:id
2024/03/21 11:54:33.721  [D] [router.go:955]  |            ::1|[97;42m 200 [0m|    5.95475ms|   match|[97;44m GET     [0m /v1/item-images/26   r:/v1/item-images/:id
2024/03/21 11:54:33.736  [D] [router.go:955]  |            ::1|[97;42m 200 [0m|  20.243208ms|   match|[97;44m GET     [0m /v1/item-images/28   r:/v1/item-images/:id
2024/03/21 11:54:33.736  [D] [router.go:955]  |            ::1|[97;42m 200 [0m|  20.195875ms|   match|[97;44m GET     [0m /v1/item-images/27   r:/v1/item-images/:id
2024/03/21 11:54:33.736  [D] [router.go:955]  |            ::1|[97;42m 200 [0m|  20.963125ms|   match|[97;44m GET     [0m /v1/item-images/23   r:/v1/item-images/:id
2024/03/21 11:54:33.736  [D] [router.go:955]  |            ::1|[97;42m 200 [0m|  20.970458ms|   match|[97;44m GET     [0m /v1/item-images/29   r:/v1/item-images/:id
2024/03/21 11:54:37.232  [D] [router.go:955]  |            ::1|[97;42m 200 [0m|   6.730083ms|   match|[97;44m GET     [0m /v1/item-images/21   r:/v1/item-images/:id
2024/03/21 11:54:37.232  [D] [router.go:955]  |            ::1|[97;42m 200 [0m|   6.801958ms|   match|[97;44m GET     [0m /v1/item-images/23   r:/v1/item-images/:id
2024/03/21 11:54:37.237  [D] [router.go:955]  |            ::1|[97;42m 200 [0m|  10.843375ms|   match|[97;44m GET     [0m /v1/item-images/28   r:/v1/item-images/:id
2024/03/21 11:54:37.239  [D] [router.go:955]  |            ::1|[97;42m 200 [0m|  13.000125ms|   match|[97;44m GET     [0m /v1/item-images/27   r:/v1/item-images/:id
2024/03/21 11:54:37.239  [D] [router.go:955]  |            ::1|[97;42m 200 [0m|  13.628459ms|   match|[97;44m GET     [0m /v1/item-images/26   r:/v1/item-images/:id
2024/03/21 11:54:37.241  [D] [router.go:955]  |            ::1|[97;42m 200 [0m|  15.505583ms|   match|[97;44m GET     [0m /v1/item-images/29   r:/v1/item-images/:id
2024/03/21 11:54:39.452  [D] [router.go:955]  |            ::1|[97;42m 200 [0m|    102.458µs| nomatch|[90;47m OPTIONS [0m /v1/item-images/23
2024/03/21 11:54:39.452  [D] [router.go:955]  |            ::1|[97;42m 200 [0m|     53.417µs| nomatch|[90;47m OPTIONS [0m /v1/item-images/29
2024/03/21 11:54:39.452  [D] [router.go:955]  |            ::1|[97;42m 200 [0m|     93.125µs| nomatch|[90;47m OPTIONS [0m /v1/item-images/27
2024/03/21 11:54:39.452  [D] [router.go:955]  |            ::1|[97;42m 200 [0m|    167.666µs| nomatch|[90;47m OPTIONS [0m /v1/item-images/26
2024/03/21 11:54:39.452  [D] [router.go:955]  |            ::1|[97;42m 200 [0m|    103.917µs| nomatch|[90;47m OPTIONS [0m /v1/item-images/28
2024/03/21 11:54:39.452  [D] [router.go:955]  |            ::1|[97;42m 200 [0m|    145.416µs| nomatch|[90;47m OPTIONS [0m /v1/item-images/21
2024/03/21 11:54:39.462  [D] [router.go:955]  |            ::1|[97;42m 200 [0m|    8.09525ms|   match|[97;44m GET     [0m /v1/item-images/23   r:/v1/item-images/:id
2024/03/21 11:54:39.462  [D] [router.go:955]  |            ::1|[97;42m 200 [0m|   6.184584ms|   match|[97;44m GET     [0m /v1/item-images/27   r:/v1/item-images/:id
2024/03/21 11:54:39.471  [D] [router.go:955]  |            ::1|[97;42m 200 [0m|  14.889083ms|   match|[97;44m GET     [0m /v1/item-images/26   r:/v1/item-images/:id
2024/03/21 11:54:39.471  [D] [router.go:955]  |            ::1|[97;42m 200 [0m|  14.593167ms|   match|[97;44m GET     [0m /v1/item-images/29   r:/v1/item-images/:id
2024/03/21 11:54:39.472  [D] [router.go:955]  |            ::1|[97;42m 200 [0m|  16.446583ms|   match|[97;44m GET     [0m /v1/item-images/21   r:/v1/item-images/:id
2024/03/21 11:54:39.473  [D] [router.go:955]  |            ::1|[97;42m 200 [0m|  16.474584ms|   match|[97;44m GET     [0m /v1/item-images/28   r:/v1/item-images/:id
2024/03/21 11:54:42.627  [D] [router.go:955]  |            ::1|[97;42m 200 [0m|    132.209µs| nomatch|[90;47m OPTIONS [0m /v1/items/quantity/29
2024/03/21 11:54:42.627  [D] [router.go:955]  |            ::1|[97;42m 200 [0m|    286.416µs| nomatch|[90;47m OPTIONS [0m /v1/items/29
2024/03/21 11:54:42.629  [C] [config.go:190]  the request url is  /v1/items/quantity/29
2024/03/21 11:54:42.629  [C] [config.go:191]  Handler crashed with error reflect: call of reflect.Value.Type on zero Value
2024/03/21 11:54:42.629  [C] [config.go:197]  /usr/local/go/src/runtime/panic.go:770
2024/03/21 11:54:42.630  [C] [config.go:197]  /usr/local/go/src/reflect/value.go:2699
2024/03/21 11:54:42.630  [C] [config.go:197]  /usr/local/go/src/reflect/value.go:2694
2024/03/21 11:54:42.630  [C] [config.go:197]  /Users/bedeabbe/go/pkg/mod/github.com/beego/beego/v2@v2.0.1/client/orm/db.go:968
2024/03/21 11:54:42.632  [C] [config.go:197]  /Users/bedeabbe/go/pkg/mod/github.com/beego/beego/v2@v2.0.1/client/orm/orm_queryset.go:251
2024/03/21 11:54:42.633  [C] [config.go:197]  /Users/bedeabbe/Desktop/projects/golang/ecommerce_item_processor/models/item_quantity.go:51
2024/03/21 11:54:42.633  [C] [config.go:197]  /Users/bedeabbe/Desktop/projects/golang/ecommerce_item_processor/controllers/items.go:140
2024/03/21 11:54:42.633  [C] [config.go:197]  /Users/bedeabbe/go/pkg/mod/github.com/beego/beego/v2@v2.0.1/server/web/controller.go:220
2024/03/21 11:54:42.633  [C] [config.go:197]  /Users/bedeabbe/go/pkg/mod/github.com/beego/beego/v2@v2.0.1/server/web/router.go:879
2024/03/21 11:54:42.634  [C] [config.go:197]  /Users/bedeabbe/go/pkg/mod/github.com/beego/beego/v2@v2.0.1/server/web/filter.go:81
2024/03/21 11:54:42.634  [C] [config.go:197]  /Users/bedeabbe/go/pkg/mod/github.com/beego/beego/v2@v2.0.1/server/web/router.go:664
2024/03/21 11:54:42.635  [C] [config.go:197]  /usr/local/go/src/net/http/server.go:3137
2024/03/21 11:54:42.635  [C] [config.go:197]  /usr/local/go/src/net/http/server.go:2039
2024/03/21 11:54:42.636  [C] [config.go:197]  /usr/local/go/src/runtime/asm_arm64.s:1222
